#
# A fatal error has been detected by the Java Runtime Environment:
#
#  EXCEPTION_ACCESS_VIOLATION (0xc0000005) at pc=0x00007ffff3f72657, pid=15124, tid=6276
#
# JRE version: OpenJDK Runtime Environment Corretto-21.0.2.13.1 (21.0.2+13) (build 21.0.2+13-LTS)
# Java VM: OpenJDK 64-Bit Server VM Corretto-21.0.2.13.1 (21.0.2+13-LTS, mixed mode, sharing, tiered, compressed oops, compressed class ptrs, g1 gc, windows-amd64)
# Problematic frame:
# V  [jvm.dll+0x142657]
#
# No core dump will be written. Minidumps are not enabled by default on client versions of Windows
#
# If you would like to submit a bug report, please visit:
#   https://github.com/corretto/corretto-21/issues/
#

---------------  S U M M A R Y ------------

Command Line: --add-opens=java.base/java.util=ALL-UNNAMED --add-opens=java.base/java.lang=ALL-UNNAMED --add-opens=java.base/java.lang.invoke=ALL-UNNAMED --add-opens=java.prefs/java.util.prefs=ALL-UNNAMED --add-opens=java.base/java.nio.charset=ALL-UNNAMED --add-opens=java.base/java.net=ALL-UNNAMED --add-opens=java.base/java.util.concurrent.atomic=ALL-UNNAMED -XX:MaxMetaspaceSize=384m -XX:+HeapDumpOnOutOfMemoryError -Xms256m -Xmx512m -Dfile.encoding=UTF-8 -Duser.country=US -Duser.language=en -Duser.variant -javaagent:C:\Users\kulas\.gradle\wrapper\dists\gradle-8.1.1-bin\9wiye5v2saajue4irfo8ybqfp\gradle-8.1.1\lib\agents\gradle-instrumentation-agent-8.1.1.jar org.gradle.launcher.daemon.bootstrap.GradleDaemon 8.1.1

Host: Intel(R) Core(TM) i5-10600K CPU @ 4.10GHz, 12 cores, 31G,  Windows 11 , 64 bit Build 22621 (10.0.22621.2428)
Time: Sat Apr 27 15:39:01 2024 Central Europe Daylight Time elapsed time: 1.569816 seconds (0d 0h 0m 1s)

---------------  T H R E A D  ---------------

Current thread (0x000001fc193b7000):  JavaThread "C2 CompilerThread1" daemon [_thread_in_native, id=6276, stack(0x000000e3ecd00000,0x000000e3ece00000) (1024K)]


Current CompileTask:
C2:   1569 2604   !   4       java.net.URLClassLoader::findClass (47 bytes)

Stack: [0x000000e3ecd00000,0x000000e3ece00000],  sp=0x000000e3ecdfce40,  free space=1011k
Native frames: (J=compiled Java code, j=interpreted, Vv=VM code, C=native code)
V  [jvm.dll+0x142657]
V  [jvm.dll+0x1412f7]
V  [jvm.dll+0x24d5e7]
V  [jvm.dll+0x24c981]
V  [jvm.dll+0x1cbb54]
V  [jvm.dll+0x25bf99]
V  [jvm.dll+0x25a58b]
V  [jvm.dll+0x3f6106]
V  [jvm.dll+0x8586f8]
V  [jvm.dll+0x6d303d]
C  [ucrtbase.dll+0x29363]
C  [KERNEL32.DLL+0x1257d]
C  [ntdll.dll+0x5aa78]


siginfo: EXCEPTION_ACCESS_VIOLATION (0xc0000005), reading address 0xffffffffffffffff


Registers:
RAX=0x00007ffff4063850, RBX=0xcc2860ff48018b48, RCX=0x00007ffff41bb4db, RDX=0x00007ffff3e30000
RSP=0x000000e3ecdfce40, RBP=0x0000000000000064, RSI=0x0000000000000128, RDI=0x0000000000000002
R8 =0x000001fc1efaf400, R9 =0x000001fc193ba4f0, R10=0x0000000000000040, R11=0x0000000000000246
R12=0x000001fc1a203f98, R13=0x000000e3ecdfcf30, R14=0x000001fc1d74b088, R15=0x0000000000000000
RIP=0x00007ffff3f72657, EFLAGS=0x0000000000010282


Register to memory mapping:

RAX=0x00007ffff4063850 jvm.dll
RBX=0xcc2860ff48018b48 is an unknown value
RCX=0x00007ffff41bb4db jvm.dll
RDX=0x00007ffff3e30000 jvm.dll
RSP=0x000000e3ecdfce40 is pointing into the stack for thread: 0x000001fc193b7000
RBP=0x0000000000000064 is an unknown value
RSI=0x0000000000000128 is an unknown value
RDI=0x0000000000000002 is an unknown value
R8 =0x000001fc1efaf400 points into unknown readable memory: 0x0000000000000000 | 00 00 00 00 00 00 00 00
R9 =0x000001fc193ba4f0 points into unknown readable memory: 0x0000000000000007 | 07 00 00 00 00 00 00 00
R10=0x0000000000000040 is an unknown value
R11=0x0000000000000246 is an unknown value
R12=0x000001fc1a203f98 points into unknown readable memory: 0x000001fc000003f8 | f8 03 00 00 fc 01 00 00
R13=0x000000e3ecdfcf30 is pointing into the stack for thread: 0x000001fc193b7000
R14=0x000001fc1d74b088 points into unknown readable memory: 0x00007ffff481f858 | 58 f8 81 f4 ff 7f 00 00
R15=0x0 is null

Top of Stack: (sp=0x000000e3ecdfce40)
0x000000e3ecdfce40:   000001fc1e8a8800 0000000000000064
0x000000e3ecdfce50:   0000000000000128 0000000000000002
0x000000e3ecdfce60:   0000000000000000 0000000000000000
0x000000e3ecdfce70:   0000000000000000 0000000000000000
0x000000e3ecdfce80:   000001fc1efaad60 00000000000006d2
0x000000e3ecdfce90:   000001fc1efb2d48 000001fc1efabd70
0x000000e3ecdfcea0:   000001fc1e8a8828 00007ffff3f712f7
0x000000e3ecdfceb0:   000001fc00000128 0000000000001b48
0x000000e3ecdfcec0:   000001fc193ba4f0 000000e3ecdfcf30
0x000000e3ecdfced0:   00007ffff4843fb0 0000000000000020
0x000000e3ecdfcee0:   000001fc7b75b590 0000000000000000
0x000000e3ecdfcef0:   000001fc7b78a820 00007ffff407d5e7
0x000000e3ecdfcf00:   0000000000273110 000000e3ecdfe580
0x000000e3ecdfcf10:   000000e3ecdfd000 000001fc7b78a7b0
0x000000e3ecdfcf20:   0000000000000000 0000000000000000
0x000000e3ecdfcf30:   0000000000000008 000000e3ecdfe580
0x000000e3ecdfcf40:   000000e3ecdfcff0 000001fc1e8a8800
0x000000e3ecdfcf50:   000001fc1efabd70 000001fc1efaf400
0x000000e3ecdfcf60:   000001fc1e8a5170 000001fc1e8a8828
0x000000e3ecdfcf70:   0000000000000000 00007ffff4843fa0
0x000000e3ecdfcf80:   0000000000000000 0000000000000000
0x000000e3ecdfcf90:   0000000000000000 0000000000000000
0x000000e3ecdfcfa0:   0000000000000000 0000000000000000
0x000000e3ecdfcfb0:   0000000000000000 00007ffff4843fb0
0x000000e3ecdfcfc0:   0000000000000000 0000000000000000
0x000000e3ecdfcfd0:   0000000000000000 00007ffff4843fb0
0x000000e3ecdfcfe0:   0000000000000000 0000000000000000
0x000000e3ecdfcff0:   0000000000000007 000000e3ecdfe580
0x000000e3ecdfd000:   000001fc1b0d6c48 000001fc1eb610b8
0x000000e3ecdfd010:   0000000000000800 000001fc193ba4f0
0x000000e3ecdfd020:   000001fc1ebeec40 00000000000006d1
0x000000e3ecdfd030:   00000000000006d1 000000e3ecdfe800 

Instructions: (pc=0x00007ffff3f72657)
0x00007ffff3f72557:   00 49 8b 4e 40 48 8b 19 80 bb 88 00 00 00 00 74
0x00007ffff3f72567:   27 83 7b 18 00 76 09 48 8b 43 20 48 8b 08 eb 02
0x00007ffff3f72577:   33 c9 83 79 18 01 75 10 48 8b 43 40 48 8b 18 80
0x00007ffff3f72587:   bb 88 00 00 00 00 75 d9 83 7b 18 00 76 09 48 8b
0x00007ffff3f72597:   43 20 48 8b 08 eb 02 33 c9 83 79 18 01 75 67 49
0x00007ffff3f725a7:   8b 44 24 20 ff c6 89 74 24 70 8b 48 4c 49 8b 44
0x00007ffff3f725b7:   24 08 48 89 1c c8 49 8b ce 44 8b 43 4c 49 8b 44
0x00007ffff3f725c7:   24 20 49 8b 54 24 10 4a 89 04 c2 49 89 5c 24 20
0x00007ffff3f725d7:   49 8b 45 38 44 8b 43 4c 48 8b 50 08 41 8b 04 24
0x00007ffff3f725e7:   42 89 04 82 8b 53 4c 49 8b 45 20 48 c7 04 d0 00
0x00007ffff3f725f7:   00 00 00 e8 51 77 24 00 8b f8 4c 8b f3 83 f8 01
0x00007ffff3f72607:   0f 84 39 ff ff ff 85 ff 0f 8e b6 01 00 00 45 33
0x00007ffff3f72617:   ff 45 39 7e 48 0f 86 a9 01 00 00 41 8b d7 49 8b
0x00007ffff3f72627:   ce e8 d3 8d 24 00 84 c0 0f 84 85 01 00 00 49 8b
0x00007ffff3f72637:   46 40 4a 8b 1c f8 80 bb 88 00 00 00 00 74 1a 66
0x00007ffff3f72647:   66 0f 1f 84 00 00 00 00 00 48 8b 43 40 48 8b 18
0x00007ffff3f72657:   80 bb 88 00 00 00 00 75 f0 41 8b d7 49 8b ce e8
0x00007ffff3f72667:   c5 8f 24 00 f2 41 0f 10 4e 08 0f 57 d2 f3 0f 5a
0x00007ffff3f72677:   d0 33 d2 8d 4a 28 f2 0f 59 ca 66 0f 5a f1 0f 28
0x00007ffff3f72687:   c6 f3 0f 59 c7 0f 5a d0 0f 28 ca f2 41 0f 5e 4e
0x00007ffff3f72697:   08 f2 0f 5e 53 08 f2 0f 2c e9 f2 0f 2c fa e8 b6
0x00007ffff3f726a7:   74 5e 00 48 8b f0 48 85 c0 74 41 0f 5a c6 4c 89
0x00007ffff3f726b7:   30 48 89 58 08 c7 40 18 00 00 00 00 89 68 20 89
0x00007ffff3f726c7:   78 24 48 63 cd f2 0f 11 40 10 48 8b 15 78 a5 ae
0x00007ffff3f726d7:   00 48 3b ca 7c 0f 48 63 c7 48 3b c2 7c 07 32 c0
0x00007ffff3f726e7:   88 46 1c eb 09 b0 01 88 46 1c eb 02 33 f6 49 8b
0x00007ffff3f726f7:   5d 18 8b 0b 3b 4b 04 0f 85 a6 00 00 00 8d 41 01
0x00007ffff3f72707:   85 c0 7e 04 85 c8 74 0c 0f bd c8 b8 01 00 00 00
0x00007ffff3f72717:   ff c1 d3 e0 4c 8b 43 10 ba 08 00 00 00 89 43 04
0x00007ffff3f72727:   8b c8 4d 85 c0 75 07 e8 bd 21 26 00 eb 15 41 f6
0x00007ffff3f72737:   c0 01 74 0a 49 d1 e8 e8 8d 21 26 00 eb 05 e8 46
0x00007ffff3f72747:   21 26 00 33 d2 48 8b f8 39 13 7e 25 45 33 c0 66 


Stack slot to memory mapping:

stack at sp + 0 slots: 0x000001fc1e8a8800 points into unknown readable memory: 0x00000200000001a3 | a3 01 00 00 00 02 00 00
stack at sp + 1 slots: 0x0000000000000064 is an unknown value
stack at sp + 2 slots: 0x0000000000000128 is an unknown value
stack at sp + 3 slots: 0x0000000000000002 is an unknown value
stack at sp + 4 slots: 0x0 is null
stack at sp + 5 slots: 0x0 is null
stack at sp + 6 slots: 0x0 is null
stack at sp + 7 slots: 0x0 is null


---------------  P R O C E S S  ---------------

Threads class SMR info:
_java_thread_list=0x000001fc1b094080, length=28, elements={
0x000001fc5e2a3a20, 0x000001fc7b77bac0, 0x000001fc7b7808f0, 0x000001fc7b7831d0,
0x000001fc7b784e40, 0x000001fc7b788280, 0x000001fc7b789480, 0x000001fc7b796ed0,
0x000001fc7b798a60, 0x000001fc19208930, 0x000001fc192bd680, 0x000001fc193b7000,
0x000001fc19ccc200, 0x000001fc1a8bf4e0, 0x000001fc1a46a220, 0x000001fc1a9185c0,
0x000001fc1af62430, 0x000001fc1a847170, 0x000001fc1ad7a2b0, 0x000001fc1ad7b130,
0x000001fc1a95ca00, 0x000001fc1a95afc0, 0x000001fc1a95b650, 0x000001fc1a95bce0,
0x000001fc1a95c370, 0x000001fc1a959580, 0x000001fc1a95a2a0, 0x000001fc1a95a930
}

Java Threads: ( => current thread )
  0x000001fc5e2a3a20 JavaThread "main"                              [_thread_blocked, id=4796, stack(0x000000e3ebb00000,0x000000e3ebc00000) (1024K)]
  0x000001fc7b77bac0 JavaThread "Reference Handler"          daemon [_thread_blocked, id=7252, stack(0x000000e3ec300000,0x000000e3ec400000) (1024K)]
  0x000001fc7b7808f0 JavaThread "Finalizer"                  daemon [_thread_blocked, id=8140, stack(0x000000e3ec400000,0x000000e3ec500000) (1024K)]
  0x000001fc7b7831d0 JavaThread "Signal Dispatcher"          daemon [_thread_blocked, id=7004, stack(0x000000e3ec500000,0x000000e3ec600000) (1024K)]
  0x000001fc7b784e40 JavaThread "Attach Listener"            daemon [_thread_blocked, id=7384, stack(0x000000e3ec600000,0x000000e3ec700000) (1024K)]
  0x000001fc7b788280 JavaThread "Service Thread"             daemon [_thread_blocked, id=7112, stack(0x000000e3ec700000,0x000000e3ec800000) (1024K)]
  0x000001fc7b789480 JavaThread "Monitor Deflation Thread"   daemon [_thread_blocked, id=14820, stack(0x000000e3ec800000,0x000000e3ec900000) (1024K)]
  0x000001fc7b796ed0 JavaThread "C2 CompilerThread0"         daemon [_thread_blocked, id=2492, stack(0x000000e3ec900000,0x000000e3eca00000) (1024K)]
  0x000001fc7b798a60 JavaThread "C1 CompilerThread0"         daemon [_thread_blocked, id=860, stack(0x000000e3eca00000,0x000000e3ecb00000) (1024K)]
  0x000001fc19208930 JavaThread "Common-Cleaner"             daemon [_thread_blocked, id=7804, stack(0x000000e3ecb00000,0x000000e3ecc00000) (1024K)]
  0x000001fc192bd680 JavaThread "Notification Thread"        daemon [_thread_blocked, id=2728, stack(0x000000e3ecc00000,0x000000e3ecd00000) (1024K)]
=>0x000001fc193b7000 JavaThread "C2 CompilerThread1"         daemon [_thread_in_native, id=6276, stack(0x000000e3ecd00000,0x000000e3ece00000) (1024K)]
  0x000001fc19ccc200 JavaThread "C2 CompilerThread2"         daemon [_thread_blocked, id=4624, stack(0x000000e3ed300000,0x000000e3ed400000) (1024K)]
  0x000001fc1a8bf4e0 JavaThread "Daemon health stats"               [_thread_blocked, id=2860, stack(0x000000e3ed400000,0x000000e3ed500000) (1024K)]
  0x000001fc1a46a220 JavaThread "Incoming local TCP Connector on port 49865"        [_thread_in_native, id=5544, stack(0x000000e3ed500000,0x000000e3ed600000) (1024K)]
  0x000001fc1a9185c0 JavaThread "Daemon periodic checks"            [_thread_blocked, id=7548, stack(0x000000e3ed600000,0x000000e3ed700000) (1024K)]
  0x000001fc1af62430 JavaThread "Daemon"                            [_thread_blocked, id=5680, stack(0x000000e3ed700000,0x000000e3ed800000) (1024K)]
  0x000001fc1a847170 JavaThread "Handler for socket connection from /127.0.0.1:49865 to /127.0.0.1:49866"        [_thread_in_native, id=10016, stack(0x000000e3ed800000,0x000000e3ed900000) (1024K)]
  0x000001fc1ad7a2b0 JavaThread "Cancel handler"                    [_thread_blocked, id=7068, stack(0x000000e3ed900000,0x000000e3eda00000) (1024K)]
  0x000001fc1ad7b130 JavaThread "Daemon worker"                     [_thread_blocked, id=7444, stack(0x000000e3eda00000,0x000000e3edb00000) (1024K)]
  0x000001fc1a95ca00 JavaThread "Asynchronous log dispatcher for DefaultDaemonConnection: socket connection from /127.0.0.1:49865 to /127.0.0.1:49866"        [_thread_blocked, id=7732, stack(0x000000e3edb00000,0x000000e3edc00000) (1024K)]
  0x000001fc1a95afc0 JavaThread "Stdin handler"                     [_thread_blocked, id=6864, stack(0x000000e3edc00000,0x000000e3edd00000) (1024K)]
  0x000001fc1a95b650 JavaThread "Daemon client event forwarder"        [_thread_blocked, id=3956, stack(0x000000e3edd00000,0x000000e3ede00000) (1024K)]
  0x000001fc1a95bce0 JavaThread "Cache worker for journal cache (C:\Users\kulas\.gradle\caches\journal-1)"        [_thread_blocked, id=5980, stack(0x000000e3ede00000,0x000000e3edf00000) (1024K)]
  0x000001fc1a95c370 JavaThread "File lock request listener"        [_thread_in_native, id=14504, stack(0x000000e3edf00000,0x000000e3ee000000) (1024K)]
  0x000001fc1a959580 JavaThread "Cache worker for file hash cache (C:\Users\kulas\.gradle\caches\8.1.1\fileHashes)"        [_thread_blocked, id=2452, stack(0x000000e3ee000000,0x000000e3ee100000) (1024K)]
  0x000001fc1a95a2a0 JavaThread "File watcher server"        daemon [_thread_in_native, id=7448, stack(0x000000e3ee100000,0x000000e3ee200000) (1024K)]
  0x000001fc1a95a930 JavaThread "File watcher consumer"      daemon [_thread_blocked, id=14948, stack(0x000000e3ee200000,0x000000e3ee300000) (1024K)]
Total: 28

Other Threads:
  0x000001fc7b761fe0 VMThread "VM Thread"                           [id=7472, stack(0x000000e3ec200000,0x000000e3ec300000) (1024K)]
  0x000001fc7b749200 WatcherThread "VM Periodic Task Thread"        [id=7320, stack(0x000000e3ec100000,0x000000e3ec200000) (1024K)]
  0x000001fc604ffc30 WorkerThread "GC Thread#0"                     [id=5092, stack(0x000000e3ebc00000,0x000000e3ebd00000) (1024K)]
  0x000001fc19d0e850 WorkerThread "GC Thread#1"                     [id=14904, stack(0x000000e3ece00000,0x000000e3ecf00000) (1024K)]
  0x000001fc19bdcc00 WorkerThread "GC Thread#2"                     [id=6968, stack(0x000000e3ecf00000,0x000000e3ed000000) (1024K)]
  0x000001fc1a007950 WorkerThread "GC Thread#3"                     [id=1936, stack(0x000000e3ed000000,0x000000e3ed100000) (1024K)]
  0x000001fc19b78200 WorkerThread "GC Thread#4"                     [id=1420, stack(0x000000e3ed100000,0x000000e3ed200000) (1024K)]
  0x000001fc19b78970 WorkerThread "GC Thread#5"                     [id=10632, stack(0x000000e3ed200000,0x000000e3ed300000) (1024K)]
  0x000001fc1b06d7d0 WorkerThread "GC Thread#6"                     [id=14960, stack(0x000000e3ee300000,0x000000e3ee400000) (1024K)]
  0x000001fc1b06db70 WorkerThread "GC Thread#7"                     [id=5752, stack(0x000000e3ee400000,0x000000e3ee500000) (1024K)]
  0x000001fc1b06df10 WorkerThread "GC Thread#8"                     [id=5844, stack(0x000000e3ee500000,0x000000e3ee600000) (1024K)]
  0x000001fc1b06e2b0 WorkerThread "GC Thread#9"                     [id=4216, stack(0x000000e3ee600000,0x000000e3ee700000) (1024K)]
  0x000001fc605060e0 ConcurrentGCThread "G1 Main Marker"            [id=5408, stack(0x000000e3ebd00000,0x000000e3ebe00000) (1024K)]
  0x000001fc60507290 WorkerThread "G1 Conc#0"                       [id=2404, stack(0x000000e3ebe00000,0x000000e3ebf00000) (1024K)]
  0x000001fc7b61e550 ConcurrentGCThread "G1 Refine#0"               [id=960, stack(0x000000e3ebf00000,0x000000e3ec000000) (1024K)]
  0x000001fc7b61eed0 ConcurrentGCThread "G1 Service"                [id=7480, stack(0x000000e3ec000000,0x000000e3ec100000) (1024K)]
Total: 16

Threads with active compile tasks:
C2 CompilerThread1     1600 2604   !   4       java.net.URLClassLoader::findClass (47 bytes)
Total: 1

VM state: at safepoint (normal execution)

VM Mutex/Monitor currently owned by a thread:  ([mutex/lock_event])
[0x00007ffff4ae0138] Threads_lock - owner thread: 0x000001fc7b761fe0
[0x00007ffff4ae0238] Heap_lock - owner thread: 0x000001fc1ad7b130

Heap address: 0x00000000e0000000, size: 512 MB, Compressed Oops mode: 32-bit

CDS archive(s) mapped at: [0x000001fc00000000-0x000001fc00c90000-0x000001fc00c90000), size 13172736, SharedBaseAddress: 0x000001fc00000000, ArchiveRelocationMode: 1.
Compressed class space mapped at: 0x000001fc01000000-0x000001fc15000000, reserved size: 335544320
Narrow klass base: 0x000001fc00000000, Narrow klass shift: 0, Narrow klass range: 0x100000000

GC Precious Log:
 CardTable entry size: 512
 Card Set container configuration: InlinePtr #cards 5 size 8 Array Of Cards #cards 12 size 40 Howl #buckets 4 coarsen threshold 1843 Howl Bitmap #cards 512 size 80 coarsen threshold 460 Card regions per heap region 1 cards per card region 2048
 CPUs: 12 total, 12 available
 Memory: 32648M
 Large Page Support: Disabled
 NUMA Support: Disabled
 Compressed Oops: Enabled (32-bit)
 Heap Region Size: 1M
 Heap Min Capacity: 256M
 Heap Initial Capacity: 256M
 Heap Max Capacity: 512M
 Pre-touch: Disabled
 Parallel Workers: 10
 Concurrent Workers: 3
 Concurrent Refinement Workers: 10
 Periodic GC: Disabled

Heap:
 garbage-first heap   total 262144K, used 113329K [0x00000000e0000000, 0x0000000100000000)
  region size 1024K, 104 young (106496K), 7 survivors (7168K)
 Metaspace       used 20807K, committed 21504K, reserved 393216K
  class space    used 3041K, committed 3392K, reserved 327680K

Heap Regions: E=young(eden), S=young(survivor), O=old, HS=humongous(starts), HC=humongous(continues), CS=collection set, F=free, TAMS=top-at-mark-start, PB=parsable bottom
|   0|0x00000000e0000000, 0x00000000e0100000, 0x00000000e0100000|100%|HS|  |TAMS 0x00000000e0100000| PB 0x00000000e0000000| Complete 
|   1|0x00000000e0100000, 0x00000000e0200000, 0x00000000e0200000|100%|HC|  |TAMS 0x00000000e0200000| PB 0x00000000e0100000| Complete 
|   2|0x00000000e0200000, 0x00000000e0300000, 0x00000000e0300000|100%|HC|  |TAMS 0x00000000e0300000| PB 0x00000000e0200000| Complete 
|   3|0x00000000e0300000, 0x00000000e0400000, 0x00000000e0400000|100%|HC|  |TAMS 0x00000000e0400000| PB 0x00000000e0300000| Complete 
|   4|0x00000000e0400000, 0x00000000e0500000, 0x00000000e0500000|100%| O|  |TAMS 0x00000000e0500000| PB 0x00000000e0400000| Untracked 
|   5|0x00000000e0500000, 0x00000000e0600000, 0x00000000e0600000|100%| O|  |TAMS 0x00000000e0600000| PB 0x00000000e0500000| Untracked 
|   6|0x00000000e0600000, 0x00000000e0700000, 0x00000000e0700000|100%| O|  |TAMS 0x00000000e0700000| PB 0x00000000e0600000| Untracked 
|   7|0x00000000e0700000, 0x00000000e0700000, 0x00000000e0800000|  0%| F|  |TAMS 0x00000000e0700000| PB 0x00000000e0700000| Untracked 
|   8|0x00000000e0800000, 0x00000000e0900000, 0x00000000e0900000|100%| O|  |TAMS 0x00000000e0900000| PB 0x00000000e0800000| Untracked 
|   9|0x00000000e0900000, 0x00000000e0a00000, 0x00000000e0a00000|100%| O|  |TAMS 0x00000000e0a00000| PB 0x00000000e0900000| Untracked 
|  10|0x00000000e0a00000, 0x00000000e0b00000, 0x00000000e0b00000|100%| O|  |TAMS 0x00000000e0b00000| PB 0x00000000e0a00000| Untracked 
|  11|0x00000000e0b00000, 0x00000000e0b2be48, 0x00000000e0c00000| 17%| O|  |TAMS 0x00000000e0b2be48| PB 0x00000000e0b00000| Untracked 
|  12|0x00000000e0c00000, 0x00000000e0c00000, 0x00000000e0d00000|  0%| F|  |TAMS 0x00000000e0c00000| PB 0x00000000e0c00000| Untracked 
|  13|0x00000000e0d00000, 0x00000000e0d00000, 0x00000000e0e00000|  0%| F|  |TAMS 0x00000000e0d00000| PB 0x00000000e0d00000| Untracked 
|  14|0x00000000e0e00000, 0x00000000e0e00000, 0x00000000e0f00000|  0%| F|  |TAMS 0x00000000e0e00000| PB 0x00000000e0e00000| Untracked 
|  15|0x00000000e0f00000, 0x00000000e0f00000, 0x00000000e1000000|  0%| F|  |TAMS 0x00000000e0f00000| PB 0x00000000e0f00000| Untracked 
|  16|0x00000000e1000000, 0x00000000e1000000, 0x00000000e1100000|  0%| F|  |TAMS 0x00000000e1000000| PB 0x00000000e1000000| Untracked 
|  17|0x00000000e1100000, 0x00000000e1100000, 0x00000000e1200000|  0%| F|  |TAMS 0x00000000e1100000| PB 0x00000000e1100000| Untracked 
|  18|0x00000000e1200000, 0x00000000e1200000, 0x00000000e1300000|  0%| F|  |TAMS 0x00000000e1200000| PB 0x00000000e1200000| Untracked 
|  19|0x00000000e1300000, 0x00000000e1300000, 0x00000000e1400000|  0%| F|  |TAMS 0x00000000e1300000| PB 0x00000000e1300000| Untracked 
|  20|0x00000000e1400000, 0x00000000e1400000, 0x00000000e1500000|  0%| F|  |TAMS 0x00000000e1400000| PB 0x00000000e1400000| Untracked 
|  21|0x00000000e1500000, 0x00000000e1500000, 0x00000000e1600000|  0%| F|  |TAMS 0x00000000e1500000| PB 0x00000000e1500000| Untracked 
|  22|0x00000000e1600000, 0x00000000e1600000, 0x00000000e1700000|  0%| F|  |TAMS 0x00000000e1600000| PB 0x00000000e1600000| Untracked 
|  23|0x00000000e1700000, 0x00000000e1700000, 0x00000000e1800000|  0%| F|  |TAMS 0x00000000e1700000| PB 0x00000000e1700000| Untracked 
|  24|0x00000000e1800000, 0x00000000e1800000, 0x00000000e1900000|  0%| F|  |TAMS 0x00000000e1800000| PB 0x00000000e1800000| Untracked 
|  25|0x00000000e1900000, 0x00000000e1900000, 0x00000000e1a00000|  0%| F|  |TAMS 0x00000000e1900000| PB 0x00000000e1900000| Untracked 
|  26|0x00000000e1a00000, 0x00000000e1a00000, 0x00000000e1b00000|  0%| F|  |TAMS 0x00000000e1a00000| PB 0x00000000e1a00000| Untracked 
|  27|0x00000000e1b00000, 0x00000000e1b00000, 0x00000000e1c00000|  0%| F|  |TAMS 0x00000000e1b00000| PB 0x00000000e1b00000| Untracked 
|  28|0x00000000e1c00000, 0x00000000e1c00000, 0x00000000e1d00000|  0%| F|  |TAMS 0x00000000e1c00000| PB 0x00000000e1c00000| Untracked 
|  29|0x00000000e1d00000, 0x00000000e1d00000, 0x00000000e1e00000|  0%| F|  |TAMS 0x00000000e1d00000| PB 0x00000000e1d00000| Untracked 
|  30|0x00000000e1e00000, 0x00000000e1e00000, 0x00000000e1f00000|  0%| F|  |TAMS 0x00000000e1e00000| PB 0x00000000e1e00000| Untracked 
|  31|0x00000000e1f00000, 0x00000000e1f00000, 0x00000000e2000000|  0%| F|  |TAMS 0x00000000e1f00000| PB 0x00000000e1f00000| Untracked 
|  32|0x00000000e2000000, 0x00000000e2000000, 0x00000000e2100000|  0%| F|  |TAMS 0x00000000e2000000| PB 0x00000000e2000000| Untracked 
|  33|0x00000000e2100000, 0x00000000e2100000, 0x00000000e2200000|  0%| F|  |TAMS 0x00000000e2100000| PB 0x00000000e2100000| Untracked 
|  34|0x00000000e2200000, 0x00000000e2200000, 0x00000000e2300000|  0%| F|  |TAMS 0x00000000e2200000| PB 0x00000000e2200000| Untracked 
|  35|0x00000000e2300000, 0x00000000e2300000, 0x00000000e2400000|  0%| F|  |TAMS 0x00000000e2300000| PB 0x00000000e2300000| Untracked 
|  36|0x00000000e2400000, 0x00000000e2400000, 0x00000000e2500000|  0%| F|  |TAMS 0x00000000e2400000| PB 0x00000000e2400000| Untracked 
|  37|0x00000000e2500000, 0x00000000e2500000, 0x00000000e2600000|  0%| F|  |TAMS 0x00000000e2500000| PB 0x00000000e2500000| Untracked 
|  38|0x00000000e2600000, 0x00000000e2600000, 0x00000000e2700000|  0%| F|  |TAMS 0x00000000e2600000| PB 0x00000000e2600000| Untracked 
|  39|0x00000000e2700000, 0x00000000e2700000, 0x00000000e2800000|  0%| F|  |TAMS 0x00000000e2700000| PB 0x00000000e2700000| Untracked 
|  40|0x00000000e2800000, 0x00000000e2800000, 0x00000000e2900000|  0%| F|  |TAMS 0x00000000e2800000| PB 0x00000000e2800000| Untracked 
|  41|0x00000000e2900000, 0x00000000e2900000, 0x00000000e2a00000|  0%| F|  |TAMS 0x00000000e2900000| PB 0x00000000e2900000| Untracked 
|  42|0x00000000e2a00000, 0x00000000e2a00000, 0x00000000e2b00000|  0%| F|  |TAMS 0x00000000e2a00000| PB 0x00000000e2a00000| Untracked 
|  43|0x00000000e2b00000, 0x00000000e2b00000, 0x00000000e2c00000|  0%| F|  |TAMS 0x00000000e2b00000| PB 0x00000000e2b00000| Untracked 
|  44|0x00000000e2c00000, 0x00000000e2c00000, 0x00000000e2d00000|  0%| F|  |TAMS 0x00000000e2c00000| PB 0x00000000e2c00000| Untracked 
|  45|0x00000000e2d00000, 0x00000000e2d00000, 0x00000000e2e00000|  0%| F|  |TAMS 0x00000000e2d00000| PB 0x00000000e2d00000| Untracked 
|  46|0x00000000e2e00000, 0x00000000e2e00000, 0x00000000e2f00000|  0%| F|  |TAMS 0x00000000e2e00000| PB 0x00000000e2e00000| Untracked 
|  47|0x00000000e2f00000, 0x00000000e2f00000, 0x00000000e3000000|  0%| F|  |TAMS 0x00000000e2f00000| PB 0x00000000e2f00000| Untracked 
|  48|0x00000000e3000000, 0x00000000e3000000, 0x00000000e3100000|  0%| F|  |TAMS 0x00000000e3000000| PB 0x00000000e3000000| Untracked 
|  49|0x00000000e3100000, 0x00000000e3100000, 0x00000000e3200000|  0%| F|  |TAMS 0x00000000e3100000| PB 0x00000000e3100000| Untracked 
|  50|0x00000000e3200000, 0x00000000e3200000, 0x00000000e3300000|  0%| F|  |TAMS 0x00000000e3200000| PB 0x00000000e3200000| Untracked 
|  51|0x00000000e3300000, 0x00000000e3300000, 0x00000000e3400000|  0%| F|  |TAMS 0x00000000e3300000| PB 0x00000000e3300000| Untracked 
|  52|0x00000000e3400000, 0x00000000e3400000, 0x00000000e3500000|  0%| F|  |TAMS 0x00000000e3400000| PB 0x00000000e3400000| Untracked 
|  53|0x00000000e3500000, 0x00000000e3500000, 0x00000000e3600000|  0%| F|  |TAMS 0x00000000e3500000| PB 0x00000000e3500000| Untracked 
|  54|0x00000000e3600000, 0x00000000e3600000, 0x00000000e3700000|  0%| F|  |TAMS 0x00000000e3600000| PB 0x00000000e3600000| Untracked 
|  55|0x00000000e3700000, 0x00000000e3700000, 0x00000000e3800000|  0%| F|  |TAMS 0x00000000e3700000| PB 0x00000000e3700000| Untracked 
|  56|0x00000000e3800000, 0x00000000e3800000, 0x00000000e3900000|  0%| F|  |TAMS 0x00000000e3800000| PB 0x00000000e3800000| Untracked 
|  57|0x00000000e3900000, 0x00000000e3900000, 0x00000000e3a00000|  0%| F|  |TAMS 0x00000000e3900000| PB 0x00000000e3900000| Untracked 
|  58|0x00000000e3a00000, 0x00000000e3a00000, 0x00000000e3b00000|  0%| F|  |TAMS 0x00000000e3a00000| PB 0x00000000e3a00000| Untracked 
|  59|0x00000000e3b00000, 0x00000000e3b00000, 0x00000000e3c00000|  0%| F|  |TAMS 0x00000000e3b00000| PB 0x00000000e3b00000| Untracked 
|  60|0x00000000e3c00000, 0x00000000e3c00000, 0x00000000e3d00000|  0%| F|  |TAMS 0x00000000e3c00000| PB 0x00000000e3c00000| Untracked 
|  61|0x00000000e3d00000, 0x00000000e3d00000, 0x00000000e3e00000|  0%| F|  |TAMS 0x00000000e3d00000| PB 0x00000000e3d00000| Untracked 
|  62|0x00000000e3e00000, 0x00000000e3e00000, 0x00000000e3f00000|  0%| F|  |TAMS 0x00000000e3e00000| PB 0x00000000e3e00000| Untracked 
|  63|0x00000000e3f00000, 0x00000000e3f00000, 0x00000000e4000000|  0%| F|  |TAMS 0x00000000e3f00000| PB 0x00000000e3f00000| Untracked 
|  64|0x00000000e4000000, 0x00000000e4000000, 0x00000000e4100000|  0%| F|  |TAMS 0x00000000e4000000| PB 0x00000000e4000000| Untracked 
|  65|0x00000000e4100000, 0x00000000e4100000, 0x00000000e4200000|  0%| F|  |TAMS 0x00000000e4100000| PB 0x00000000e4100000| Untracked 
|  66|0x00000000e4200000, 0x00000000e4200000, 0x00000000e4300000|  0%| F|  |TAMS 0x00000000e4200000| PB 0x00000000e4200000| Untracked 
|  67|0x00000000e4300000, 0x00000000e4300000, 0x00000000e4400000|  0%| F|  |TAMS 0x00000000e4300000| PB 0x00000000e4300000| Untracked 
|  68|0x00000000e4400000, 0x00000000e4400000, 0x00000000e4500000|  0%| F|  |TAMS 0x00000000e4400000| PB 0x00000000e4400000| Untracked 
|  69|0x00000000e4500000, 0x00000000e4500000, 0x00000000e4600000|  0%| F|  |TAMS 0x00000000e4500000| PB 0x00000000e4500000| Untracked 
|  70|0x00000000e4600000, 0x00000000e4600000, 0x00000000e4700000|  0%| F|  |TAMS 0x00000000e4600000| PB 0x00000000e4600000| Untracked 
|  71|0x00000000e4700000, 0x00000000e4700000, 0x00000000e4800000|  0%| F|  |TAMS 0x00000000e4700000| PB 0x00000000e4700000| Untracked 
|  72|0x00000000e4800000, 0x00000000e4800000, 0x00000000e4900000|  0%| F|  |TAMS 0x00000000e4800000| PB 0x00000000e4800000| Untracked 
|  73|0x00000000e4900000, 0x00000000e4900000, 0x00000000e4a00000|  0%| F|  |TAMS 0x00000000e4900000| PB 0x00000000e4900000| Untracked 
|  74|0x00000000e4a00000, 0x00000000e4a00000, 0x00000000e4b00000|  0%| F|  |TAMS 0x00000000e4a00000| PB 0x00000000e4a00000| Untracked 
|  75|0x00000000e4b00000, 0x00000000e4b00000, 0x00000000e4c00000|  0%| F|  |TAMS 0x00000000e4b00000| PB 0x00000000e4b00000| Untracked 
|  76|0x00000000e4c00000, 0x00000000e4c00000, 0x00000000e4d00000|  0%| F|  |TAMS 0x00000000e4c00000| PB 0x00000000e4c00000| Untracked 
|  77|0x00000000e4d00000, 0x00000000e4d00000, 0x00000000e4e00000|  0%| F|  |TAMS 0x00000000e4d00000| PB 0x00000000e4d00000| Untracked 
|  78|0x00000000e4e00000, 0x00000000e4e00000, 0x00000000e4f00000|  0%| F|  |TAMS 0x00000000e4e00000| PB 0x00000000e4e00000| Untracked 
|  79|0x00000000e4f00000, 0x00000000e4f00000, 0x00000000e5000000|  0%| F|  |TAMS 0x00000000e4f00000| PB 0x00000000e4f00000| Untracked 
|  80|0x00000000e5000000, 0x00000000e5000000, 0x00000000e5100000|  0%| F|  |TAMS 0x00000000e5000000| PB 0x00000000e5000000| Untracked 
|  81|0x00000000e5100000, 0x00000000e5100000, 0x00000000e5200000|  0%| F|  |TAMS 0x00000000e5100000| PB 0x00000000e5100000| Untracked 
|  82|0x00000000e5200000, 0x00000000e5200000, 0x00000000e5300000|  0%| F|  |TAMS 0x00000000e5200000| PB 0x00000000e5200000| Untracked 
|  83|0x00000000e5300000, 0x00000000e5300000, 0x00000000e5400000|  0%| F|  |TAMS 0x00000000e5300000| PB 0x00000000e5300000| Untracked 
|  84|0x00000000e5400000, 0x00000000e5400000, 0x00000000e5500000|  0%| F|  |TAMS 0x00000000e5400000| PB 0x00000000e5400000| Untracked 
|  85|0x00000000e5500000, 0x00000000e5500000, 0x00000000e5600000|  0%| F|  |TAMS 0x00000000e5500000| PB 0x00000000e5500000| Untracked 
|  86|0x00000000e5600000, 0x00000000e5600000, 0x00000000e5700000|  0%| F|  |TAMS 0x00000000e5600000| PB 0x00000000e5600000| Untracked 
|  87|0x00000000e5700000, 0x00000000e5700000, 0x00000000e5800000|  0%| F|  |TAMS 0x00000000e5700000| PB 0x00000000e5700000| Untracked 
|  88|0x00000000e5800000, 0x00000000e5800000, 0x00000000e5900000|  0%| F|  |TAMS 0x00000000e5800000| PB 0x00000000e5800000| Untracked 
|  89|0x00000000e5900000, 0x00000000e5900000, 0x00000000e5a00000|  0%| F|  |TAMS 0x00000000e5900000| PB 0x00000000e5900000| Untracked 
|  90|0x00000000e5a00000, 0x00000000e5a00000, 0x00000000e5b00000|  0%| F|  |TAMS 0x00000000e5a00000| PB 0x00000000e5a00000| Untracked 
|  91|0x00000000e5b00000, 0x00000000e5b00000, 0x00000000e5c00000|  0%| F|  |TAMS 0x00000000e5b00000| PB 0x00000000e5b00000| Untracked 
|  92|0x00000000e5c00000, 0x00000000e5c00000, 0x00000000e5d00000|  0%| F|  |TAMS 0x00000000e5c00000| PB 0x00000000e5c00000| Untracked 
|  93|0x00000000e5d00000, 0x00000000e5d00000, 0x00000000e5e00000|  0%| F|  |TAMS 0x00000000e5d00000| PB 0x00000000e5d00000| Untracked 
|  94|0x00000000e5e00000, 0x00000000e5e00000, 0x00000000e5f00000|  0%| F|  |TAMS 0x00000000e5e00000| PB 0x00000000e5e00000| Untracked 
|  95|0x00000000e5f00000, 0x00000000e5f00000, 0x00000000e6000000|  0%| F|  |TAMS 0x00000000e5f00000| PB 0x00000000e5f00000| Untracked 
|  96|0x00000000e6000000, 0x00000000e6000000, 0x00000000e6100000|  0%| F|  |TAMS 0x00000000e6000000| PB 0x00000000e6000000| Untracked 
|  97|0x00000000e6100000, 0x00000000e6100000, 0x00000000e6200000|  0%| F|  |TAMS 0x00000000e6100000| PB 0x00000000e6100000| Untracked 
|  98|0x00000000e6200000, 0x00000000e6200000, 0x00000000e6300000|  0%| F|  |TAMS 0x00000000e6200000| PB 0x00000000e6200000| Untracked 
|  99|0x00000000e6300000, 0x00000000e6300000, 0x00000000e6400000|  0%| F|  |TAMS 0x00000000e6300000| PB 0x00000000e6300000| Untracked 
| 100|0x00000000e6400000, 0x00000000e6400000, 0x00000000e6500000|  0%| F|  |TAMS 0x00000000e6400000| PB 0x00000000e6400000| Untracked 
| 101|0x00000000e6500000, 0x00000000e6500000, 0x00000000e6600000|  0%| F|  |TAMS 0x00000000e6500000| PB 0x00000000e6500000| Untracked 
| 102|0x00000000e6600000, 0x00000000e6600000, 0x00000000e6700000|  0%| F|  |TAMS 0x00000000e6600000| PB 0x00000000e6600000| Untracked 
| 103|0x00000000e6700000, 0x00000000e6700000, 0x00000000e6800000|  0%| F|  |TAMS 0x00000000e6700000| PB 0x00000000e6700000| Untracked 
| 104|0x00000000e6800000, 0x00000000e6800000, 0x00000000e6900000|  0%| F|  |TAMS 0x00000000e6800000| PB 0x00000000e6800000| Untracked 
| 105|0x00000000e6900000, 0x00000000e6900000, 0x00000000e6a00000|  0%| F|  |TAMS 0x00000000e6900000| PB 0x00000000e6900000| Untracked 
| 106|0x00000000e6a00000, 0x00000000e6a00000, 0x00000000e6b00000|  0%| F|  |TAMS 0x00000000e6a00000| PB 0x00000000e6a00000| Untracked 
| 107|0x00000000e6b00000, 0x00000000e6b00000, 0x00000000e6c00000|  0%| F|  |TAMS 0x00000000e6b00000| PB 0x00000000e6b00000| Untracked 
| 108|0x00000000e6c00000, 0x00000000e6c00000, 0x00000000e6d00000|  0%| F|  |TAMS 0x00000000e6c00000| PB 0x00000000e6c00000| Untracked 
| 109|0x00000000e6d00000, 0x00000000e6d00000, 0x00000000e6e00000|  0%| F|  |TAMS 0x00000000e6d00000| PB 0x00000000e6d00000| Untracked 
| 110|0x00000000e6e00000, 0x00000000e6e00000, 0x00000000e6f00000|  0%| F|  |TAMS 0x00000000e6e00000| PB 0x00000000e6e00000| Untracked 
| 111|0x00000000e6f00000, 0x00000000e6f00000, 0x00000000e7000000|  0%| F|  |TAMS 0x00000000e6f00000| PB 0x00000000e6f00000| Untracked 
| 112|0x00000000e7000000, 0x00000000e7000000, 0x00000000e7100000|  0%| F|  |TAMS 0x00000000e7000000| PB 0x00000000e7000000| Untracked 
| 113|0x00000000e7100000, 0x00000000e7100000, 0x00000000e7200000|  0%| F|  |TAMS 0x00000000e7100000| PB 0x00000000e7100000| Untracked 
| 114|0x00000000e7200000, 0x00000000e7200000, 0x00000000e7300000|  0%| F|  |TAMS 0x00000000e7200000| PB 0x00000000e7200000| Untracked 
| 115|0x00000000e7300000, 0x00000000e7300000, 0x00000000e7400000|  0%| F|  |TAMS 0x00000000e7300000| PB 0x00000000e7300000| Untracked 
| 116|0x00000000e7400000, 0x00000000e7400000, 0x00000000e7500000|  0%| F|  |TAMS 0x00000000e7400000| PB 0x00000000e7400000| Untracked 
| 117|0x00000000e7500000, 0x00000000e7500000, 0x00000000e7600000|  0%| F|  |TAMS 0x00000000e7500000| PB 0x00000000e7500000| Untracked 
| 118|0x00000000e7600000, 0x00000000e7600000, 0x00000000e7700000|  0%| F|  |TAMS 0x00000000e7600000| PB 0x00000000e7600000| Untracked 
| 119|0x00000000e7700000, 0x00000000e7700000, 0x00000000e7800000|  0%| F|  |TAMS 0x00000000e7700000| PB 0x00000000e7700000| Untracked 
| 120|0x00000000e7800000, 0x00000000e7800000, 0x00000000e7900000|  0%| F|  |TAMS 0x00000000e7800000| PB 0x00000000e7800000| Untracked 
| 121|0x00000000e7900000, 0x00000000e7900000, 0x00000000e7a00000|  0%| F|  |TAMS 0x00000000e7900000| PB 0x00000000e7900000| Untracked 
| 122|0x00000000e7a00000, 0x00000000e7a00000, 0x00000000e7b00000|  0%| F|  |TAMS 0x00000000e7a00000| PB 0x00000000e7a00000| Untracked 
| 123|0x00000000e7b00000, 0x00000000e7b00000, 0x00000000e7c00000|  0%| F|  |TAMS 0x00000000e7b00000| PB 0x00000000e7b00000| Untracked 
| 124|0x00000000e7c00000, 0x00000000e7c00000, 0x00000000e7d00000|  0%| F|  |TAMS 0x00000000e7c00000| PB 0x00000000e7c00000| Untracked 
| 125|0x00000000e7d00000, 0x00000000e7d00000, 0x00000000e7e00000|  0%| F|  |TAMS 0x00000000e7d00000| PB 0x00000000e7d00000| Untracked 
| 126|0x00000000e7e00000, 0x00000000e7e00000, 0x00000000e7f00000|  0%| F|  |TAMS 0x00000000e7e00000| PB 0x00000000e7e00000| Untracked 
| 127|0x00000000e7f00000, 0x00000000e7f00000, 0x00000000e8000000|  0%| F|  |TAMS 0x00000000e7f00000| PB 0x00000000e7f00000| Untracked 
| 128|0x00000000e8000000, 0x00000000e8000000, 0x00000000e8100000|  0%| F|  |TAMS 0x00000000e8000000| PB 0x00000000e8000000| Untracked 
| 129|0x00000000e8100000, 0x00000000e8100000, 0x00000000e8200000|  0%| F|  |TAMS 0x00000000e8100000| PB 0x00000000e8100000| Untracked 
| 130|0x00000000e8200000, 0x00000000e8200000, 0x00000000e8300000|  0%| F|  |TAMS 0x00000000e8200000| PB 0x00000000e8200000| Untracked 
| 131|0x00000000e8300000, 0x00000000e8300000, 0x00000000e8400000|  0%| F|  |TAMS 0x00000000e8300000| PB 0x00000000e8300000| Untracked 
| 132|0x00000000e8400000, 0x00000000e8400000, 0x00000000e8500000|  0%| F|  |TAMS 0x00000000e8400000| PB 0x00000000e8400000| Untracked 
| 133|0x00000000e8500000, 0x00000000e8500000, 0x00000000e8600000|  0%| F|  |TAMS 0x00000000e8500000| PB 0x00000000e8500000| Untracked 
| 134|0x00000000e8600000, 0x00000000e8600000, 0x00000000e8700000|  0%| F|  |TAMS 0x00000000e8600000| PB 0x00000000e8600000| Untracked 
| 135|0x00000000e8700000, 0x00000000e8700000, 0x00000000e8800000|  0%| F|  |TAMS 0x00000000e8700000| PB 0x00000000e8700000| Untracked 
| 136|0x00000000e8800000, 0x00000000e8800000, 0x00000000e8900000|  0%| F|  |TAMS 0x00000000e8800000| PB 0x00000000e8800000| Untracked 
| 137|0x00000000e8900000, 0x00000000e8900000, 0x00000000e8a00000|  0%| F|  |TAMS 0x00000000e8900000| PB 0x00000000e8900000| Untracked 
| 138|0x00000000e8a00000, 0x00000000e8a00000, 0x00000000e8b00000|  0%| F|  |TAMS 0x00000000e8a00000| PB 0x00000000e8a00000| Untracked 
| 139|0x00000000e8b00000, 0x00000000e8b00000, 0x00000000e8c00000|  0%| F|  |TAMS 0x00000000e8b00000| PB 0x00000000e8b00000| Untracked 
| 140|0x00000000e8c00000, 0x00000000e8c00000, 0x00000000e8d00000|  0%| F|  |TAMS 0x00000000e8c00000| PB 0x00000000e8c00000| Untracked 
| 141|0x00000000e8d00000, 0x00000000e8d00000, 0x00000000e8e00000|  0%| F|  |TAMS 0x00000000e8d00000| PB 0x00000000e8d00000| Untracked 
| 142|0x00000000e8e00000, 0x00000000e8e00000, 0x00000000e8f00000|  0%| F|  |TAMS 0x00000000e8e00000| PB 0x00000000e8e00000| Untracked 
| 143|0x00000000e8f00000, 0x00000000e8fcbcd0, 0x00000000e9000000| 79%| S|CS|TAMS 0x00000000e8f00000| PB 0x00000000e8f00000| Complete 
| 144|0x00000000e9000000, 0x00000000e9100000, 0x00000000e9100000|100%| S|CS|TAMS 0x00000000e9000000| PB 0x00000000e9000000| Complete 
| 145|0x00000000e9100000, 0x00000000e9200000, 0x00000000e9200000|100%| S|CS|TAMS 0x00000000e9100000| PB 0x00000000e9100000| Complete 
| 146|0x00000000e9200000, 0x00000000e9300000, 0x00000000e9300000|100%| S|CS|TAMS 0x00000000e9200000| PB 0x00000000e9200000| Complete 
| 147|0x00000000e9300000, 0x00000000e9400000, 0x00000000e9400000|100%| S|CS|TAMS 0x00000000e9300000| PB 0x00000000e9300000| Complete 
| 148|0x00000000e9400000, 0x00000000e9500000, 0x00000000e9500000|100%| S|CS|TAMS 0x00000000e9400000| PB 0x00000000e9400000| Complete 
| 149|0x00000000e9500000, 0x00000000e9600000, 0x00000000e9600000|100%| S|CS|TAMS 0x00000000e9500000| PB 0x00000000e9500000| Complete 
| 150|0x00000000e9600000, 0x00000000e9700000, 0x00000000e9700000|100%| S|CS|TAMS 0x00000000e9600000| PB 0x00000000e9600000| Complete 
| 151|0x00000000e9700000, 0x00000000e9800000, 0x00000000e9800000|100%| S|CS|TAMS 0x00000000e9700000| PB 0x00000000e9700000| Complete 
| 152|0x00000000e9800000, 0x00000000e9900000, 0x00000000e9900000|100%| S|CS|TAMS 0x00000000e9800000| PB 0x00000000e9800000| Complete 
| 153|0x00000000e9900000, 0x00000000e9a00000, 0x00000000e9a00000|100%| S|CS|TAMS 0x00000000e9900000| PB 0x00000000e9900000| Complete 
| 154|0x00000000e9a00000, 0x00000000e9b00000, 0x00000000e9b00000|100%| S|CS|TAMS 0x00000000e9a00000| PB 0x00000000e9a00000| Complete 
| 155|0x00000000e9b00000, 0x00000000e9b00000, 0x00000000e9c00000|  0%| F|  |TAMS 0x00000000e9b00000| PB 0x00000000e9b00000| Untracked 
| 156|0x00000000e9c00000, 0x00000000e9c00000, 0x00000000e9d00000|  0%| F|  |TAMS 0x00000000e9c00000| PB 0x00000000e9c00000| Untracked 
| 157|0x00000000e9d00000, 0x00000000e9d00000, 0x00000000e9e00000|  0%| F|  |TAMS 0x00000000e9d00000| PB 0x00000000e9d00000| Untracked 
| 158|0x00000000e9e00000, 0x00000000e9e00000, 0x00000000e9f00000|  0%| F|  |TAMS 0x00000000e9e00000| PB 0x00000000e9e00000| Untracked 
| 159|0x00000000e9f00000, 0x00000000e9f00000, 0x00000000ea000000|  0%| F|  |TAMS 0x00000000e9f00000| PB 0x00000000e9f00000| Untracked 
| 160|0x00000000ea000000, 0x00000000ea000000, 0x00000000ea100000|  0%| F|  |TAMS 0x00000000ea000000| PB 0x00000000ea000000| Untracked 
| 161|0x00000000ea100000, 0x00000000ea100000, 0x00000000ea200000|  0%| F|  |TAMS 0x00000000ea100000| PB 0x00000000ea100000| Untracked 
| 162|0x00000000ea200000, 0x00000000ea200000, 0x00000000ea300000|  0%| F|  |TAMS 0x00000000ea200000| PB 0x00000000ea200000| Untracked 
| 163|0x00000000ea300000, 0x00000000ea300000, 0x00000000ea400000|  0%| F|  |TAMS 0x00000000ea300000| PB 0x00000000ea300000| Untracked 
| 164|0x00000000ea400000, 0x00000000ea400000, 0x00000000ea500000|  0%| F|  |TAMS 0x00000000ea400000| PB 0x00000000ea400000| Untracked 
| 165|0x00000000ea500000, 0x00000000ea500000, 0x00000000ea600000|  0%| F|  |TAMS 0x00000000ea500000| PB 0x00000000ea500000| Untracked 
| 166|0x00000000ea600000, 0x00000000ea600000, 0x00000000ea700000|  0%| F|  |TAMS 0x00000000ea600000| PB 0x00000000ea600000| Untracked 
| 167|0x00000000ea700000, 0x00000000ea700000, 0x00000000ea800000|  0%| F|  |TAMS 0x00000000ea700000| PB 0x00000000ea700000| Untracked 
| 168|0x00000000ea800000, 0x00000000ea800000, 0x00000000ea900000|  0%| F|  |TAMS 0x00000000ea800000| PB 0x00000000ea800000| Untracked 
| 169|0x00000000ea900000, 0x00000000ea900000, 0x00000000eaa00000|  0%| F|  |TAMS 0x00000000ea900000| PB 0x00000000ea900000| Untracked 
| 170|0x00000000eaa00000, 0x00000000eaa00000, 0x00000000eab00000|  0%| F|  |TAMS 0x00000000eaa00000| PB 0x00000000eaa00000| Untracked 
| 171|0x00000000eab00000, 0x00000000eab00000, 0x00000000eac00000|  0%| F|  |TAMS 0x00000000eab00000| PB 0x00000000eab00000| Untracked 
| 172|0x00000000eac00000, 0x00000000eac00000, 0x00000000ead00000|  0%| F|  |TAMS 0x00000000eac00000| PB 0x00000000eac00000| Untracked 
| 173|0x00000000ead00000, 0x00000000ead00000, 0x00000000eae00000|  0%| F|  |TAMS 0x00000000ead00000| PB 0x00000000ead00000| Untracked 
| 174|0x00000000eae00000, 0x00000000eae00000, 0x00000000eaf00000|  0%| F|  |TAMS 0x00000000eae00000| PB 0x00000000eae00000| Untracked 
| 175|0x00000000eaf00000, 0x00000000eaf00000, 0x00000000eb000000|  0%| F|  |TAMS 0x00000000eaf00000| PB 0x00000000eaf00000| Untracked 
| 176|0x00000000eb000000, 0x00000000eb000000, 0x00000000eb100000|  0%| F|  |TAMS 0x00000000eb000000| PB 0x00000000eb000000| Untracked 
| 177|0x00000000eb100000, 0x00000000eb100000, 0x00000000eb200000|  0%| F|  |TAMS 0x00000000eb100000| PB 0x00000000eb100000| Untracked 
| 178|0x00000000eb200000, 0x00000000eb200000, 0x00000000eb300000|  0%| F|  |TAMS 0x00000000eb200000| PB 0x00000000eb200000| Untracked 
| 179|0x00000000eb300000, 0x00000000eb300000, 0x00000000eb400000|  0%| F|  |TAMS 0x00000000eb300000| PB 0x00000000eb300000| Untracked 
| 180|0x00000000eb400000, 0x00000000eb400000, 0x00000000eb500000|  0%| F|  |TAMS 0x00000000eb400000| PB 0x00000000eb400000| Untracked 
| 181|0x00000000eb500000, 0x00000000eb500000, 0x00000000eb600000|  0%| F|  |TAMS 0x00000000eb500000| PB 0x00000000eb500000| Untracked 
| 182|0x00000000eb600000, 0x00000000eb600000, 0x00000000eb700000|  0%| F|  |TAMS 0x00000000eb600000| PB 0x00000000eb600000| Untracked 
| 183|0x00000000eb700000, 0x00000000eb700000, 0x00000000eb800000|  0%| F|  |TAMS 0x00000000eb700000| PB 0x00000000eb700000| Untracked 
| 184|0x00000000eb800000, 0x00000000eb800000, 0x00000000eb900000|  0%| F|  |TAMS 0x00000000eb800000| PB 0x00000000eb800000| Untracked 
| 185|0x00000000eb900000, 0x00000000eb900000, 0x00000000eba00000|  0%| F|  |TAMS 0x00000000eb900000| PB 0x00000000eb900000| Untracked 
| 186|0x00000000eba00000, 0x00000000eba00000, 0x00000000ebb00000|  0%| F|  |TAMS 0x00000000eba00000| PB 0x00000000eba00000| Untracked 
| 187|0x00000000ebb00000, 0x00000000ebb00000, 0x00000000ebc00000|  0%| F|  |TAMS 0x00000000ebb00000| PB 0x00000000ebb00000| Untracked 
| 188|0x00000000ebc00000, 0x00000000ebc00000, 0x00000000ebd00000|  0%| F|  |TAMS 0x00000000ebc00000| PB 0x00000000ebc00000| Untracked 
| 189|0x00000000ebd00000, 0x00000000ebd00000, 0x00000000ebe00000|  0%| F|  |TAMS 0x00000000ebd00000| PB 0x00000000ebd00000| Untracked 
| 190|0x00000000ebe00000, 0x00000000ebe00000, 0x00000000ebf00000|  0%| F|  |TAMS 0x00000000ebe00000| PB 0x00000000ebe00000| Untracked 
| 191|0x00000000ebf00000, 0x00000000ebf00000, 0x00000000ec000000|  0%| F|  |TAMS 0x00000000ebf00000| PB 0x00000000ebf00000| Untracked 
| 192|0x00000000ec000000, 0x00000000ec000000, 0x00000000ec100000|  0%| F|  |TAMS 0x00000000ec000000| PB 0x00000000ec000000| Untracked 
| 193|0x00000000ec100000, 0x00000000ec100000, 0x00000000ec200000|  0%| F|  |TAMS 0x00000000ec100000| PB 0x00000000ec100000| Untracked 
| 194|0x00000000ec200000, 0x00000000ec200000, 0x00000000ec300000|  0%| F|  |TAMS 0x00000000ec200000| PB 0x00000000ec200000| Untracked 
| 195|0x00000000ec300000, 0x00000000ec300000, 0x00000000ec400000|  0%| F|  |TAMS 0x00000000ec300000| PB 0x00000000ec300000| Untracked 
| 196|0x00000000ec400000, 0x00000000ec400000, 0x00000000ec500000|  0%| F|  |TAMS 0x00000000ec400000| PB 0x00000000ec400000| Untracked 
| 197|0x00000000ec500000, 0x00000000ec500000, 0x00000000ec600000|  0%| F|  |TAMS 0x00000000ec500000| PB 0x00000000ec500000| Untracked 
| 198|0x00000000ec600000, 0x00000000ec600000, 0x00000000ec700000|  0%| F|  |TAMS 0x00000000ec600000| PB 0x00000000ec600000| Untracked 
| 199|0x00000000ec700000, 0x00000000ec700000, 0x00000000ec800000|  0%| F|  |TAMS 0x00000000ec700000| PB 0x00000000ec700000| Untracked 
| 200|0x00000000ec800000, 0x00000000ec800000, 0x00000000ec900000|  0%| F|  |TAMS 0x00000000ec800000| PB 0x00000000ec800000| Untracked 
| 201|0x00000000ec900000, 0x00000000ec900000, 0x00000000eca00000|  0%| F|  |TAMS 0x00000000ec900000| PB 0x00000000ec900000| Untracked 
| 202|0x00000000eca00000, 0x00000000eca00000, 0x00000000ecb00000|  0%| F|  |TAMS 0x00000000eca00000| PB 0x00000000eca00000| Untracked 
| 203|0x00000000ecb00000, 0x00000000ecb00000, 0x00000000ecc00000|  0%| F|  |TAMS 0x00000000ecb00000| PB 0x00000000ecb00000| Untracked 
| 204|0x00000000ecc00000, 0x00000000ecc00000, 0x00000000ecd00000|  0%| F|  |TAMS 0x00000000ecc00000| PB 0x00000000ecc00000| Untracked 
| 205|0x00000000ecd00000, 0x00000000ecd00000, 0x00000000ece00000|  0%| F|  |TAMS 0x00000000ecd00000| PB 0x00000000ecd00000| Untracked 
| 206|0x00000000ece00000, 0x00000000ece00000, 0x00000000ecf00000|  0%| F|  |TAMS 0x00000000ece00000| PB 0x00000000ece00000| Untracked 
| 207|0x00000000ecf00000, 0x00000000ecf00000, 0x00000000ed000000|  0%| F|  |TAMS 0x00000000ecf00000| PB 0x00000000ecf00000| Untracked 
| 208|0x00000000ed000000, 0x00000000ed000000, 0x00000000ed100000|  0%| F|  |TAMS 0x00000000ed000000| PB 0x00000000ed000000| Untracked 
| 209|0x00000000ed100000, 0x00000000ed100000, 0x00000000ed200000|  0%| F|  |TAMS 0x00000000ed100000| PB 0x00000000ed100000| Untracked 
| 210|0x00000000ed200000, 0x00000000ed200000, 0x00000000ed300000|  0%| F|  |TAMS 0x00000000ed200000| PB 0x00000000ed200000| Untracked 
| 211|0x00000000ed300000, 0x00000000ed300000, 0x00000000ed400000|  0%| F|  |TAMS 0x00000000ed300000| PB 0x00000000ed300000| Untracked 
| 212|0x00000000ed400000, 0x00000000ed400000, 0x00000000ed500000|  0%| F|  |TAMS 0x00000000ed400000| PB 0x00000000ed400000| Untracked 
| 213|0x00000000ed500000, 0x00000000ed500000, 0x00000000ed600000|  0%| F|  |TAMS 0x00000000ed500000| PB 0x00000000ed500000| Untracked 
| 214|0x00000000ed600000, 0x00000000ed600000, 0x00000000ed700000|  0%| F|  |TAMS 0x00000000ed600000| PB 0x00000000ed600000| Untracked 
| 215|0x00000000ed700000, 0x00000000ed700000, 0x00000000ed800000|  0%| F|  |TAMS 0x00000000ed700000| PB 0x00000000ed700000| Untracked 
| 216|0x00000000ed800000, 0x00000000ed800000, 0x00000000ed900000|  0%| F|  |TAMS 0x00000000ed800000| PB 0x00000000ed800000| Untracked 
| 217|0x00000000ed900000, 0x00000000ed900000, 0x00000000eda00000|  0%| F|  |TAMS 0x00000000ed900000| PB 0x00000000ed900000| Untracked 
| 218|0x00000000eda00000, 0x00000000eda00000, 0x00000000edb00000|  0%| F|  |TAMS 0x00000000eda00000| PB 0x00000000eda00000| Untracked 
| 219|0x00000000edb00000, 0x00000000edb00000, 0x00000000edc00000|  0%| F|  |TAMS 0x00000000edb00000| PB 0x00000000edb00000| Untracked 
| 220|0x00000000edc00000, 0x00000000edc00000, 0x00000000edd00000|  0%| F|  |TAMS 0x00000000edc00000| PB 0x00000000edc00000| Untracked 
| 221|0x00000000edd00000, 0x00000000edd00000, 0x00000000ede00000|  0%| F|  |TAMS 0x00000000edd00000| PB 0x00000000edd00000| Untracked 
| 222|0x00000000ede00000, 0x00000000ede00000, 0x00000000edf00000|  0%| F|  |TAMS 0x00000000ede00000| PB 0x00000000ede00000| Untracked 
| 223|0x00000000edf00000, 0x00000000edf00000, 0x00000000ee000000|  0%| F|  |TAMS 0x00000000edf00000| PB 0x00000000edf00000| Untracked 
| 224|0x00000000ee000000, 0x00000000ee000000, 0x00000000ee100000|  0%| F|  |TAMS 0x00000000ee000000| PB 0x00000000ee000000| Untracked 
| 225|0x00000000ee100000, 0x00000000ee100000, 0x00000000ee200000|  0%| F|  |TAMS 0x00000000ee100000| PB 0x00000000ee100000| Untracked 
| 226|0x00000000ee200000, 0x00000000ee200000, 0x00000000ee300000|  0%| F|  |TAMS 0x00000000ee200000| PB 0x00000000ee200000| Untracked 
| 227|0x00000000ee300000, 0x00000000ee300000, 0x00000000ee400000|  0%| F|  |TAMS 0x00000000ee300000| PB 0x00000000ee300000| Untracked 
| 228|0x00000000ee400000, 0x00000000ee400000, 0x00000000ee500000|  0%| F|  |TAMS 0x00000000ee400000| PB 0x00000000ee400000| Untracked 
| 229|0x00000000ee500000, 0x00000000ee500000, 0x00000000ee600000|  0%| F|  |TAMS 0x00000000ee500000| PB 0x00000000ee500000| Untracked 
| 230|0x00000000ee600000, 0x00000000ee600000, 0x00000000ee700000|  0%| F|  |TAMS 0x00000000ee600000| PB 0x00000000ee600000| Untracked 
| 231|0x00000000ee700000, 0x00000000ee700000, 0x00000000ee800000|  0%| F|  |TAMS 0x00000000ee700000| PB 0x00000000ee700000| Untracked 
| 232|0x00000000ee800000, 0x00000000ee800000, 0x00000000ee900000|  0%| F|  |TAMS 0x00000000ee800000| PB 0x00000000ee800000| Untracked 
| 233|0x00000000ee900000, 0x00000000ee900000, 0x00000000eea00000|  0%| F|  |TAMS 0x00000000ee900000| PB 0x00000000ee900000| Untracked 
| 234|0x00000000eea00000, 0x00000000eea00000, 0x00000000eeb00000|  0%| F|  |TAMS 0x00000000eea00000| PB 0x00000000eea00000| Untracked 
| 235|0x00000000eeb00000, 0x00000000eeb00000, 0x00000000eec00000|  0%| F|  |TAMS 0x00000000eeb00000| PB 0x00000000eeb00000| Untracked 
| 236|0x00000000eec00000, 0x00000000eec00000, 0x00000000eed00000|  0%| F|  |TAMS 0x00000000eec00000| PB 0x00000000eec00000| Untracked 
| 237|0x00000000eed00000, 0x00000000eed00000, 0x00000000eee00000|  0%| F|  |TAMS 0x00000000eed00000| PB 0x00000000eed00000| Untracked 
| 238|0x00000000eee00000, 0x00000000eee00000, 0x00000000eef00000|  0%| F|  |TAMS 0x00000000eee00000| PB 0x00000000eee00000| Untracked 
| 239|0x00000000eef00000, 0x00000000eef00000, 0x00000000ef000000|  0%| F|  |TAMS 0x00000000eef00000| PB 0x00000000eef00000| Untracked 
| 240|0x00000000ef000000, 0x00000000ef000000, 0x00000000ef100000|  0%| F|  |TAMS 0x00000000ef000000| PB 0x00000000ef000000| Untracked 
| 241|0x00000000ef100000, 0x00000000ef100000, 0x00000000ef200000|  0%| F|  |TAMS 0x00000000ef100000| PB 0x00000000ef100000| Untracked 
| 242|0x00000000ef200000, 0x00000000ef200000, 0x00000000ef300000|  0%| F|  |TAMS 0x00000000ef200000| PB 0x00000000ef200000| Untracked 
| 243|0x00000000ef300000, 0x00000000ef300000, 0x00000000ef400000|  0%| F|  |TAMS 0x00000000ef300000| PB 0x00000000ef300000| Untracked 
| 244|0x00000000ef400000, 0x00000000ef400000, 0x00000000ef500000|  0%| F|  |TAMS 0x00000000ef400000| PB 0x00000000ef400000| Untracked 
| 245|0x00000000ef500000, 0x00000000ef500000, 0x00000000ef600000|  0%| F|  |TAMS 0x00000000ef500000| PB 0x00000000ef500000| Untracked 
| 246|0x00000000ef600000, 0x00000000ef600000, 0x00000000ef700000|  0%| F|  |TAMS 0x00000000ef600000| PB 0x00000000ef600000| Untracked 
| 247|0x00000000ef700000, 0x00000000ef700000, 0x00000000ef800000|  0%| F|  |TAMS 0x00000000ef700000| PB 0x00000000ef700000| Untracked 
| 248|0x00000000ef800000, 0x00000000ef800000, 0x00000000ef900000|  0%| F|  |TAMS 0x00000000ef800000| PB 0x00000000ef800000| Untracked 
| 249|0x00000000ef900000, 0x00000000ef900000, 0x00000000efa00000|  0%| F|  |TAMS 0x00000000ef900000| PB 0x00000000ef900000| Untracked 
| 250|0x00000000efa00000, 0x00000000efa00000, 0x00000000efb00000|  0%| F|  |TAMS 0x00000000efa00000| PB 0x00000000efa00000| Untracked 
| 251|0x00000000efb00000, 0x00000000efb00000, 0x00000000efc00000|  0%| F|  |TAMS 0x00000000efb00000| PB 0x00000000efb00000| Untracked 
| 252|0x00000000efc00000, 0x00000000efc00000, 0x00000000efd00000|  0%| F|  |TAMS 0x00000000efc00000| PB 0x00000000efc00000| Untracked 
| 253|0x00000000efd00000, 0x00000000efd00000, 0x00000000efe00000|  0%| F|  |TAMS 0x00000000efd00000| PB 0x00000000efd00000| Untracked 
| 254|0x00000000efe00000, 0x00000000efe00800, 0x00000000eff00000|  0%| E|  |TAMS 0x00000000efe00000| PB 0x00000000efe00000| Complete 
| 255|0x00000000eff00000, 0x00000000f0000000, 0x00000000f0000000|100%| E|CS|TAMS 0x00000000eff00000| PB 0x00000000eff00000| Complete 

Card table byte_map: [0x000001fc78200000,0x000001fc78300000] _byte_map_base: 0x000001fc77b00000

Marking Bits: (CMBitMap*) 0x000001fc60500240
 Bits: [0x000001fc78300000, 0x000001fc78b00000)

Polling page: 0x000001fc5e470000

Metaspace:

Usage:
  Non-class:     17.37 MB used.
      Class:      2.98 MB used.
       Both:     20.35 MB used.

Virtual space:
  Non-class space:       64.00 MB reserved,      17.75 MB ( 28%) committed,  1 nodes.
      Class space:      320.00 MB reserved,       3.31 MB (  1%) committed,  1 nodes.
             Both:      384.00 MB reserved,      21.06 MB (  5%) committed. 

Chunk freelists:
   Non-Class:  13.66 MB
       Class:  12.73 MB
        Both:  26.39 MB

MaxMetaspaceSize: 384.00 MB
CompressedClassSpaceSize: 320.00 MB
Initial GC threshold: 21.00 MB
Current GC threshold: 21.31 MB
CDS: on
 - commit_granule_bytes: 65536.
 - commit_granule_words: 8192.
 - virtual_space_node_default_size: 8388608.
 - enlarge_chunks_in_place: 1.
 - use_allocation_guard: 0.


Internal statistics:

num_allocs_failed_limit: 3.
num_arena_births: 1010.
num_arena_deaths: 0.
num_vsnodes_births: 2.
num_vsnodes_deaths: 0.
num_space_committed: 337.
num_space_uncommitted: 0.
num_chunks_returned_to_freelist: 3.
num_chunks_taken_from_freelist: 1805.
num_chunk_merges: 3.
num_chunk_splits: 1190.
num_chunks_enlarged: 805.
num_inconsistent_stats: 0.

CodeHeap 'non-profiled nmethods': size=120000Kb used=1536Kb max_used=1536Kb free=118463Kb
 bounds [0x000001fc70680000, 0x000001fc708f0000, 0x000001fc77bb0000]
CodeHeap 'profiled nmethods': size=120000Kb used=5752Kb max_used=5752Kb free=114247Kb
 bounds [0x000001fc68bb0000, 0x000001fc69150000, 0x000001fc700e0000]
CodeHeap 'non-nmethods': size=5760Kb used=1490Kb max_used=1575Kb free=4269Kb
 bounds [0x000001fc700e0000, 0x000001fc70350000, 0x000001fc70680000]
 total_blobs=3475 nmethods=2904 adapters=475
 compilation: enabled
              stopped_count=0, restarted_count=0
 full_count=0

Compilation events (20 events):
Event: 1.536 Thread 0x000001fc7b798a60 nmethod 2864 0x000001fc6913fb90 code [0x000001fc6913fd60, 0x000001fc69140058]
Event: 1.539 Thread 0x000001fc7b796ed0 nmethod 2849 0x000001fc707fa510 code [0x000001fc707fa760, 0x000001fc707fb1c8]
Event: 1.541 Thread 0x000001fc7b798a60 2865       3       com.google.common.base.CharMatcher$IsEither::matches (22 bytes)
Event: 1.541 Thread 0x000001fc7b798a60 nmethod 2865 0x000001fc69140190 code [0x000001fc69140340, 0x000001fc691404e0]
Event: 1.543 Thread 0x000001fc7b798a60 2866       3       java.util.Collections$UnmodifiableCollection::size (10 bytes)
Event: 1.543 Thread 0x000001fc7b796ed0 2867       4       com.google.common.base.CharMatcher::indexIn (48 bytes)
Event: 1.543 Thread 0x000001fc7b798a60 nmethod 2866 0x000001fc69140590 code [0x000001fc69140740, 0x000001fc69140918]
Event: 1.543 Thread 0x000001fc7b798a60 2868       3       sun.nio.fs.WindowsPath::getFileSystem (5 bytes)
Event: 1.543 Thread 0x000001fc7b798a60 nmethod 2868 0x000001fc69140a10 code [0x000001fc69140ba0, 0x000001fc69140d48]
Event: 1.543 Thread 0x000001fc19ccc200 2869       4       java.util.zip.ZipUtils::CENLEN (9 bytes)
Event: 1.544 Thread 0x000001fc19ccc200 nmethod 2869 0x000001fc707fba10 code [0x000001fc707fbba0, 0x000001fc707fbcb8]
Event: 1.544 Thread 0x000001fc7b798a60 2870       3       java.util.ArrayList::addAll (76 bytes)
Event: 1.545 Thread 0x000001fc7b798a60 nmethod 2870 0x000001fc69140e10 code [0x000001fc69141000, 0x000001fc691414a0]
Event: 1.545 Thread 0x000001fc7b796ed0 nmethod 2867 0x000001fc707fbe10 code [0x000001fc707fbfe0, 0x000001fc707fc390]
Event: 1.562 Thread 0x000001fc7b798a60 2871       3       sun.invoke.util.VerifyAccess::getClassModifiers (24 bytes)
Event: 1.562 Thread 0x000001fc7b798a60 nmethod 2871 0x000001fc69141610 code [0x000001fc691417e0, 0x000001fc69141a28]
Event: 1.562 Thread 0x000001fc7b798a60 2872       3       java.lang.Module::allows (60 bytes)
Event: 1.562 Thread 0x000001fc7b796ed0 2873       4       jdk.internal.perf.PerfCounter::addElapsedTimeFrom (10 bytes)
Event: 1.562 Thread 0x000001fc7b798a60 nmethod 2872 0x000001fc69141b10 code [0x000001fc69141d20, 0x000001fc69142348]
Event: 1.564 Thread 0x000001fc7b796ed0 nmethod 2873 0x000001fc707fc710 code [0x000001fc707fc8a0, 0x000001fc707fcb38]

GC Heap History (4 events):
Event: 0.354 GC heap before
{Heap before GC invocations=0 (full 0):
 garbage-first heap   total 262144K, used 26624K [0x00000000e0000000, 0x0000000100000000)
  region size 1024K, 23 young (23552K), 0 survivors (0K)
 Metaspace       used 3202K, committed 3328K, reserved 393216K
  class space    used 404K, committed 448K, reserved 327680K
}
Event: 0.356 GC heap after
{Heap after GC invocations=1 (full 0):
 garbage-first heap   total 262144K, used 10210K [0x00000000e0000000, 0x0000000100000000)
  region size 1024K, 3 young (3072K), 3 survivors (3072K)
 Metaspace       used 3202K, committed 3328K, reserved 393216K
  class space    used 404K, committed 448K, reserved 327680K
}
Event: 0.569 GC heap before
{Heap before GC invocations=1 (full 0):
 garbage-first heap   total 262144K, used 39906K [0x00000000e0000000, 0x0000000100000000)
  region size 1024K, 32 young (32768K), 3 survivors (3072K)
 Metaspace       used 4172K, committed 4416K, reserved 393216K
  class space    used 503K, committed 640K, reserved 327680K
}
Event: 0.571 GC heap after
{Heap after GC invocations=2 (full 0):
 garbage-first heap   total 262144K, used 14511K [0x00000000e0000000, 0x0000000100000000)
  region size 1024K, 4 young (4096K), 4 survivors (4096K)
 Metaspace       used 4172K, committed 4416K, reserved 393216K
  class space    used 503K, committed 640K, reserved 327680K
}

Dll operation events (15 events):
Event: 0.005 Loaded shared library C:\Program Files\Amazon Corretto\jdk21.0.2_13\bin\java.dll
Event: 0.024 Loaded shared library C:\Program Files\Amazon Corretto\jdk21.0.2_13\bin\jsvml.dll
Event: 0.047 Loaded shared library C:\Program Files\Amazon Corretto\jdk21.0.2_13\bin\zip.dll
Event: 0.048 Loaded shared library C:\Program Files\Amazon Corretto\jdk21.0.2_13\bin\instrument.dll
Event: 0.051 Loaded shared library C:\Program Files\Amazon Corretto\jdk21.0.2_13\bin\net.dll
Event: 0.052 Loaded shared library C:\Program Files\Amazon Corretto\jdk21.0.2_13\bin\nio.dll
Event: 0.054 Loaded shared library C:\Program Files\Amazon Corretto\jdk21.0.2_13\bin\zip.dll
Event: 0.172 Loaded shared library C:\Program Files\Amazon Corretto\jdk21.0.2_13\bin\jimage.dll
Event: 0.204 Loaded shared library C:\Program Files\Amazon Corretto\jdk21.0.2_13\bin\verify.dll
Event: 0.287 Loaded shared library C:\Users\kulas\.gradle\native\68d5fa5c4cc2d200863cafc0d521ce42e7d3e7ee720ec0a83991735586a16f82\windows-amd64\native-platform.dll
Event: 0.290 Loaded shared library C:\Users\kulas\.gradle\native\e376f236ea51e6404a007f0833ffe2c6e607c4080706a723a18a27aeea778392\windows-amd64\native-platform-file-events.dll
Event: 0.679 Loaded shared library C:\Program Files\Amazon Corretto\jdk21.0.2_13\bin\management.dll
Event: 0.680 Loaded shared library C:\Program Files\Amazon Corretto\jdk21.0.2_13\bin\management_ext.dll
Event: 0.793 Loaded shared library C:\Program Files\Amazon Corretto\jdk21.0.2_13\bin\extnet.dll
Event: 0.854 Loaded shared library C:\Program Files\Amazon Corretto\jdk21.0.2_13\bin\sunmscapi.dll

Deoptimization events (20 events):
Event: 1.362 Thread 0x000001fc1ad7b130 Uncommon trap: trap_request=0xffffff45 fr.pc=0x000001fc707b7650 relative=0x0000000000000130
Event: 1.362 Thread 0x000001fc1ad7b130 Uncommon trap: reason=unstable_if action=reinterpret pc=0x000001fc707b7650 method=java.util.Arrays.equals([Ljava/lang/Object;[Ljava/lang/Object;)Z @ 44 c2
Event: 1.362 Thread 0x000001fc1ad7b130 DEOPT PACKING pc=0x000001fc707b7650 sp=0x000000e3edafb800
Event: 1.362 Thread 0x000001fc1ad7b130 DEOPT UNPACKING pc=0x000001fc701346a2 sp=0x000000e3edafb7a0 mode 2
Event: 1.362 Thread 0x000001fc1ad7b130 Uncommon trap: trap_request=0xffffff45 fr.pc=0x000001fc70789c20 relative=0x00000000000001e0
Event: 1.362 Thread 0x000001fc1ad7b130 Uncommon trap: reason=unstable_if action=reinterpret pc=0x000001fc70789c20 method=java.util.HashMap.getNode(Ljava/lang/Object;)Ljava/util/HashMap$Node; @ 131 c2
Event: 1.362 Thread 0x000001fc1ad7b130 DEOPT PACKING pc=0x000001fc70789c20 sp=0x000000e3edafb8c0
Event: 1.362 Thread 0x000001fc1ad7b130 DEOPT UNPACKING pc=0x000001fc701346a2 sp=0x000000e3edafb7d0 mode 2
Event: 1.512 Thread 0x000001fc1ad7b130 Uncommon trap: trap_request=0xffffff45 fr.pc=0x000001fc707ad598 relative=0x0000000000000d78
Event: 1.512 Thread 0x000001fc1ad7b130 Uncommon trap: reason=unstable_if action=reinterpret pc=0x000001fc707ad598 method=jdk.internal.org.objectweb.asm.SymbolTable.addType(Ljava/lang/String;)I @ 33 c2
Event: 1.512 Thread 0x000001fc1ad7b130 DEOPT PACKING pc=0x000001fc707ad598 sp=0x000000e3edafbdc0
Event: 1.512 Thread 0x000001fc1ad7b130 DEOPT UNPACKING pc=0x000001fc701346a2 sp=0x000000e3edafbcf8 mode 2
Event: 1.512 Thread 0x000001fc1ad7b130 Uncommon trap: trap_request=0xffffff45 fr.pc=0x000001fc7078cda0 relative=0x00000000000003c0
Event: 1.512 Thread 0x000001fc1ad7b130 Uncommon trap: reason=unstable_if action=reinterpret pc=0x000001fc7078cda0 method=jdk.internal.org.objectweb.asm.SymbolTable.addType(Ljava/lang/String;)I @ 33 c2
Event: 1.512 Thread 0x000001fc1ad7b130 DEOPT PACKING pc=0x000001fc7078cda0 sp=0x000000e3edafbea0
Event: 1.512 Thread 0x000001fc1ad7b130 DEOPT UNPACKING pc=0x000001fc701346a2 sp=0x000000e3edafbe28 mode 2
Event: 1.539 Thread 0x000001fc1ad7b130 Uncommon trap: trap_request=0xffffff76 fr.pc=0x000001fc707e3a20 relative=0x00000000000001e0
Event: 1.539 Thread 0x000001fc1ad7b130 Uncommon trap: reason=predicate action=maybe_recompile pc=0x000001fc707e3a20 method=com.google.common.base.CharMatcher.indexIn(Ljava/lang/CharSequence;I)I @ 19 c2
Event: 1.539 Thread 0x000001fc1ad7b130 DEOPT PACKING pc=0x000001fc707e3a20 sp=0x000000e3edafafc0
Event: 1.540 Thread 0x000001fc1ad7b130 DEOPT UNPACKING pc=0x000001fc701346a2 sp=0x000000e3edafaf50 mode 2

Classes loaded (20 events):
Event: 1.336 Loading class org/xml/sax/SAXException
Event: 1.336 Loading class org/xml/sax/SAXException done
Event: 1.336 Loading class javax/xml/xpath/XPathExpressionException
Event: 1.336 Loading class javax/xml/xpath/XPathException
Event: 1.336 Loading class javax/xml/xpath/XPathException done
Event: 1.336 Loading class javax/xml/xpath/XPathExpressionException done
Event: 1.336 Loading class org/xml/sax/ErrorHandler
Event: 1.336 Loading class org/xml/sax/ErrorHandler done
Event: 1.503 Loading class java/lang/annotation/IncompleteAnnotationException
Event: 1.503 Loading class java/lang/annotation/IncompleteAnnotationException done
Event: 1.528 Loading class java/util/function/UnaryOperator
Event: 1.528 Loading class java/util/function/UnaryOperator done
Event: 1.536 Loading class java/util/concurrent/TimeoutException
Event: 1.536 Loading class java/util/concurrent/TimeoutException done
Event: 1.536 Loading class java/util/concurrent/CancellationException
Event: 1.536 Loading class java/util/concurrent/CancellationException done
Event: 1.538 Loading class java/util/ServiceConfigurationError
Event: 1.538 Loading class java/util/ServiceConfigurationError done
Event: 1.565 Loading class java/util/concurrent/locks/AbstractQueuedSynchronizer$SharedNode
Event: 1.565 Loading class java/util/concurrent/locks/AbstractQueuedSynchronizer$SharedNode done

Classes unloaded (0 events):
No events

Classes redefined (0 events):
No events

Internal exceptions (20 events):
Event: 1.174 Thread 0x000001fc1ad7b130 Exception <a 'java/lang/NoSuchMethodError'{0x00000000ec5349a8}: 'java.lang.Object java.lang.invoke.DirectMethodHandle$Holder.invokeStatic(java.lang.Object, java.lang.Object, java.lang.Object, java.lang.Object, java.lang.Object, java.lang.Object, java.lang.Object, java.lang.Object, java.lang.Object, java.lang.Object, java.lang.Object, java.lang.Object, java.lang.Object, java.lang.Object, java.lang.Object, java.lang.Object, java.lang.Object, java.lang.Object, java.lang.Object, java.lang.Object)'> (0x00000000
Event: 1.175 Thread 0x000001fc1ad7b130 Exception <a 'java/lang/NoSuchMethodError'{0x00000000ec5607c8}: 'java.lang.Object java.lang.invoke.DirectMethodHandle$Holder.invokeStatic(java.lang.Object, java.lang.Object, java.lang.Object, java.lang.Object, java.lang.Object, java.lang.Object, java.lang.Object, java.lang.Object, java.lang.Object, java.lang.Object, java.lang.Object, java.lang.Object, java.lang.Object, java.lang.Object, java.lang.Object, java.lang.Object, java.lang.Object, java.lang.Object, java.lang.Object, java.lang.Object, java.lang.Obj
Event: 1.177 Thread 0x000001fc1ad7b130 Exception <a 'java/lang/NoSuchMethodError'{0x00000000ec58d430}: 'java.lang.Object java.lang.invoke.DirectMethodHandle$Holder.invokeStatic(java.lang.Object, java.lang.Object, java.lang.Object, java.lang.Object, java.lang.Object, java.lang.Object, java.lang.Object, java.lang.Object, java.lang.Object, java.lang.Object, java.lang.Object, java.lang.Object, java.lang.Object, java.lang.Object, java.lang.Object, java.lang.Object, java.lang.Object, java.lang.Object, java.lang.Object, java.lang.Object, java.lang.Obj
Event: 1.178 Thread 0x000001fc1ad7b130 Exception <a 'java/lang/NoSuchMethodError'{0x00000000ec5bac40}: 'java.lang.Object java.lang.invoke.DirectMethodHandle$Holder.invokeStatic(java.lang.Object, java.lang.Object, java.lang.Object, java.lang.Object, java.lang.Object, java.lang.Object, java.lang.Object, java.lang.Object, java.lang.Object, java.lang.Object, java.lang.Object, java.lang.Object, java.lang.Object, java.lang.Object, java.lang.Object, java.lang.Object, java.lang.Object, java.lang.Object, java.lang.Object, java.lang.Object, java.lang.Obj
Event: 1.179 Thread 0x000001fc1ad7b130 Exception <a 'java/lang/NoSuchMethodError'{0x00000000ec5e8ec8}: 'java.lang.Object java.lang.invoke.DirectMethodHandle$Holder.invokeStatic(java.lang.Object, java.lang.Object, java.lang.Object, java.lang.Object, java.lang.Object, java.lang.Object, java.lang.Object, java.lang.Object, java.lang.Object, java.lang.Object, java.lang.Object, java.lang.Object, java.lang.Object, java.lang.Object, java.lang.Object, java.lang.Object, java.lang.Object, java.lang.Object, java.lang.Object, java.lang.Object, java.lang.Obj
Event: 1.181 Thread 0x000001fc1ad7b130 Exception <a 'java/lang/NoSuchMethodError'{0x00000000ec420228}: 'java.lang.Object java.lang.invoke.DirectMethodHandle$Holder.invokeStatic(java.lang.Object, java.lang.Object, java.lang.Object, java.lang.Object, java.lang.Object, java.lang.Object, java.lang.Object, java.lang.Object, java.lang.Object, java.lang.Object, java.lang.Object, java.lang.Object, java.lang.Object, java.lang.Object, java.lang.Object, java.lang.Object, java.lang.Object, java.lang.Object, java.lang.Object, java.lang.Object, java.lang.Obj
Event: 1.238 Thread 0x000001fc1ad7b130 Exception <a 'java/lang/IncompatibleClassChangeError'{0x00000000ebf9b930}: Found class java.lang.Object, but interface was expected> (0x00000000ebf9b930) 
thrown [s\src\hotspot\share\interpreter\linkResolver.cpp, line 840]
Event: 1.256 Thread 0x000001fc1ad7b130 Exception <a 'java/lang/NoSuchMethodError'{0x00000000ebd36be0}: 'int java.lang.invoke.DirectMethodHandle$Holder.invokeSpecialIFC(java.lang.Object, java.lang.Object, java.lang.Object, java.lang.Object)'> (0x00000000ebd36be0) 
thrown [s\src\hotspot\share\interpreter\linkResolver.cpp, line 773]
Event: 1.257 Thread 0x000001fc1ad7b130 Exception <a 'java/lang/NoSuchMethodError'{0x00000000ebd43fa8}: 'java.lang.Object java.lang.invoke.DirectMethodHandle$Holder.invokeInterface(java.lang.Object, java.lang.Object, java.lang.Object)'> (0x00000000ebd43fa8) 
thrown [s\src\hotspot\share\interpreter\linkResolver.cpp, line 773]
Event: 1.257 Thread 0x000001fc1ad7b130 Exception <a 'java/lang/IncompatibleClassChangeError'{0x00000000ebd478f0}: Found class java.lang.Object, but interface was expected> (0x00000000ebd478f0) 
thrown [s\src\hotspot\share\interpreter\linkResolver.cpp, line 840]
Event: 1.257 Thread 0x000001fc1ad7b130 Exception <a 'java/lang/NoSuchMethodError'{0x00000000ebd4ebf8}: 'java.lang.Object java.lang.invoke.DirectMethodHandle$Holder.newInvokeSpecial(java.lang.Object, java.lang.Object, java.lang.Object, java.lang.Object, java.lang.Object, java.lang.Object, java.lang.Object, java.lang.Object, java.lang.Object, java.lang.Object, java.lang.Object)'> (0x00000000ebd4ebf8) 
thrown [s\src\hotspot\share\interpreter\linkResolver.cpp, line 773]
Event: 1.275 Thread 0x000001fc1ad7b130 Exception <a 'java/lang/NoSuchMethodError'{0x00000000ebb36838}: 'int java.lang.invoke.DirectMethodHandle$Holder.invokeStatic(java.lang.Object, java.lang.Object, java.lang.Object, java.lang.Object)'> (0x00000000ebb36838) 
thrown [s\src\hotspot\share\interpreter\linkResolver.cpp, line 773]
Event: 1.307 Thread 0x000001fc1ad7b130 Exception <a 'java/lang/NoSuchMethodError'{0x00000000eb8eb780}: 'java.lang.Object java.lang.invoke.DirectMethodHandle$Holder.invokeSpecial(java.lang.Object, java.lang.Object, java.lang.Object, java.lang.Object, java.lang.Object, java.lang.Object, java.lang.Object, java.lang.Object, java.lang.Object, java.lang.Object, java.lang.Object, java.lang.Object, java.lang.Object, java.lang.Object, java.lang.Object, java.lang.Object, java.lang.Object, java.lang.Object, java.lang.Object, java.lang.Object, java.lang.Ob
Event: 1.368 Thread 0x000001fc1ad7b130 Exception <a 'java/lang/NoSuchMethodError'{0x00000000eb18e568}: 'java.lang.Object java.lang.invoke.DirectMethodHandle$Holder.newInvokeSpecial(java.lang.Object, java.lang.Object, java.lang.Object, java.lang.Object, java.lang.Object, java.lang.Object, java.lang.Object)'> (0x00000000eb18e568) 
thrown [s\src\hotspot\share\interpreter\linkResolver.cpp, line 773]
Event: 1.381 Thread 0x000001fc1ad7b130 Exception <a 'java/lang/NoSuchMethodError'{0x00000000eb0d2cc8}: 'java.lang.Object java.lang.invoke.DirectMethodHandle$Holder.invokeVirtual(java.lang.Object, java.lang.Object, java.lang.Object, java.lang.Object, java.lang.Object, java.lang.Object, java.lang.Object, java.lang.Object, java.lang.Object, java.lang.Object, java.lang.Object, java.lang.Object, java.lang.Object, java.lang.Object, java.lang.Object, java.lang.Object, java.lang.Object, java.lang.Object, java.lang.Object, java.lang.Object, java.lang.Ob
Event: 1.479 Thread 0x000001fc1ad7b130 Exception <a 'java/lang/NoSuchMethodError'{0x00000000ea6d3408}: 'void java.lang.invoke.DirectMethodHandle$Holder.invokeStaticInit(java.lang.Object, java.lang.Object)'> (0x00000000ea6d3408) 
thrown [s\src\hotspot\share\interpreter\linkResolver.cpp, line 773]
Event: 1.490 Thread 0x000001fc1ad7b130 Exception <a 'java/lang/NoSuchMethodError'{0x00000000ea591b90}: 'java.lang.Object java.lang.invoke.DirectMethodHandle$Holder.newInvokeSpecial(java.lang.Object, java.lang.Object, java.lang.Object, java.lang.Object, java.lang.Object, java.lang.Object, java.lang.Object, java.lang.Object)'> (0x00000000ea591b90) 
thrown [s\src\hotspot\share\interpreter\linkResolver.cpp, line 773]
Event: 1.501 Thread 0x000001fc1ad7b130 Exception <a 'java/lang/NoSuchMethodError'{0x00000000ea4883b0}: 'java.lang.Object java.lang.invoke.DirectMethodHandle$Holder.newInvokeSpecial(java.lang.Object, java.lang.Object, java.lang.Object, java.lang.Object, java.lang.Object, java.lang.Object, java.lang.Object, java.lang.Object, java.lang.Object, java.lang.Object)'> (0x00000000ea4883b0) 
thrown [s\src\hotspot\share\interpreter\linkResolver.cpp, line 773]
Event: 1.504 Thread 0x000001fc1ad7b130 Exception <a 'java/lang/NoSuchMethodError'{0x00000000ea4e5c20}: 'java.lang.Object java.lang.invoke.DirectMethodHandle$Holder.invokeStaticInit(java.lang.Object, java.lang.Object, java.lang.Object)'> (0x00000000ea4e5c20) 
thrown [s\src\hotspot\share\interpreter\linkResolver.cpp, line 773]
Event: 1.504 Thread 0x000001fc1ad7b130 Exception <a 'java/lang/NoSuchMethodError'{0x00000000ea4eec98}: 'void java.lang.invoke.DirectMethodHandle$Holder.invokeStatic(java.lang.Object, java.lang.Object, java.lang.Object, java.lang.Object, java.lang.Object, java.lang.Object)'> (0x00000000ea4eec98) 
thrown [s\src\hotspot\share\interpreter\linkResolver.cpp, line 773]

ZGC Phase Switch (0 events):
No events

VM Operations (20 events):
Event: 0.740 Executing VM operation: HandshakeAllThreads (Deoptimize)
Event: 0.740 Executing VM operation: HandshakeAllThreads (Deoptimize) done
Event: 0.749 Executing VM operation: HandshakeAllThreads (Deoptimize)
Event: 0.749 Executing VM operation: HandshakeAllThreads (Deoptimize) done
Event: 0.780 Executing VM operation: HandshakeAllThreads (Deoptimize)
Event: 0.780 Executing VM operation: HandshakeAllThreads (Deoptimize) done
Event: 0.857 Executing VM operation: HandshakeAllThreads (Deoptimize)
Event: 0.857 Executing VM operation: HandshakeAllThreads (Deoptimize) done
Event: 0.876 Executing VM operation: ICBufferFull
Event: 0.876 Executing VM operation: ICBufferFull done
Event: 1.039 Executing VM operation: HandshakeAllThreads (Deoptimize)
Event: 1.039 Executing VM operation: HandshakeAllThreads (Deoptimize) done
Event: 1.106 Executing VM operation: HandshakeAllThreads (Deoptimize)
Event: 1.106 Executing VM operation: HandshakeAllThreads (Deoptimize) done
Event: 1.186 Executing VM operation: HandshakeAllThreads (Deoptimize)
Event: 1.186 Executing VM operation: HandshakeAllThreads (Deoptimize) done
Event: 1.186 Executing VM operation: HandshakeAllThreads (Deoptimize)
Event: 1.186 Executing VM operation: HandshakeAllThreads (Deoptimize) done
Event: 1.186 Executing VM operation: ICBufferFull
Event: 1.186 Executing VM operation: ICBufferFull done

Events (20 events):
Event: 0.023 Thread 0x000001fc7b796ed0 Thread added: 0x000001fc7b796ed0
Event: 0.023 Thread 0x000001fc7b798a60 Thread added: 0x000001fc7b798a60
Event: 0.034 Thread 0x000001fc19208930 Thread added: 0x000001fc19208930
Event: 0.063 Thread 0x000001fc192bd680 Thread added: 0x000001fc192bd680
Event: 0.092 Thread 0x000001fc193b7000 Thread added: 0x000001fc193b7000
Event: 0.576 Thread 0x000001fc19ccc200 Thread added: 0x000001fc19ccc200
Event: 0.696 Thread 0x000001fc1a8bf4e0 Thread added: 0x000001fc1a8bf4e0
Event: 0.808 Thread 0x000001fc1a46a220 Thread added: 0x000001fc1a46a220
Event: 0.844 Thread 0x000001fc1a9185c0 Thread added: 0x000001fc1a9185c0
Event: 0.880 Thread 0x000001fc1af62430 Thread added: 0x000001fc1af62430
Event: 0.882 Thread 0x000001fc1a847170 Thread added: 0x000001fc1a847170
Event: 0.900 Thread 0x000001fc1ad7a2b0 Thread added: 0x000001fc1ad7a2b0
Event: 0.904 Thread 0x000001fc1ad7b130 Thread added: 0x000001fc1ad7b130
Event: 0.910 Thread 0x000001fc1a95ca00 Thread added: 0x000001fc1a95ca00
Event: 0.912 Thread 0x000001fc1a95afc0 Thread added: 0x000001fc1a95afc0
Event: 0.914 Thread 0x000001fc1a95b650 Thread added: 0x000001fc1a95b650
Event: 1.106 Thread 0x000001fc1a95bce0 Thread added: 0x000001fc1a95bce0
Event: 1.112 Thread 0x000001fc1a95c370 Thread added: 0x000001fc1a95c370
Event: 1.249 Thread 0x000001fc1a959580 Thread added: 0x000001fc1a959580
Event: 1.565 Thread 0x000001fc1a95a2a0 Thread added: 0x000001fc1a95a2a0


Dynamic libraries:
0x00007ff6681b0000 - 0x00007ff6681be000 	C:\Program Files\Amazon Corretto\jdk21.0.2_13\bin\java.exe
0x00007ff858870000 - 0x00007ff858a87000 	C:\Windows\SYSTEM32\ntdll.dll
0x00007ff857850000 - 0x00007ff857914000 	C:\Windows\System32\KERNEL32.DLL
0x00007ff856180000 - 0x00007ff856526000 	C:\Windows\System32\KERNELBASE.dll
0x00007ff855f70000 - 0x00007ff856081000 	C:\Windows\System32\ucrtbase.dll
0x00007ff838550000 - 0x00007ff838568000 	C:\Program Files\Amazon Corretto\jdk21.0.2_13\bin\jli.dll
0x00007ff823f60000 - 0x00007ff823f7b000 	C:\Program Files\Amazon Corretto\jdk21.0.2_13\bin\VCRUNTIME140.dll
0x00007ff857c90000 - 0x00007ff857e3d000 	C:\Windows\System32\USER32.dll
0x00007ff856090000 - 0x00007ff8560b6000 	C:\Windows\System32\win32u.dll
0x00007ff8570d0000 - 0x00007ff8570f9000 	C:\Windows\System32\GDI32.dll
0x00007ff855dd0000 - 0x00007ff855ee8000 	C:\Windows\System32\gdi32full.dll
0x00007ff8467a0000 - 0x00007ff846a33000 	C:\Windows\WinSxS\amd64_microsoft.windows.common-controls_6595b64144ccf1df_6.0.22621.2361_none_2712ced57382f843\COMCTL32.dll
0x00007ff856530000 - 0x00007ff8565ca000 	C:\Windows\System32\msvcp_win.dll
0x00007ff857a40000 - 0x00007ff857ae7000 	C:\Windows\System32\msvcrt.dll
0x00007ff8585a0000 - 0x00007ff8585d1000 	C:\Windows\System32\IMM32.DLL
0x00007ff838540000 - 0x00007ff83854c000 	C:\Program Files\Amazon Corretto\jdk21.0.2_13\bin\vcruntime140_1.dll
0x00007ff811320000 - 0x00007ff8113ad000 	C:\Program Files\Amazon Corretto\jdk21.0.2_13\bin\msvcp140.dll
0x00007ffff3e30000 - 0x00007ffff4bc0000 	C:\Program Files\Amazon Corretto\jdk21.0.2_13\bin\server\jvm.dll
0x00007ff857af0000 - 0x00007ff857ba0000 	C:\Windows\System32\ADVAPI32.dll
0x00007ff857590000 - 0x00007ff857636000 	C:\Windows\System32\sechost.dll
0x00007ff857f20000 - 0x00007ff858037000 	C:\Windows\System32\RPCRT4.dll
0x00007ff857ba0000 - 0x00007ff857c11000 	C:\Windows\System32\WS2_32.dll
0x00007ff854ae0000 - 0x00007ff854b2d000 	C:\Windows\SYSTEM32\POWRPROF.dll
0x00007ff844790000 - 0x00007ff8447c4000 	C:\Windows\SYSTEM32\WINMM.dll
0x00007ff84f220000 - 0x00007ff84f22a000 	C:\Windows\SYSTEM32\VERSION.dll
0x00007ff854ac0000 - 0x00007ff854ad3000 	C:\Windows\SYSTEM32\UMPDC.dll
0x00007ff854d20000 - 0x00007ff854d38000 	C:\Windows\SYSTEM32\kernel.appcore.dll
0x00007ff838520000 - 0x00007ff83852a000 	C:\Program Files\Amazon Corretto\jdk21.0.2_13\bin\jimage.dll
0x00007ff853660000 - 0x00007ff85388e000 	C:\Windows\SYSTEM32\DBGHELP.DLL
0x00007ff858210000 - 0x00007ff85859a000 	C:\Windows\System32\combase.dll
0x00007ff8565f0000 - 0x00007ff8566c7000 	C:\Windows\System32\OLEAUT32.dll
0x00007ff80f110000 - 0x00007ff80f142000 	C:\Windows\SYSTEM32\dbgcore.DLL
0x00007ff855ef0000 - 0x00007ff855f6a000 	C:\Windows\System32\bcryptPrimitives.dll
0x00007ff811190000 - 0x00007ff81119e000 	C:\Program Files\Amazon Corretto\jdk21.0.2_13\bin\instrument.dll
0x00007ff8122d0000 - 0x00007ff8122ef000 	C:\Program Files\Amazon Corretto\jdk21.0.2_13\bin\java.dll
0x00007ff8566d0000 - 0x00007ff856f28000 	C:\Windows\System32\SHELL32.dll
0x00007ff853bb0000 - 0x00007ff8544a2000 	C:\Windows\SYSTEM32\windows.storage.dll
0x00007ff853a70000 - 0x00007ff853bae000 	C:\Windows\SYSTEM32\wintypes.dll
0x00007ff857940000 - 0x00007ff857a33000 	C:\Windows\System32\SHCORE.dll
0x00007ff857790000 - 0x00007ff8577ee000 	C:\Windows\System32\shlwapi.dll
0x00007ff855b20000 - 0x00007ff855b46000 	C:\Windows\SYSTEM32\profapi.dll
0x00007ff811240000 - 0x00007ff811317000 	C:\Program Files\Amazon Corretto\jdk21.0.2_13\bin\jsvml.dll
0x00007ff811200000 - 0x00007ff811218000 	C:\Program Files\Amazon Corretto\jdk21.0.2_13\bin\zip.dll
0x00007ff837810000 - 0x00007ff837820000 	C:\Program Files\Amazon Corretto\jdk21.0.2_13\bin\net.dll
0x00007ff84fea0000 - 0x00007ff84ffd7000 	C:\Windows\SYSTEM32\WINHTTP.dll
0x00007ff8551a0000 - 0x00007ff855209000 	C:\Windows\system32\mswsock.dll
0x00007ff811220000 - 0x00007ff811236000 	C:\Program Files\Amazon Corretto\jdk21.0.2_13\bin\nio.dll
0x00007ff826b60000 - 0x00007ff826b70000 	C:\Program Files\Amazon Corretto\jdk21.0.2_13\bin\verify.dll
0x00007ff8111d0000 - 0x00007ff8111f7000 	C:\Users\kulas\.gradle\native\68d5fa5c4cc2d200863cafc0d521ce42e7d3e7ee720ec0a83991735586a16f82\windows-amd64\native-platform.dll
0x00007ff80bae0000 - 0x00007ff80bc24000 	C:\Users\kulas\.gradle\native\e376f236ea51e6404a007f0833ffe2c6e607c4080706a723a18a27aeea778392\windows-amd64\native-platform-file-events.dll
0x00007ff8111c0000 - 0x00007ff8111c9000 	C:\Program Files\Amazon Corretto\jdk21.0.2_13\bin\management.dll
0x00007ff8111b0000 - 0x00007ff8111bb000 	C:\Program Files\Amazon Corretto\jdk21.0.2_13\bin\management_ext.dll
0x00007ff857e40000 - 0x00007ff857e48000 	C:\Windows\System32\PSAPI.DLL
0x00007ff8553f0000 - 0x00007ff85540b000 	C:\Windows\SYSTEM32\CRYPTSP.dll
0x00007ff854c80000 - 0x00007ff854cb5000 	C:\Windows\system32\rsaenh.dll
0x00007ff855290000 - 0x00007ff8552bc000 	C:\Windows\SYSTEM32\USERENV.dll
0x00007ff855590000 - 0x00007ff8555b8000 	C:\Windows\SYSTEM32\bcrypt.dll
0x00007ff855410000 - 0x00007ff85541c000 	C:\Windows\SYSTEM32\CRYPTBASE.dll
0x00007ff854790000 - 0x00007ff8547bd000 	C:\Windows\SYSTEM32\IPHLPAPI.DLL
0x00007ff857100000 - 0x00007ff857109000 	C:\Windows\System32\NSI.dll
0x00007ff8111a0000 - 0x00007ff8111a9000 	C:\Program Files\Amazon Corretto\jdk21.0.2_13\bin\extnet.dll
0x00007ff811160000 - 0x00007ff81116e000 	C:\Program Files\Amazon Corretto\jdk21.0.2_13\bin\sunmscapi.dll
0x00007ff855c60000 - 0x00007ff855dc6000 	C:\Windows\System32\CRYPT32.dll
0x00007ff855560000 - 0x00007ff85558d000 	C:\Windows\SYSTEM32\ncrypt.dll
0x00007ff855520000 - 0x00007ff855557000 	C:\Windows\SYSTEM32\NTASN1.dll
0x00007ff828570000 - 0x00007ff828578000 	C:\Windows\system32\wshunix.dll

dbghelp: loaded successfully - version: 4.0.5 - missing functions: none
symbol engine: initialized successfully - sym options: 0x614 - pdb path: .;C:\Program Files\Amazon Corretto\jdk21.0.2_13\bin;C:\Windows\SYSTEM32;C:\Windows\WinSxS\amd64_microsoft.windows.common-controls_6595b64144ccf1df_6.0.22621.2361_none_2712ced57382f843;C:\Program Files\Amazon Corretto\jdk21.0.2_13\bin\server;C:\Users\kulas\.gradle\native\68d5fa5c4cc2d200863cafc0d521ce42e7d3e7ee720ec0a83991735586a16f82\windows-amd64;C:\Users\kulas\.gradle\native\e376f236ea51e6404a007f0833ffe2c6e607c4080706a723a18a27aeea778392\windows-amd64

VM Arguments:
jvm_args: --add-opens=java.base/java.util=ALL-UNNAMED --add-opens=java.base/java.lang=ALL-UNNAMED --add-opens=java.base/java.lang.invoke=ALL-UNNAMED --add-opens=java.prefs/java.util.prefs=ALL-UNNAMED --add-opens=java.base/java.nio.charset=ALL-UNNAMED --add-opens=java.base/java.net=ALL-UNNAMED --add-opens=java.base/java.util.concurrent.atomic=ALL-UNNAMED -XX:MaxMetaspaceSize=384m -XX:+HeapDumpOnOutOfMemoryError -Xms256m -Xmx512m -Dfile.encoding=UTF-8 -Duser.country=US -Duser.language=en -Duser.variant -javaagent:C:\Users\kulas\.gradle\wrapper\dists\gradle-8.1.1-bin\9wiye5v2saajue4irfo8ybqfp\gradle-8.1.1\lib\agents\gradle-instrumentation-agent-8.1.1.jar 
java_command: org.gradle.launcher.daemon.bootstrap.GradleDaemon 8.1.1
java_class_path (initial): C:\Users\kulas\.gradle\wrapper\dists\gradle-8.1.1-bin\9wiye5v2saajue4irfo8ybqfp\gradle-8.1.1\lib\gradle-launcher-8.1.1.jar
Launcher Type: SUN_STANDARD

[Global flags]
     intx CICompilerCount                          = 4                                         {product} {ergonomic}
   size_t CompressedClassSpaceSize                 = 335544320                                 {product} {ergonomic}
     uint ConcGCThreads                            = 3                                         {product} {ergonomic}
     uint G1ConcRefinementThreads                  = 10                                        {product} {ergonomic}
   size_t G1HeapRegionSize                         = 1048576                                   {product} {ergonomic}
    uintx GCDrainStackTargetSize                   = 64                                        {product} {ergonomic}
     bool HeapDumpOnOutOfMemoryError               = true                                   {manageable} {command line}
   size_t InitialHeapSize                          = 268435456                                 {product} {command line}
   size_t MarkStackSize                            = 4194304                                   {product} {ergonomic}
   size_t MaxHeapSize                              = 536870912                                 {product} {command line}
   size_t MaxMetaspaceSize                         = 402653184                                 {product} {command line}
   size_t MaxNewSize                               = 321912832                                 {product} {ergonomic}
   size_t MinHeapDeltaBytes                        = 1048576                                   {product} {ergonomic}
   size_t MinHeapSize                              = 268435456                                 {product} {command line}
    uintx NonNMethodCodeHeapSize                   = 5839372                                {pd product} {ergonomic}
    uintx NonProfiledCodeHeapSize                  = 122909434                              {pd product} {ergonomic}
    uintx ProfiledCodeHeapSize                     = 122909434                              {pd product} {ergonomic}
    uintx ReservedCodeCacheSize                    = 251658240                              {pd product} {ergonomic}
     bool SegmentedCodeCache                       = true                                      {product} {ergonomic}
   size_t SoftMaxHeapSize                          = 536870912                              {manageable} {ergonomic}
     bool UseCompressedOops                        = true                           {product lp64_product} {ergonomic}
     bool UseG1GC                                  = true                                      {product} {ergonomic}
     bool UseLargePagesIndividualAllocation        = false                                  {pd product} {ergonomic}

Logging:
Log output configuration:
 #0: stdout all=warning uptime,level,tags foldmultilines=false
 #1: stderr all=off uptime,level,tags foldmultilines=false

Environment Variables:
JAVA_HOME=C:\Program Files\Amazon Corretto\jdk21.0.2_13
CLASSPATH=C:\Users\kulas\Desktop\Projects\CCode\\gradle\wrapper\gradle-wrapper.jar
PATH=C:\Program Files\Amazon Corretto\jdk21.0.2_13\bin;C:\Program Files\Amazon Corretto\jdk17.0.10_7\bin;C:\Python312\Scripts\;C:\Python312\;C:\Program Files\Common Files\Oracle\Java\javapath;C:\Program Files (x86)\Common Files\Oracle\Java\javapath;C:\ProgramData\Scoop\GlobalScoopApps\shims;C:\Windows\system32;C:\Windows;C:\Windows\System32\Wbem;C:\Windows\System32\WindowsPowerShell\v1.0\;C:\Windows\System32\OpenSSH\;C:\Program Files\dotnet\;C:\Program Files (x86)\NVIDIA Corporation\PhysX\Common;C:\ProgramData\Scoop\shims;C:\ProgramData\chocolatey\bin;C:\Program Files\NVIDIA Corporation\NVIDIA NvDLISR;C:\Program Files\Git\cmd;C:\Program Files\nodejs\;C:\Program Files\PuTTY\;C:\Users\kulas\AppData\Local\Microsoft\WindowsApps;C:\Users\kulas\AppData\Local\Programs\Microsoft VS Code\bin;C:\Users\kulas\.dotnet\tools;C:\Users\kulas\AppData\Roaming\npm;C:\Users\kulas\AppData\Local\JetBrains\Toolbox\scripts;;C:\Users\kulas\AppData\Local\Programs\Hyper\resources\bin;C:\Users\kulas\.dotnet\tools
USERNAME=kulas
OS=Windows_NT
PROCESSOR_IDENTIFIER=Intel64 Family 6 Model 165 Stepping 5, GenuineIntel
TMP=C:\Users\kulas\AppData\Local\Temp
TEMP=C:\Users\kulas\AppData\Local\Temp




Periodic native trim disabled

---------------  S Y S T E M  ---------------

OS:
 Windows 11 , 64 bit Build 22621 (10.0.22621.2428)
OS uptime: 0 days 0:05 hours

CPU: total 12 (initial active 12) (6 cores per cpu, 2 threads per core) family 6 model 165 stepping 5 microcode 0xe0, cx8, cmov, fxsr, ht, mmx, 3dnowpref, sse, sse2, sse3, ssse3, sse4.1, sse4.2, popcnt, lzcnt, tsc, tscinvbit, avx, avx2, aes, erms, clmul, bmi1, bmi2, adx, fma, vzeroupper, clflush, clflushopt, rdtscp, f16c, pku
Processor Information for all 12 processors :
  Max Mhz: 4104, Current Mhz: 4104, Mhz Limit: 4104

Memory: 4k page, system-wide physical 32648M (24526M free)
TotalPageFile size 34696M (AvailPageFile size 23991M)
current process WorkingSet (physical memory assigned to process): 272M, peak: 272M
current process commit charge ("private bytes"): 454M, peak: 466M

vm_info: OpenJDK 64-Bit Server VM (21.0.2+13-LTS) for windows-amd64 JRE (21.0.2+13-LTS), built on 2024-01-10T23:18:03Z by "Administrator" with MS VC++ 16.10 / 16.11 (VS2019)

END.
