#
# A fatal error has been detected by the Java Runtime Environment:
#
#  EXCEPTION_ACCESS_VIOLATION (0xc0000005) at pc=0x00007ff80b9b1656, pid=14848, tid=3956
#
# JRE version: OpenJDK Runtime Environment Corretto-21.0.2.13.1 (21.0.2+13) (build 21.0.2+13-LTS)
# Java VM: OpenJDK 64-Bit Server VM Corretto-21.0.2.13.1 (21.0.2+13-LTS, mixed mode, sharing, tiered, compressed oops, compressed class ptrs, g1 gc, windows-amd64)
# Problematic frame:
# V  [jvm.dll+0x721656]
#
# No core dump will be written. Minidumps are not enabled by default on client versions of Windows
#
# If you would like to submit a bug report, please visit:
#   https://github.com/corretto/corretto-21/issues/
#

---------------  S U M M A R Y ------------

Command Line: --add-opens=java.base/java.util=ALL-UNNAMED --add-opens=java.base/java.lang=ALL-UNNAMED --add-opens=java.base/java.lang.invoke=ALL-UNNAMED --add-opens=java.prefs/java.util.prefs=ALL-UNNAMED --add-opens=java.base/java.nio.charset=ALL-UNNAMED --add-opens=java.base/java.net=ALL-UNNAMED --add-opens=java.base/java.util.concurrent.atomic=ALL-UNNAMED -XX:MaxMetaspaceSize=384m -XX:+HeapDumpOnOutOfMemoryError -Xms256m -Xmx512m -Dfile.encoding=UTF-8 -Duser.country=US -Duser.language=en -Duser.variant -javaagent:C:\Users\kulas\.gradle\wrapper\dists\gradle-8.1.1-bin\9wiye5v2saajue4irfo8ybqfp\gradle-8.1.1\lib\agents\gradle-instrumentation-agent-8.1.1.jar org.gradle.launcher.daemon.bootstrap.GradleDaemon 8.1.1

Host: Intel(R) Core(TM) i5-10600K CPU @ 4.10GHz, 12 cores, 31G,  Windows 11 , 64 bit Build 22621 (10.0.22621.2428)
Time: Sat Apr 27 15:38:42 2024 Central Europe Daylight Time elapsed time: 2.469415 seconds (0d 0h 0m 2s)

---------------  T H R E A D  ---------------

Current thread (0x000001daf9aefff0):  JavaThread "C2 CompilerThread0" daemon [_thread_in_native, id=3956, stack(0x0000003e48300000,0x0000003e48400000) (1024K)]


Current CompileTask:
C2:   2469 4207   !   4       java.net.URLClassLoader$1::run (81 bytes)

Stack: [0x0000003e48300000,0x0000003e48400000],  sp=0x0000003e483fcd60,  free space=1011k
Native frames: (J=compiled Java code, j=interpreted, Vv=VM code, C=native code)
V  [jvm.dll+0x721656]
V  [jvm.dll+0x721b0e]
V  [jvm.dll+0x1e7229]
V  [jvm.dll+0x1e48dc]
V  [jvm.dll+0x24d504]
V  [jvm.dll+0x24c981]
V  [jvm.dll+0x1cbb54]
V  [jvm.dll+0x25bf99]
V  [jvm.dll+0x25a58b]
V  [jvm.dll+0x3f6106]
V  [jvm.dll+0x8586f8]
V  [jvm.dll+0x6d303d]
C  [ucrtbase.dll+0x29363]
C  [KERNEL32.DLL+0x1257d]
C  [ntdll.dll+0x5aa78]


siginfo: EXCEPTION_ACCESS_VIOLATION (0xc0000005), reading address 0x00007ff80c020000


Registers:
RAX=0x000000000002d0ff, RBX=0x5555555555555555, RCX=0x0000000000000000, RDX=0x000000000033c5d5
RSP=0x0000003e483fcd60, RBP=0x0000000000000000, RSI=0x0101010101010101, RDI=0x0f0f0f0f0f0f0f0f
R8 =0x000000000002d100, R9 =0x00007ff80beb7804, R10=0x000000000f3ffcff, R11=0x3333333333333333
R12=0x0000000000000001, R13=0x0000000000000008, R14=0x000001daa53a0838, R15=0x00007ff80beb7804
RIP=0x00007ff80b9b1656, EFLAGS=0x0000000000010217


Register to memory mapping:

RAX=0x000000000002d0ff is an unknown value
RBX=0x5555555555555555 is an unknown value
RCX=0x0 is null
RDX=0x000000000033c5d5 is an unknown value
RSP=0x0000003e483fcd60 is pointing into the stack for thread: 0x000001daf9aefff0
RBP=0x0 is null
RSI=0x0101010101010101 is an unknown value
RDI=0x0f0f0f0f0f0f0f0f is an unknown value
R8 =0x000000000002d100 is an unknown value
R9 =0x00007ff80beb7804 jvm.dll
R10=0x000000000f3ffcff is an unknown value
R11=0x3333333333333333 is an unknown value
R12=0x0000000000000001 is an unknown value
R13=0x0000000000000008 is an unknown value
R14=0x000001daa53a0838 points into unknown readable memory: 0x00007ff80bc93d68 | 68 3d c9 0b f8 7f 00 00
R15=0x00007ff80beb7804 jvm.dll

Top of Stack: (sp=0x0000003e483fcd60)
0x0000003e483fcd60:   000001daa9459670 00007ff80b9b1b0e
0x0000003e483fcd70:   00007ff80beb7804 0000003e483fd280
0x0000003e483fcd80:   000001daa7f70850 000001daa678a320
0x0000003e483fcd90:   0000000000000004 00007ff80b477229
0x0000003e483fcda0:   0000000000000004 000001daa5ee1c90
0x0000003e483fcdb0:   0000003e483fd280 000001daa76544f0
0x0000003e483fcdc0:   000003330000000d 00007ff800000002
0x0000003e483fcdd0:   000001daa5ee1c90 0000000000000000
0x0000003e483fcde0:   0000000000000000 0000000000000000
0x0000003e483fcdf0:   0000000000000001 000001dafef37f50
0x0000003e483fce00:   00000000000003d8 000001dafef38338
0x0000003e483fce10:   000001dafef37f60 0000000000000000
0x0000003e483fce20:   0000003e483fd360 0000003e483fcf40
0x0000003e483fce30:   0000003e483fd280 00007ff80b4748dc
0x0000003e483fce40:   0000003e483fd280 0000003e483fd201
0x0000003e483fce50:   0000003e483fcf01 00000000ffffffff
0x0000003e483fce60:   000000000000a200 000000000000000e
0x0000003e483fce70:   0000003e483fcf07 000001dafef37f50
0x0000003e483fce80:   000001daf9eaacf0 000001daf9eabba0
0x0000003e483fce90:   000001daf9eb2cd8 000000000057f568
0x0000003e483fcea0:   0000000000000000 0000000000000000
0x0000003e483fceb0:   000000000000a210 000000000000b400
0x0000003e483fcec0:   0000000000000000 00007ff80bc93f30
0x0000003e483fced0:   0000000000000000 0000000000000000
0x0000003e483fcee0:   0000000000000000 00007ff80bc93f30
0x0000003e483fcef0:   0000000000000000 000001daf9acb120
0x0000003e483fcf00:   00002c0e0000000c 0000003e483fe770
0x0000003e483fcf10:   000001daa71e8050 0000000000000000
0x0000003e483fcf20:   000001daa9300050 00000000000023ce
0x0000003e483fcf30:   0000003e483fce70 000001dafef37f60
0x0000003e483fcf40:   00007ff80bc93f00 000001da0000000d
0x0000003e483fcf50:   0000003e483fe770 0000003e483fd280 

Instructions: (pc=0x00007ff80b9b1656)
0x00007ff80b9b1556:   33 cc e8 d3 d8 22 00 48 83 c4 58 c3 48 8d 05 9f
0x00007ff80b9b1566:   06 37 00 48 8b 4c 24 40 48 33 cc e8 ba d8 22 00
0x00007ff80b9b1576:   48 83 c4 58 c3 cc cc cc cc cc 48 8d 15 f9 02 37
0x00007ff80b9b1586:   00 8b c1 2b c2 ff c8 83 f8 0f 77 18 48 8d 05 e8
0x00007ff80b9b1596:   02 37 00 2b c8 48 63 c1 48 8d 0d 3b 03 37 00 48
0x00007ff80b9b15a6:   8b 04 c1 c3 48 8d 05 af 03 37 00 c3 cc cc cc cc
0x00007ff80b9b15b6:   cc cc cc cc cc cc cc cc cc cc 48 8d 15 e1 02 37
0x00007ff80b9b15c6:   00 8b c1 2b c2 ff c8 83 f8 1f 77 18 48 8d 05 d0
0x00007ff80b9b15d6:   02 37 00 2b c8 48 63 c1 48 8d 0d fb 03 37 00 48
0x00007ff80b9b15e6:   8b 04 c1 c3 48 8d 05 ef 05 37 00 c3 cc cc cc cc
0x00007ff80b9b15f6:   cc cc cc cc cc cc cc cc cc cc 48 83 ec 08 44 8b
0x00007ff80b9b1606:   51 5c 33 d2 44 8b 41 58 4c 8b c9 45 3b c2 0f 87
0x00007ff80b9b1616:   86 00 00 00 48 89 5c 24 10 49 bb 33 33 33 33 33
0x00007ff80b9b1626:   33 33 33 48 89 74 24 18 48 bb 55 55 55 55 55 55
0x00007ff80b9b1636:   55 55 48 89 3c 24 48 be 01 01 01 01 01 01 01 01
0x00007ff80b9b1646:   48 bf 0f 0f 0f 0f 0f 0f 0f 0f 41 8b c0 41 ff c0
0x00007ff80b9b1656:   49 8b 0c c1 48 8b c1 48 d1 e8 48 23 c3 48 2b c8
0x00007ff80b9b1666:   48 8b c1 49 23 cb 48 c1 e8 02 49 23 c3 48 03 c1
0x00007ff80b9b1676:   48 8b c8 48 c1 e9 04 48 03 c8 48 23 cf 48 0f af
0x00007ff80b9b1686:   ce 48 c1 e9 38 03 d1 45 3b c2 76 be 48 8b 3c 24
0x00007ff80b9b1696:   48 8b 74 24 18 48 8b 5c 24 10 8b c2 48 83 c4 08
0x00007ff80b9b16a6:   c3 cc cc cc cc cc cc cc cc cc 8b 41 58 4c 8b d1
0x00007ff80b9b16b6:   3b 41 5c 77 3f 49 bb 55 55 55 55 55 55 55 d5 66
0x00007ff80b9b16c6:   66 66 0f 1f 84 00 00 00 00 00 8b d0 ff c0 4d 8b
0x00007ff80b9b16d6:   04 d2 4d 8d 0c d2 49 8b d0 49 23 d3 48 03 d2 4c
0x00007ff80b9b16e6:   23 c2 49 8b c8 48 d1 e9 49 0b c8 49 89 09 41 3b
0x00007ff80b9b16f6:   42 5c 76 d6 c3 cc cc cc cc cc 48 83 ec 08 44 8b
0x00007ff80b9b1706:   c2 4c 8b d9 83 fa 01 0f 84 a7 00 00 00 44 8b 51
0x00007ff80b9b1716:   58 41 8b c0 48 c1 e8 02 48 89 3c 24 48 8d 3d ff
0x00007ff80b9b1726:   04 37 00 48 8b 3c c7 44 3b 51 5c 0f 87 7f 00 00
0x00007ff80b9b1736:   00 48 89 5c 24 10 0f 1f 40 00 41 8b c2 4d 8b 0c
0x00007ff80b9b1746:   c3 49 8d 1c c3 49 8b c1 48 23 c7 41 83 f8 01 76 


Stack slot to memory mapping:

stack at sp + 0 slots: 0x000001daa9459670 points into unknown readable memory: 0x0000000000000000 | 00 00 00 00 00 00 00 00
stack at sp + 1 slots: 0x00007ff80b9b1b0e jvm.dll
stack at sp + 2 slots: 0x00007ff80beb7804 jvm.dll
stack at sp + 3 slots: 0x0000003e483fd280 is pointing into the stack for thread: 0x000001daf9aefff0
stack at sp + 4 slots: 0x000001daa7f70850 points into unknown readable memory: 0x000300030ffffcff | ff fc ff 0f 03 00 03 00
stack at sp + 5 slots: 0x000001daa678a320 points into unknown readable memory: 0x00007ff80bc0c0e8 | e8 c0 c0 0b f8 7f 00 00
stack at sp + 6 slots: 0x0000000000000004 is an unknown value
stack at sp + 7 slots: 0x00007ff80b477229 jvm.dll


---------------  P R O C E S S  ---------------

Threads class SMR info:
_java_thread_list=0x000001daf9dd7090, length=38, elements={
0x000001daed7e4fd0, 0x000001daf9adcb80, 0x000001daf9ae19b0, 0x000001daf9ae7c80,
0x000001daf9ae98f0, 0x000001daf9aea450, 0x000001daf9aeaeb0, 0x000001daf9aefff0,
0x000001daf9af0a90, 0x000001daf9bded40, 0x000001daf9d10320, 0x000001daf9d737f0,
0x000001daff06c070, 0x000001daa41ed5a0, 0x000001daa40ff650, 0x000001daff6d20a0,
0x000001daff40d7d0, 0x000001daff6b1d80, 0x000001daff673140, 0x000001daff6737d0,
0x000001daff673e60, 0x000001daff672ab0, 0x000001daa40b2960, 0x000001daa40b0890,
0x000001daa40b0200, 0x000001daa40b0f20, 0x000001daa40b3680, 0x000001daa40b2ff0,
0x000001daa40b43a0, 0x000001daa40b4a30, 0x000001daa40aee50, 0x000001daa40b6470,
0x000001daa40b1c40, 0x000001daa40b50c0, 0x000001daa40b15b0, 0x000001daa40b5750,
0x000001daa40b5de0, 0x000001daa739e140
}

Java Threads: ( => current thread )
  0x000001daed7e4fd0 JavaThread "main"                              [_thread_blocked, id=1376, stack(0x0000003e47500000,0x0000003e47600000) (1024K)]
  0x000001daf9adcb80 JavaThread "Reference Handler"          daemon [_thread_blocked, id=1936, stack(0x0000003e47d00000,0x0000003e47e00000) (1024K)]
  0x000001daf9ae19b0 JavaThread "Finalizer"                  daemon [_thread_blocked, id=1420, stack(0x0000003e47e00000,0x0000003e47f00000) (1024K)]
  0x000001daf9ae7c80 JavaThread "Signal Dispatcher"          daemon [_thread_blocked, id=10632, stack(0x0000003e47f00000,0x0000003e48000000) (1024K)]
  0x000001daf9ae98f0 JavaThread "Attach Listener"            daemon [_thread_blocked, id=13052, stack(0x0000003e48000000,0x0000003e48100000) (1024K)]
  0x000001daf9aea450 JavaThread "Service Thread"             daemon [_thread_blocked, id=4624, stack(0x0000003e48100000,0x0000003e48200000) (1024K)]
  0x000001daf9aeaeb0 JavaThread "Monitor Deflation Thread"   daemon [_thread_blocked, id=11108, stack(0x0000003e48200000,0x0000003e48300000) (1024K)]
=>0x000001daf9aefff0 JavaThread "C2 CompilerThread0"         daemon [_thread_in_native, id=3956, stack(0x0000003e48300000,0x0000003e48400000) (1024K)]
  0x000001daf9af0a90 JavaThread "C1 CompilerThread0"         daemon [_thread_blocked, id=12916, stack(0x0000003e48400000,0x0000003e48500000) (1024K)]
  0x000001daf9bded40 JavaThread "Common-Cleaner"             daemon [_thread_blocked, id=2860, stack(0x0000003e48500000,0x0000003e48600000) (1024K)]
  0x000001daf9d10320 JavaThread "Notification Thread"        daemon [_thread_blocked, id=1380, stack(0x0000003e48600000,0x0000003e48700000) (1024K)]
  0x000001daf9d737f0 JavaThread "C2 CompilerThread1"         daemon [_thread_in_native, id=14488, stack(0x0000003e48700000,0x0000003e48800000) (1024K)]
  0x000001daff06c070 JavaThread "C2 CompilerThread2"         daemon [_thread_in_native, id=3228, stack(0x0000003e48d00000,0x0000003e48e00000) (1024K)]
  0x000001daa41ed5a0 JavaThread "Daemon health stats"               [_thread_blocked, id=4048, stack(0x0000003e48e00000,0x0000003e48f00000) (1024K)]
  0x000001daa40ff650 JavaThread "Incoming local TCP Connector on port 49858"        [_thread_in_native, id=3892, stack(0x0000003e48f00000,0x0000003e49000000) (1024K)]
  0x000001daff6d20a0 JavaThread "Daemon periodic checks"            [_thread_blocked, id=5544, stack(0x0000003e49000000,0x0000003e49100000) (1024K)]
  0x000001daff40d7d0 JavaThread "Daemon"                            [_thread_blocked, id=14340, stack(0x0000003e49100000,0x0000003e49200000) (1024K)]
  0x000001daff6b1d80 JavaThread "Handler for socket connection from /127.0.0.1:49858 to /127.0.0.1:49859"        [_thread_in_native, id=10748, stack(0x0000003e49200000,0x0000003e49300000) (1024K)]
  0x000001daff673140 JavaThread "Cancel handler"                    [_thread_blocked, id=3596, stack(0x0000003e49300000,0x0000003e49400000) (1024K)]
  0x000001daff6737d0 JavaThread "Daemon worker"                     [_thread_in_vm, id=4864, stack(0x0000003e49400000,0x0000003e49500000) (1024K)]
  0x000001daff673e60 JavaThread "Asynchronous log dispatcher for DefaultDaemonConnection: socket connection from /127.0.0.1:49858 to /127.0.0.1:49859"        [_thread_blocked, id=3244, stack(0x0000003e49500000,0x0000003e49600000) (1024K)]
  0x000001daff672ab0 JavaThread "Stdin handler"                     [_thread_blocked, id=3224, stack(0x0000003e49600000,0x0000003e49700000) (1024K)]
  0x000001daa40b2960 JavaThread "Daemon client event forwarder"        [_thread_blocked, id=3220, stack(0x0000003e49700000,0x0000003e49800000) (1024K)]
  0x000001daa40b0890 JavaThread "Cache worker for journal cache (C:\Users\kulas\.gradle\caches\journal-1)"        [_thread_blocked, id=3812, stack(0x0000003e49800000,0x0000003e49900000) (1024K)]
  0x000001daa40b0200 JavaThread "File lock request listener"        [_thread_in_native, id=10088, stack(0x0000003e49900000,0x0000003e49a00000) (1024K)]
  0x000001daa40b0f20 JavaThread "Cache worker for file hash cache (C:\Users\kulas\.gradle\caches\8.1.1\fileHashes)"        [_thread_blocked, id=6672, stack(0x0000003e49a00000,0x0000003e49b00000) (1024K)]
  0x000001daa40b3680 JavaThread "File watcher server"        daemon [_thread_in_native, id=7548, stack(0x0000003e49b00000,0x0000003e49c00000) (1024K)]
  0x000001daa40b2ff0 JavaThread "File watcher consumer"      daemon [_thread_blocked, id=6804, stack(0x0000003e49c00000,0x0000003e49d00000) (1024K)]
  0x000001daa40b43a0 JavaThread "Cache worker for checksums cache (C:\Users\kulas\Desktop\Projects\CCode\.gradle\8.1.1\checksums)"        [_thread_blocked, id=8560, stack(0x0000003e4a300000,0x0000003e4a400000) (1024K)]
  0x000001daa40b4a30 JavaThread "Cache worker for cache directory md-rule (C:\Users\kulas\.gradle\caches\8.1.1\md-rule)"        [_thread_blocked, id=15192, stack(0x0000003e4a400000,0x0000003e4a500000) (1024K)]
  0x000001daa40aee50 JavaThread "Cache worker for file content cache (C:\Users\kulas\.gradle\caches\8.1.1\fileContent)"        [_thread_blocked, id=5680, stack(0x0000003e4a500000,0x0000003e4a600000) (1024K)]
  0x000001daa40b6470 JavaThread "Cache worker for file hash cache (C:\Users\kulas\Desktop\Projects\CCode\.gradle\8.1.1\fileHashes)"        [_thread_blocked, id=10016, stack(0x0000003e4a600000,0x0000003e4a700000) (1024K)]
  0x000001daa40b1c40 JavaThread "Cache worker for cache directory md-supplier (C:\Users\kulas\.gradle\caches\8.1.1\md-supplier)"        [_thread_blocked, id=5772, stack(0x0000003e4a700000,0x0000003e4a800000) (1024K)]
  0x000001daa40b50c0 JavaThread "Cache worker for execution history cache (C:\Users\kulas\.gradle\caches\8.1.1\executionHistory)"        [_thread_blocked, id=7068, stack(0x0000003e4a800000,0x0000003e4a900000) (1024K)]
  0x000001daa40b15b0 JavaThread "jar transforms"                    [_thread_blocked, id=7076, stack(0x0000003e4a900000,0x0000003e4aa00000) (1024K)]
  0x000001daa40b5750 JavaThread "jar transforms Thread 2"           [_thread_blocked, id=7444, stack(0x0000003e4aa00000,0x0000003e4ab00000) (1024K)]
  0x000001daa40b5de0 JavaThread "Cache worker for dependencies-accessors (C:\Users\kulas\Desktop\Projects\CCode\.gradle\8.1.1\dependencies-accessors)"        [_thread_blocked, id=4980, stack(0x0000003e4ab00000,0x0000003e4ac00000) (1024K)]
  0x000001daa739e140 JavaThread "jar transforms Thread 3"           [_thread_blocked, id=3032, stack(0x0000003e4ac00000,0x0000003e4ad00000) (1024K)]
Total: 38

Other Threads:
  0x000001daf9ac3840 VMThread "VM Thread"                           [id=6968, stack(0x0000003e47c00000,0x0000003e47d00000) (1024K)]
  0x000001daf9aaafd0 WatcherThread "VM Periodic Task Thread"        [id=14904, stack(0x0000003e47b00000,0x0000003e47c00000) (1024K)]
  0x000001daed80ecf0 WorkerThread "GC Thread#0"                     [id=14600, stack(0x0000003e47600000,0x0000003e47700000) (1024K)]
  0x000001dafe6b2170 WorkerThread "GC Thread#1"                     [id=2408, stack(0x0000003e48800000,0x0000003e48900000) (1024K)]
  0x000001dafe81d440 WorkerThread "GC Thread#2"                     [id=6676, stack(0x0000003e48900000,0x0000003e48a00000) (1024K)]
  0x000001dafe81d7e0 WorkerThread "GC Thread#3"                     [id=6324, stack(0x0000003e48a00000,0x0000003e48b00000) (1024K)]
  0x000001dafe830ec0 WorkerThread "GC Thread#4"                     [id=2312, stack(0x0000003e48b00000,0x0000003e48c00000) (1024K)]
  0x000001dafe831260 WorkerThread "GC Thread#5"                     [id=14724, stack(0x0000003e48c00000,0x0000003e48d00000) (1024K)]
  0x000001daa6951880 WorkerThread "GC Thread#6"                     [id=7248, stack(0x0000003e49d00000,0x0000003e49e00000) (1024K)]
  0x000001daa6951fc0 WorkerThread "GC Thread#7"                     [id=7308, stack(0x0000003e49e00000,0x0000003e49f00000) (1024K)]
  0x000001daa6951140 WorkerThread "GC Thread#8"                     [id=6760, stack(0x0000003e49f00000,0x0000003e4a000000) (1024K)]
  0x000001daa69514e0 WorkerThread "GC Thread#9"                     [id=6320, stack(0x0000003e4a000000,0x0000003e4a100000) (1024K)]
  0x000001daed8252a0 ConcurrentGCThread "G1 Main Marker"            [id=4612, stack(0x0000003e47700000,0x0000003e47800000) (1024K)]
  0x000001daed826540 WorkerThread "G1 Conc#0"                       [id=2044, stack(0x0000003e47800000,0x0000003e47900000) (1024K)]
  0x000001daa6951c20 WorkerThread "G1 Conc#1"                       [id=4668, stack(0x0000003e4a100000,0x0000003e4a200000) (1024K)]
  0x000001daa6952360 WorkerThread "G1 Conc#2"                       [id=5960, stack(0x0000003e4a200000,0x0000003e4a300000) (1024K)]
  0x000001daf9982240 ConcurrentGCThread "G1 Refine#0"               [id=11644, stack(0x0000003e47900000,0x0000003e47a00000) (1024K)]
  0x000001daf9982bc0 ConcurrentGCThread "G1 Service"                [id=15276, stack(0x0000003e47a00000,0x0000003e47b00000) (1024K)]
Total: 18

Threads with active compile tasks:
C2 CompilerThread0     2501 4207   !   4       java.net.URLClassLoader$1::run (81 bytes)
C2 CompilerThread1     2501 4237   !   4       java.net.URLClassLoader::findClass (47 bytes)
C2 CompilerThread2     2501 4400       4       java.util.regex.Matcher::find (69 bytes)
Total: 3

VM state: not at safepoint (normal execution)

VM Mutex/Monitor currently owned by a thread: None

Heap address: 0x00000000e0000000, size: 512 MB, Compressed Oops mode: 32-bit

CDS archive(s) mapped at: [0x000001da8f000000-0x000001da8fc90000-0x000001da8fc90000), size 13172736, SharedBaseAddress: 0x000001da8f000000, ArchiveRelocationMode: 1.
Compressed class space mapped at: 0x000001da90000000-0x000001daa4000000, reserved size: 335544320
Narrow klass base: 0x000001da8f000000, Narrow klass shift: 0, Narrow klass range: 0x100000000

GC Precious Log:
 CardTable entry size: 512
 Card Set container configuration: InlinePtr #cards 5 size 8 Array Of Cards #cards 12 size 40 Howl #buckets 4 coarsen threshold 1843 Howl Bitmap #cards 512 size 80 coarsen threshold 460 Card regions per heap region 1 cards per card region 2048
 CPUs: 12 total, 12 available
 Memory: 32648M
 Large Page Support: Disabled
 NUMA Support: Disabled
 Compressed Oops: Enabled (32-bit)
 Heap Region Size: 1M
 Heap Min Capacity: 256M
 Heap Initial Capacity: 256M
 Heap Max Capacity: 512M
 Pre-touch: Disabled
 Parallel Workers: 10
 Concurrent Workers: 3
 Concurrent Refinement Workers: 10
 Periodic GC: Disabled

Heap:
 garbage-first heap   total 262144K, used 69079K [0x00000000e0000000, 0x0000000100000000)
  region size 1024K, 48 young (49152K), 16 survivors (16384K)
 Metaspace       used 39620K, committed 41024K, reserved 393216K
  class space    used 5575K, committed 6272K, reserved 327680K

Heap Regions: E=young(eden), S=young(survivor), O=old, HS=humongous(starts), HC=humongous(continues), CS=collection set, F=free, TAMS=top-at-mark-start, PB=parsable bottom
|   0|0x00000000e0000000, 0x00000000e0100000, 0x00000000e0100000|100%|HS|  |TAMS 0x00000000e0000000| PB 0x00000000e0000000| Complete 
|   1|0x00000000e0100000, 0x00000000e0200000, 0x00000000e0200000|100%|HC|  |TAMS 0x00000000e0100000| PB 0x00000000e0100000| Complete 
|   2|0x00000000e0200000, 0x00000000e0300000, 0x00000000e0300000|100%|HC|  |TAMS 0x00000000e0200000| PB 0x00000000e0200000| Complete 
|   3|0x00000000e0300000, 0x00000000e0400000, 0x00000000e0400000|100%|HC|  |TAMS 0x00000000e0300000| PB 0x00000000e0300000| Complete 
|   4|0x00000000e0400000, 0x00000000e0500000, 0x00000000e0500000|100%| O|  |TAMS 0x00000000e0400000| PB 0x00000000e0400000| Untracked 
|   5|0x00000000e0500000, 0x00000000e0600000, 0x00000000e0600000|100%| O|  |TAMS 0x00000000e0500000| PB 0x00000000e0500000| Untracked 
|   6|0x00000000e0600000, 0x00000000e0700000, 0x00000000e0700000|100%| O|  |TAMS 0x00000000e0600000| PB 0x00000000e0600000| Untracked 
|   7|0x00000000e0700000, 0x00000000e0800000, 0x00000000e0800000|100%| O|  |TAMS 0x00000000e0700000| PB 0x00000000e0700000| Untracked 
|   8|0x00000000e0800000, 0x00000000e0900000, 0x00000000e0900000|100%| O|  |TAMS 0x00000000e0800000| PB 0x00000000e0800000| Untracked 
|   9|0x00000000e0900000, 0x00000000e0a00000, 0x00000000e0a00000|100%| O|  |TAMS 0x00000000e0900000| PB 0x00000000e0900000| Untracked 
|  10|0x00000000e0a00000, 0x00000000e0b00000, 0x00000000e0b00000|100%| O|  |TAMS 0x00000000e0a00000| PB 0x00000000e0a00000| Untracked 
|  11|0x00000000e0b00000, 0x00000000e0c00000, 0x00000000e0c00000|100%| O|Cm|TAMS 0x00000000e0b00000| PB 0x00000000e0b00000| Complete 
|  12|0x00000000e0c00000, 0x00000000e0d00000, 0x00000000e0d00000|100%| O|  |TAMS 0x00000000e0c00000| PB 0x00000000e0c00000| Untracked 
|  13|0x00000000e0d00000, 0x00000000e0e00000, 0x00000000e0e00000|100%| O|  |TAMS 0x00000000e0d00000| PB 0x00000000e0d00000| Untracked 
|  14|0x00000000e0e00000, 0x00000000e0e75ff0, 0x00000000e0f00000| 46%| O|  |TAMS 0x00000000e0e00000| PB 0x00000000e0e00000| Untracked 
|  15|0x00000000e0f00000, 0x00000000e1000000, 0x00000000e1000000|100%|HS|  |TAMS 0x00000000e0f00000| PB 0x00000000e0f00000| Complete 
|  16|0x00000000e1000000, 0x00000000e1100000, 0x00000000e1100000|100%|HS|  |TAMS 0x00000000e1000000| PB 0x00000000e1000000| Complete 
|  17|0x00000000e1100000, 0x00000000e1200000, 0x00000000e1200000|100%|HS|  |TAMS 0x00000000e1100000| PB 0x00000000e1100000| Complete 
|  18|0x00000000e1200000, 0x00000000e1300000, 0x00000000e1300000|100%|HS|  |TAMS 0x00000000e1200000| PB 0x00000000e1200000| Complete 
|  19|0x00000000e1300000, 0x00000000e1400000, 0x00000000e1400000|100%|HC|  |TAMS 0x00000000e1300000| PB 0x00000000e1300000| Complete 
|  20|0x00000000e1400000, 0x00000000e1500000, 0x00000000e1500000|100%|HS|  |TAMS 0x00000000e1400000| PB 0x00000000e1400000| Complete 
|  21|0x00000000e1500000, 0x00000000e1600000, 0x00000000e1600000|100%|HC|  |TAMS 0x00000000e1500000| PB 0x00000000e1500000| Complete 
|  22|0x00000000e1600000, 0x00000000e1600000, 0x00000000e1700000|  0%| F|  |TAMS 0x00000000e1600000| PB 0x00000000e1600000| Untracked 
|  23|0x00000000e1700000, 0x00000000e1700000, 0x00000000e1800000|  0%| F|  |TAMS 0x00000000e1700000| PB 0x00000000e1700000| Untracked 
|  24|0x00000000e1800000, 0x00000000e1800000, 0x00000000e1900000|  0%| F|  |TAMS 0x00000000e1800000| PB 0x00000000e1800000| Untracked 
|  25|0x00000000e1900000, 0x00000000e1900000, 0x00000000e1a00000|  0%| F|  |TAMS 0x00000000e1900000| PB 0x00000000e1900000| Untracked 
|  26|0x00000000e1a00000, 0x00000000e1a00000, 0x00000000e1b00000|  0%| F|  |TAMS 0x00000000e1a00000| PB 0x00000000e1a00000| Untracked 
|  27|0x00000000e1b00000, 0x00000000e1b00000, 0x00000000e1c00000|  0%| F|  |TAMS 0x00000000e1b00000| PB 0x00000000e1b00000| Untracked 
|  28|0x00000000e1c00000, 0x00000000e1c00000, 0x00000000e1d00000|  0%| F|  |TAMS 0x00000000e1c00000| PB 0x00000000e1c00000| Untracked 
|  29|0x00000000e1d00000, 0x00000000e1d00000, 0x00000000e1e00000|  0%| F|  |TAMS 0x00000000e1d00000| PB 0x00000000e1d00000| Untracked 
|  30|0x00000000e1e00000, 0x00000000e1e00000, 0x00000000e1f00000|  0%| F|  |TAMS 0x00000000e1e00000| PB 0x00000000e1e00000| Untracked 
|  31|0x00000000e1f00000, 0x00000000e1f00000, 0x00000000e2000000|  0%| F|  |TAMS 0x00000000e1f00000| PB 0x00000000e1f00000| Untracked 
|  32|0x00000000e2000000, 0x00000000e2000000, 0x00000000e2100000|  0%| F|  |TAMS 0x00000000e2000000| PB 0x00000000e2000000| Untracked 
|  33|0x00000000e2100000, 0x00000000e2100000, 0x00000000e2200000|  0%| F|  |TAMS 0x00000000e2100000| PB 0x00000000e2100000| Untracked 
|  34|0x00000000e2200000, 0x00000000e2200000, 0x00000000e2300000|  0%| F|  |TAMS 0x00000000e2200000| PB 0x00000000e2200000| Untracked 
|  35|0x00000000e2300000, 0x00000000e2300000, 0x00000000e2400000|  0%| F|  |TAMS 0x00000000e2300000| PB 0x00000000e2300000| Untracked 
|  36|0x00000000e2400000, 0x00000000e2400000, 0x00000000e2500000|  0%| F|  |TAMS 0x00000000e2400000| PB 0x00000000e2400000| Untracked 
|  37|0x00000000e2500000, 0x00000000e2500000, 0x00000000e2600000|  0%| F|  |TAMS 0x00000000e2500000| PB 0x00000000e2500000| Untracked 
|  38|0x00000000e2600000, 0x00000000e2600000, 0x00000000e2700000|  0%| F|  |TAMS 0x00000000e2600000| PB 0x00000000e2600000| Untracked 
|  39|0x00000000e2700000, 0x00000000e2700000, 0x00000000e2800000|  0%| F|  |TAMS 0x00000000e2700000| PB 0x00000000e2700000| Untracked 
|  40|0x00000000e2800000, 0x00000000e2800000, 0x00000000e2900000|  0%| F|  |TAMS 0x00000000e2800000| PB 0x00000000e2800000| Untracked 
|  41|0x00000000e2900000, 0x00000000e2900000, 0x00000000e2a00000|  0%| F|  |TAMS 0x00000000e2900000| PB 0x00000000e2900000| Untracked 
|  42|0x00000000e2a00000, 0x00000000e2a00000, 0x00000000e2b00000|  0%| F|  |TAMS 0x00000000e2a00000| PB 0x00000000e2a00000| Untracked 
|  43|0x00000000e2b00000, 0x00000000e2b00000, 0x00000000e2c00000|  0%| F|  |TAMS 0x00000000e2b00000| PB 0x00000000e2b00000| Untracked 
|  44|0x00000000e2c00000, 0x00000000e2c00000, 0x00000000e2d00000|  0%| F|  |TAMS 0x00000000e2c00000| PB 0x00000000e2c00000| Untracked 
|  45|0x00000000e2d00000, 0x00000000e2d00000, 0x00000000e2e00000|  0%| F|  |TAMS 0x00000000e2d00000| PB 0x00000000e2d00000| Untracked 
|  46|0x00000000e2e00000, 0x00000000e2e00000, 0x00000000e2f00000|  0%| F|  |TAMS 0x00000000e2e00000| PB 0x00000000e2e00000| Untracked 
|  47|0x00000000e2f00000, 0x00000000e2f00000, 0x00000000e3000000|  0%| F|  |TAMS 0x00000000e2f00000| PB 0x00000000e2f00000| Untracked 
|  48|0x00000000e3000000, 0x00000000e3000000, 0x00000000e3100000|  0%| F|  |TAMS 0x00000000e3000000| PB 0x00000000e3000000| Untracked 
|  49|0x00000000e3100000, 0x00000000e3100000, 0x00000000e3200000|  0%| F|  |TAMS 0x00000000e3100000| PB 0x00000000e3100000| Untracked 
|  50|0x00000000e3200000, 0x00000000e3200000, 0x00000000e3300000|  0%| F|  |TAMS 0x00000000e3200000| PB 0x00000000e3200000| Untracked 
|  51|0x00000000e3300000, 0x00000000e3300000, 0x00000000e3400000|  0%| F|  |TAMS 0x00000000e3300000| PB 0x00000000e3300000| Untracked 
|  52|0x00000000e3400000, 0x00000000e3400000, 0x00000000e3500000|  0%| F|  |TAMS 0x00000000e3400000| PB 0x00000000e3400000| Untracked 
|  53|0x00000000e3500000, 0x00000000e3500000, 0x00000000e3600000|  0%| F|  |TAMS 0x00000000e3500000| PB 0x00000000e3500000| Untracked 
|  54|0x00000000e3600000, 0x00000000e3600000, 0x00000000e3700000|  0%| F|  |TAMS 0x00000000e3600000| PB 0x00000000e3600000| Untracked 
|  55|0x00000000e3700000, 0x00000000e3700000, 0x00000000e3800000|  0%| F|  |TAMS 0x00000000e3700000| PB 0x00000000e3700000| Untracked 
|  56|0x00000000e3800000, 0x00000000e3800000, 0x00000000e3900000|  0%| F|  |TAMS 0x00000000e3800000| PB 0x00000000e3800000| Untracked 
|  57|0x00000000e3900000, 0x00000000e3900000, 0x00000000e3a00000|  0%| F|  |TAMS 0x00000000e3900000| PB 0x00000000e3900000| Untracked 
|  58|0x00000000e3a00000, 0x00000000e3a00000, 0x00000000e3b00000|  0%| F|  |TAMS 0x00000000e3a00000| PB 0x00000000e3a00000| Untracked 
|  59|0x00000000e3b00000, 0x00000000e3b00000, 0x00000000e3c00000|  0%| F|  |TAMS 0x00000000e3b00000| PB 0x00000000e3b00000| Untracked 
|  60|0x00000000e3c00000, 0x00000000e3c00000, 0x00000000e3d00000|  0%| F|  |TAMS 0x00000000e3c00000| PB 0x00000000e3c00000| Untracked 
|  61|0x00000000e3d00000, 0x00000000e3d00000, 0x00000000e3e00000|  0%| F|  |TAMS 0x00000000e3d00000| PB 0x00000000e3d00000| Untracked 
|  62|0x00000000e3e00000, 0x00000000e3e00000, 0x00000000e3f00000|  0%| F|  |TAMS 0x00000000e3e00000| PB 0x00000000e3e00000| Untracked 
|  63|0x00000000e3f00000, 0x00000000e3f00000, 0x00000000e4000000|  0%| F|  |TAMS 0x00000000e3f00000| PB 0x00000000e3f00000| Untracked 
|  64|0x00000000e4000000, 0x00000000e4000000, 0x00000000e4100000|  0%| F|  |TAMS 0x00000000e4000000| PB 0x00000000e4000000| Untracked 
|  65|0x00000000e4100000, 0x00000000e4100000, 0x00000000e4200000|  0%| F|  |TAMS 0x00000000e4100000| PB 0x00000000e4100000| Untracked 
|  66|0x00000000e4200000, 0x00000000e4200000, 0x00000000e4300000|  0%| F|  |TAMS 0x00000000e4200000| PB 0x00000000e4200000| Untracked 
|  67|0x00000000e4300000, 0x00000000e4300000, 0x00000000e4400000|  0%| F|  |TAMS 0x00000000e4300000| PB 0x00000000e4300000| Untracked 
|  68|0x00000000e4400000, 0x00000000e4400000, 0x00000000e4500000|  0%| F|  |TAMS 0x00000000e4400000| PB 0x00000000e4400000| Untracked 
|  69|0x00000000e4500000, 0x00000000e4500000, 0x00000000e4600000|  0%| F|  |TAMS 0x00000000e4500000| PB 0x00000000e4500000| Untracked 
|  70|0x00000000e4600000, 0x00000000e4600000, 0x00000000e4700000|  0%| F|  |TAMS 0x00000000e4600000| PB 0x00000000e4600000| Untracked 
|  71|0x00000000e4700000, 0x00000000e4700000, 0x00000000e4800000|  0%| F|  |TAMS 0x00000000e4700000| PB 0x00000000e4700000| Untracked 
|  72|0x00000000e4800000, 0x00000000e4800000, 0x00000000e4900000|  0%| F|  |TAMS 0x00000000e4800000| PB 0x00000000e4800000| Untracked 
|  73|0x00000000e4900000, 0x00000000e4900000, 0x00000000e4a00000|  0%| F|  |TAMS 0x00000000e4900000| PB 0x00000000e4900000| Untracked 
|  74|0x00000000e4a00000, 0x00000000e4a00000, 0x00000000e4b00000|  0%| F|  |TAMS 0x00000000e4a00000| PB 0x00000000e4a00000| Untracked 
|  75|0x00000000e4b00000, 0x00000000e4b00000, 0x00000000e4c00000|  0%| F|  |TAMS 0x00000000e4b00000| PB 0x00000000e4b00000| Untracked 
|  76|0x00000000e4c00000, 0x00000000e4c00000, 0x00000000e4d00000|  0%| F|  |TAMS 0x00000000e4c00000| PB 0x00000000e4c00000| Untracked 
|  77|0x00000000e4d00000, 0x00000000e4d00000, 0x00000000e4e00000|  0%| F|  |TAMS 0x00000000e4d00000| PB 0x00000000e4d00000| Untracked 
|  78|0x00000000e4e00000, 0x00000000e4e00000, 0x00000000e4f00000|  0%| F|  |TAMS 0x00000000e4e00000| PB 0x00000000e4e00000| Untracked 
|  79|0x00000000e4f00000, 0x00000000e4f00000, 0x00000000e5000000|  0%| F|  |TAMS 0x00000000e4f00000| PB 0x00000000e4f00000| Untracked 
|  80|0x00000000e5000000, 0x00000000e5000000, 0x00000000e5100000|  0%| F|  |TAMS 0x00000000e5000000| PB 0x00000000e5000000| Untracked 
|  81|0x00000000e5100000, 0x00000000e5100000, 0x00000000e5200000|  0%| F|  |TAMS 0x00000000e5100000| PB 0x00000000e5100000| Untracked 
|  82|0x00000000e5200000, 0x00000000e5200000, 0x00000000e5300000|  0%| F|  |TAMS 0x00000000e5200000| PB 0x00000000e5200000| Untracked 
|  83|0x00000000e5300000, 0x00000000e5300000, 0x00000000e5400000|  0%| F|  |TAMS 0x00000000e5300000| PB 0x00000000e5300000| Untracked 
|  84|0x00000000e5400000, 0x00000000e5400000, 0x00000000e5500000|  0%| F|  |TAMS 0x00000000e5400000| PB 0x00000000e5400000| Untracked 
|  85|0x00000000e5500000, 0x00000000e5500000, 0x00000000e5600000|  0%| F|  |TAMS 0x00000000e5500000| PB 0x00000000e5500000| Untracked 
|  86|0x00000000e5600000, 0x00000000e5600000, 0x00000000e5700000|  0%| F|  |TAMS 0x00000000e5600000| PB 0x00000000e5600000| Untracked 
|  87|0x00000000e5700000, 0x00000000e5700000, 0x00000000e5800000|  0%| F|  |TAMS 0x00000000e5700000| PB 0x00000000e5700000| Untracked 
|  88|0x00000000e5800000, 0x00000000e5800000, 0x00000000e5900000|  0%| F|  |TAMS 0x00000000e5800000| PB 0x00000000e5800000| Untracked 
|  89|0x00000000e5900000, 0x00000000e5900000, 0x00000000e5a00000|  0%| F|  |TAMS 0x00000000e5900000| PB 0x00000000e5900000| Untracked 
|  90|0x00000000e5a00000, 0x00000000e5a00000, 0x00000000e5b00000|  0%| F|  |TAMS 0x00000000e5a00000| PB 0x00000000e5a00000| Untracked 
|  91|0x00000000e5b00000, 0x00000000e5b00000, 0x00000000e5c00000|  0%| F|  |TAMS 0x00000000e5b00000| PB 0x00000000e5b00000| Untracked 
|  92|0x00000000e5c00000, 0x00000000e5c00000, 0x00000000e5d00000|  0%| F|  |TAMS 0x00000000e5c00000| PB 0x00000000e5c00000| Untracked 
|  93|0x00000000e5d00000, 0x00000000e5d00000, 0x00000000e5e00000|  0%| F|  |TAMS 0x00000000e5d00000| PB 0x00000000e5d00000| Untracked 
|  94|0x00000000e5e00000, 0x00000000e5e00000, 0x00000000e5f00000|  0%| F|  |TAMS 0x00000000e5e00000| PB 0x00000000e5e00000| Untracked 
|  95|0x00000000e5f00000, 0x00000000e5f00000, 0x00000000e6000000|  0%| F|  |TAMS 0x00000000e5f00000| PB 0x00000000e5f00000| Untracked 
|  96|0x00000000e6000000, 0x00000000e6000000, 0x00000000e6100000|  0%| F|  |TAMS 0x00000000e6000000| PB 0x00000000e6000000| Untracked 
|  97|0x00000000e6100000, 0x00000000e6100000, 0x00000000e6200000|  0%| F|  |TAMS 0x00000000e6100000| PB 0x00000000e6100000| Untracked 
|  98|0x00000000e6200000, 0x00000000e6200000, 0x00000000e6300000|  0%| F|  |TAMS 0x00000000e6200000| PB 0x00000000e6200000| Untracked 
|  99|0x00000000e6300000, 0x00000000e6300000, 0x00000000e6400000|  0%| F|  |TAMS 0x00000000e6300000| PB 0x00000000e6300000| Untracked 
| 100|0x00000000e6400000, 0x00000000e6400000, 0x00000000e6500000|  0%| F|  |TAMS 0x00000000e6400000| PB 0x00000000e6400000| Untracked 
| 101|0x00000000e6500000, 0x00000000e6500000, 0x00000000e6600000|  0%| F|  |TAMS 0x00000000e6500000| PB 0x00000000e6500000| Untracked 
| 102|0x00000000e6600000, 0x00000000e6600000, 0x00000000e6700000|  0%| F|  |TAMS 0x00000000e6600000| PB 0x00000000e6600000| Untracked 
| 103|0x00000000e6700000, 0x00000000e6700000, 0x00000000e6800000|  0%| F|  |TAMS 0x00000000e6700000| PB 0x00000000e6700000| Untracked 
| 104|0x00000000e6800000, 0x00000000e6800000, 0x00000000e6900000|  0%| F|  |TAMS 0x00000000e6800000| PB 0x00000000e6800000| Untracked 
| 105|0x00000000e6900000, 0x00000000e6900000, 0x00000000e6a00000|  0%| F|  |TAMS 0x00000000e6900000| PB 0x00000000e6900000| Untracked 
| 106|0x00000000e6a00000, 0x00000000e6a00000, 0x00000000e6b00000|  0%| F|  |TAMS 0x00000000e6a00000| PB 0x00000000e6a00000| Untracked 
| 107|0x00000000e6b00000, 0x00000000e6b00000, 0x00000000e6c00000|  0%| F|  |TAMS 0x00000000e6b00000| PB 0x00000000e6b00000| Untracked 
| 108|0x00000000e6c00000, 0x00000000e6c00000, 0x00000000e6d00000|  0%| F|  |TAMS 0x00000000e6c00000| PB 0x00000000e6c00000| Untracked 
| 109|0x00000000e6d00000, 0x00000000e6d00000, 0x00000000e6e00000|  0%| F|  |TAMS 0x00000000e6d00000| PB 0x00000000e6d00000| Untracked 
| 110|0x00000000e6e00000, 0x00000000e6e00000, 0x00000000e6f00000|  0%| F|  |TAMS 0x00000000e6e00000| PB 0x00000000e6e00000| Untracked 
| 111|0x00000000e6f00000, 0x00000000e6f00000, 0x00000000e7000000|  0%| F|  |TAMS 0x00000000e6f00000| PB 0x00000000e6f00000| Untracked 
| 112|0x00000000e7000000, 0x00000000e7000000, 0x00000000e7100000|  0%| F|  |TAMS 0x00000000e7000000| PB 0x00000000e7000000| Untracked 
| 113|0x00000000e7100000, 0x00000000e7100000, 0x00000000e7200000|  0%| F|  |TAMS 0x00000000e7100000| PB 0x00000000e7100000| Untracked 
| 114|0x00000000e7200000, 0x00000000e7200000, 0x00000000e7300000|  0%| F|  |TAMS 0x00000000e7200000| PB 0x00000000e7200000| Untracked 
| 115|0x00000000e7300000, 0x00000000e7300000, 0x00000000e7400000|  0%| F|  |TAMS 0x00000000e7300000| PB 0x00000000e7300000| Untracked 
| 116|0x00000000e7400000, 0x00000000e7400000, 0x00000000e7500000|  0%| F|  |TAMS 0x00000000e7400000| PB 0x00000000e7400000| Untracked 
| 117|0x00000000e7500000, 0x00000000e7500000, 0x00000000e7600000|  0%| F|  |TAMS 0x00000000e7500000| PB 0x00000000e7500000| Untracked 
| 118|0x00000000e7600000, 0x00000000e7600000, 0x00000000e7700000|  0%| F|  |TAMS 0x00000000e7600000| PB 0x00000000e7600000| Untracked 
| 119|0x00000000e7700000, 0x00000000e7700000, 0x00000000e7800000|  0%| F|  |TAMS 0x00000000e7700000| PB 0x00000000e7700000| Untracked 
| 120|0x00000000e7800000, 0x00000000e7800000, 0x00000000e7900000|  0%| F|  |TAMS 0x00000000e7800000| PB 0x00000000e7800000| Untracked 
| 121|0x00000000e7900000, 0x00000000e7900000, 0x00000000e7a00000|  0%| F|  |TAMS 0x00000000e7900000| PB 0x00000000e7900000| Untracked 
| 122|0x00000000e7a00000, 0x00000000e7b00000, 0x00000000e7b00000|100%| S|CS|TAMS 0x00000000e7a00000| PB 0x00000000e7a00000| Complete 
| 123|0x00000000e7b00000, 0x00000000e7c00000, 0x00000000e7c00000|100%| S|CS|TAMS 0x00000000e7b00000| PB 0x00000000e7b00000| Complete 
| 124|0x00000000e7c00000, 0x00000000e7d00000, 0x00000000e7d00000|100%| S|CS|TAMS 0x00000000e7c00000| PB 0x00000000e7c00000| Complete 
| 125|0x00000000e7d00000, 0x00000000e7e00000, 0x00000000e7e00000|100%| S|CS|TAMS 0x00000000e7d00000| PB 0x00000000e7d00000| Complete 
| 126|0x00000000e7e00000, 0x00000000e7f00000, 0x00000000e7f00000|100%| S|CS|TAMS 0x00000000e7e00000| PB 0x00000000e7e00000| Complete 
| 127|0x00000000e7f00000, 0x00000000e8000000, 0x00000000e8000000|100%| S|CS|TAMS 0x00000000e7f00000| PB 0x00000000e7f00000| Complete 
| 128|0x00000000e8000000, 0x00000000e8100000, 0x00000000e8100000|100%| S|CS|TAMS 0x00000000e8000000| PB 0x00000000e8000000| Complete 
| 129|0x00000000e8100000, 0x00000000e8200000, 0x00000000e8200000|100%| S|CS|TAMS 0x00000000e8100000| PB 0x00000000e8100000| Complete 
| 130|0x00000000e8200000, 0x00000000e8300000, 0x00000000e8300000|100%| S|CS|TAMS 0x00000000e8200000| PB 0x00000000e8200000| Complete 
| 131|0x00000000e8300000, 0x00000000e8400000, 0x00000000e8400000|100%| S|CS|TAMS 0x00000000e8300000| PB 0x00000000e8300000| Complete 
| 132|0x00000000e8400000, 0x00000000e8500000, 0x00000000e8500000|100%| S|CS|TAMS 0x00000000e8400000| PB 0x00000000e8400000| Complete 
| 133|0x00000000e8500000, 0x00000000e8600000, 0x00000000e8600000|100%| S|CS|TAMS 0x00000000e8500000| PB 0x00000000e8500000| Complete 
| 134|0x00000000e8600000, 0x00000000e8700000, 0x00000000e8700000|100%| S|CS|TAMS 0x00000000e8600000| PB 0x00000000e8600000| Complete 
| 135|0x00000000e8700000, 0x00000000e8800000, 0x00000000e8800000|100%| S|CS|TAMS 0x00000000e8700000| PB 0x00000000e8700000| Complete 
| 136|0x00000000e8800000, 0x00000000e8900000, 0x00000000e8900000|100%| S|CS|TAMS 0x00000000e8800000| PB 0x00000000e8800000| Complete 
| 137|0x00000000e8900000, 0x00000000e8a00000, 0x00000000e8a00000|100%| S|CS|TAMS 0x00000000e8900000| PB 0x00000000e8900000| Complete 
| 138|0x00000000e8a00000, 0x00000000e8a00000, 0x00000000e8b00000|  0%| F|  |TAMS 0x00000000e8a00000| PB 0x00000000e8a00000| Untracked 
| 139|0x00000000e8b00000, 0x00000000e8b00000, 0x00000000e8c00000|  0%| F|  |TAMS 0x00000000e8b00000| PB 0x00000000e8b00000| Untracked 
| 140|0x00000000e8c00000, 0x00000000e8c00000, 0x00000000e8d00000|  0%| F|  |TAMS 0x00000000e8c00000| PB 0x00000000e8c00000| Untracked 
| 141|0x00000000e8d00000, 0x00000000e8d00000, 0x00000000e8e00000|  0%| F|  |TAMS 0x00000000e8d00000| PB 0x00000000e8d00000| Untracked 
| 142|0x00000000e8e00000, 0x00000000e8e00000, 0x00000000e8f00000|  0%| F|  |TAMS 0x00000000e8e00000| PB 0x00000000e8e00000| Untracked 
| 143|0x00000000e8f00000, 0x00000000e8f00000, 0x00000000e9000000|  0%| F|  |TAMS 0x00000000e8f00000| PB 0x00000000e8f00000| Untracked 
| 144|0x00000000e9000000, 0x00000000e9000000, 0x00000000e9100000|  0%| F|  |TAMS 0x00000000e9000000| PB 0x00000000e9000000| Untracked 
| 145|0x00000000e9100000, 0x00000000e9100000, 0x00000000e9200000|  0%| F|  |TAMS 0x00000000e9100000| PB 0x00000000e9100000| Untracked 
| 146|0x00000000e9200000, 0x00000000e9200000, 0x00000000e9300000|  0%| F|  |TAMS 0x00000000e9200000| PB 0x00000000e9200000| Untracked 
| 147|0x00000000e9300000, 0x00000000e9300000, 0x00000000e9400000|  0%| F|  |TAMS 0x00000000e9300000| PB 0x00000000e9300000| Untracked 
| 148|0x00000000e9400000, 0x00000000e9400000, 0x00000000e9500000|  0%| F|  |TAMS 0x00000000e9400000| PB 0x00000000e9400000| Untracked 
| 149|0x00000000e9500000, 0x00000000e9500000, 0x00000000e9600000|  0%| F|  |TAMS 0x00000000e9500000| PB 0x00000000e9500000| Untracked 
| 150|0x00000000e9600000, 0x00000000e9600000, 0x00000000e9700000|  0%| F|  |TAMS 0x00000000e9600000| PB 0x00000000e9600000| Untracked 
| 151|0x00000000e9700000, 0x00000000e9700000, 0x00000000e9800000|  0%| F|  |TAMS 0x00000000e9700000| PB 0x00000000e9700000| Untracked 
| 152|0x00000000e9800000, 0x00000000e9800000, 0x00000000e9900000|  0%| F|  |TAMS 0x00000000e9800000| PB 0x00000000e9800000| Untracked 
| 153|0x00000000e9900000, 0x00000000e9900000, 0x00000000e9a00000|  0%| F|  |TAMS 0x00000000e9900000| PB 0x00000000e9900000| Untracked 
| 154|0x00000000e9a00000, 0x00000000e9a00000, 0x00000000e9b00000|  0%| F|  |TAMS 0x00000000e9a00000| PB 0x00000000e9a00000| Untracked 
| 155|0x00000000e9b00000, 0x00000000e9b00000, 0x00000000e9c00000|  0%| F|  |TAMS 0x00000000e9b00000| PB 0x00000000e9b00000| Untracked 
| 156|0x00000000e9c00000, 0x00000000e9c00000, 0x00000000e9d00000|  0%| F|  |TAMS 0x00000000e9c00000| PB 0x00000000e9c00000| Untracked 
| 157|0x00000000e9d00000, 0x00000000e9d00000, 0x00000000e9e00000|  0%| F|  |TAMS 0x00000000e9d00000| PB 0x00000000e9d00000| Untracked 
| 158|0x00000000e9e00000, 0x00000000e9e00000, 0x00000000e9f00000|  0%| F|  |TAMS 0x00000000e9e00000| PB 0x00000000e9e00000| Untracked 
| 159|0x00000000e9f00000, 0x00000000e9f00000, 0x00000000ea000000|  0%| F|  |TAMS 0x00000000e9f00000| PB 0x00000000e9f00000| Untracked 
| 160|0x00000000ea000000, 0x00000000ea000000, 0x00000000ea100000|  0%| F|  |TAMS 0x00000000ea000000| PB 0x00000000ea000000| Untracked 
| 161|0x00000000ea100000, 0x00000000ea100000, 0x00000000ea200000|  0%| F|  |TAMS 0x00000000ea100000| PB 0x00000000ea100000| Untracked 
| 162|0x00000000ea200000, 0x00000000ea200000, 0x00000000ea300000|  0%| F|  |TAMS 0x00000000ea200000| PB 0x00000000ea200000| Untracked 
| 163|0x00000000ea300000, 0x00000000ea300000, 0x00000000ea400000|  0%| F|  |TAMS 0x00000000ea300000| PB 0x00000000ea300000| Untracked 
| 164|0x00000000ea400000, 0x00000000ea400000, 0x00000000ea500000|  0%| F|  |TAMS 0x00000000ea400000| PB 0x00000000ea400000| Untracked 
| 165|0x00000000ea500000, 0x00000000ea500000, 0x00000000ea600000|  0%| F|  |TAMS 0x00000000ea500000| PB 0x00000000ea500000| Untracked 
| 166|0x00000000ea600000, 0x00000000ea600000, 0x00000000ea700000|  0%| F|  |TAMS 0x00000000ea600000| PB 0x00000000ea600000| Untracked 
| 167|0x00000000ea700000, 0x00000000ea700000, 0x00000000ea800000|  0%| F|  |TAMS 0x00000000ea700000| PB 0x00000000ea700000| Untracked 
| 168|0x00000000ea800000, 0x00000000ea800000, 0x00000000ea900000|  0%| F|  |TAMS 0x00000000ea800000| PB 0x00000000ea800000| Untracked 
| 169|0x00000000ea900000, 0x00000000ea900000, 0x00000000eaa00000|  0%| F|  |TAMS 0x00000000ea900000| PB 0x00000000ea900000| Untracked 
| 170|0x00000000eaa00000, 0x00000000eaa00000, 0x00000000eab00000|  0%| F|  |TAMS 0x00000000eaa00000| PB 0x00000000eaa00000| Untracked 
| 171|0x00000000eab00000, 0x00000000eab00000, 0x00000000eac00000|  0%| F|  |TAMS 0x00000000eab00000| PB 0x00000000eab00000| Untracked 
| 172|0x00000000eac00000, 0x00000000eac00000, 0x00000000ead00000|  0%| F|  |TAMS 0x00000000eac00000| PB 0x00000000eac00000| Untracked 
| 173|0x00000000ead00000, 0x00000000ead00000, 0x00000000eae00000|  0%| F|  |TAMS 0x00000000ead00000| PB 0x00000000ead00000| Untracked 
| 174|0x00000000eae00000, 0x00000000eae00000, 0x00000000eaf00000|  0%| F|  |TAMS 0x00000000eae00000| PB 0x00000000eae00000| Untracked 
| 175|0x00000000eaf00000, 0x00000000eaf00000, 0x00000000eb000000|  0%| F|  |TAMS 0x00000000eaf00000| PB 0x00000000eaf00000| Untracked 
| 176|0x00000000eb000000, 0x00000000eb000000, 0x00000000eb100000|  0%| F|  |TAMS 0x00000000eb000000| PB 0x00000000eb000000| Untracked 
| 177|0x00000000eb100000, 0x00000000eb100000, 0x00000000eb200000|  0%| F|  |TAMS 0x00000000eb100000| PB 0x00000000eb100000| Untracked 
| 178|0x00000000eb200000, 0x00000000eb200000, 0x00000000eb300000|  0%| F|  |TAMS 0x00000000eb200000| PB 0x00000000eb200000| Untracked 
| 179|0x00000000eb300000, 0x00000000eb300000, 0x00000000eb400000|  0%| F|  |TAMS 0x00000000eb300000| PB 0x00000000eb300000| Untracked 
| 180|0x00000000eb400000, 0x00000000eb400000, 0x00000000eb500000|  0%| F|  |TAMS 0x00000000eb400000| PB 0x00000000eb400000| Untracked 
| 181|0x00000000eb500000, 0x00000000eb500000, 0x00000000eb600000|  0%| F|  |TAMS 0x00000000eb500000| PB 0x00000000eb500000| Untracked 
| 182|0x00000000eb600000, 0x00000000eb600000, 0x00000000eb700000|  0%| F|  |TAMS 0x00000000eb600000| PB 0x00000000eb600000| Untracked 
| 183|0x00000000eb700000, 0x00000000eb700000, 0x00000000eb800000|  0%| F|  |TAMS 0x00000000eb700000| PB 0x00000000eb700000| Untracked 
| 184|0x00000000eb800000, 0x00000000eb800000, 0x00000000eb900000|  0%| F|  |TAMS 0x00000000eb800000| PB 0x00000000eb800000| Untracked 
| 185|0x00000000eb900000, 0x00000000eb900000, 0x00000000eba00000|  0%| F|  |TAMS 0x00000000eb900000| PB 0x00000000eb900000| Untracked 
| 186|0x00000000eba00000, 0x00000000eba00000, 0x00000000ebb00000|  0%| F|  |TAMS 0x00000000eba00000| PB 0x00000000eba00000| Untracked 
| 187|0x00000000ebb00000, 0x00000000ebb00000, 0x00000000ebc00000|  0%| F|  |TAMS 0x00000000ebb00000| PB 0x00000000ebb00000| Untracked 
| 188|0x00000000ebc00000, 0x00000000ebc00000, 0x00000000ebd00000|  0%| F|  |TAMS 0x00000000ebc00000| PB 0x00000000ebc00000| Untracked 
| 189|0x00000000ebd00000, 0x00000000ebd00000, 0x00000000ebe00000|  0%| F|  |TAMS 0x00000000ebd00000| PB 0x00000000ebd00000| Untracked 
| 190|0x00000000ebe00000, 0x00000000ebe00000, 0x00000000ebf00000|  0%| F|  |TAMS 0x00000000ebe00000| PB 0x00000000ebe00000| Untracked 
| 191|0x00000000ebf00000, 0x00000000ebf00000, 0x00000000ec000000|  0%| F|  |TAMS 0x00000000ebf00000| PB 0x00000000ebf00000| Untracked 
| 192|0x00000000ec000000, 0x00000000ec000000, 0x00000000ec100000|  0%| F|  |TAMS 0x00000000ec000000| PB 0x00000000ec000000| Untracked 
| 193|0x00000000ec100000, 0x00000000ec100000, 0x00000000ec200000|  0%| F|  |TAMS 0x00000000ec100000| PB 0x00000000ec100000| Untracked 
| 194|0x00000000ec200000, 0x00000000ec200000, 0x00000000ec300000|  0%| F|  |TAMS 0x00000000ec200000| PB 0x00000000ec200000| Untracked 
| 195|0x00000000ec300000, 0x00000000ec300000, 0x00000000ec400000|  0%| F|  |TAMS 0x00000000ec300000| PB 0x00000000ec300000| Untracked 
| 196|0x00000000ec400000, 0x00000000ec400000, 0x00000000ec500000|  0%| F|  |TAMS 0x00000000ec400000| PB 0x00000000ec400000| Untracked 
| 197|0x00000000ec500000, 0x00000000ec500000, 0x00000000ec600000|  0%| F|  |TAMS 0x00000000ec500000| PB 0x00000000ec500000| Untracked 
| 198|0x00000000ec600000, 0x00000000ec600000, 0x00000000ec700000|  0%| F|  |TAMS 0x00000000ec600000| PB 0x00000000ec600000| Untracked 
| 199|0x00000000ec700000, 0x00000000ec700000, 0x00000000ec800000|  0%| F|  |TAMS 0x00000000ec700000| PB 0x00000000ec700000| Untracked 
| 200|0x00000000ec800000, 0x00000000ec800000, 0x00000000ec900000|  0%| F|  |TAMS 0x00000000ec800000| PB 0x00000000ec800000| Untracked 
| 201|0x00000000ec900000, 0x00000000ec900000, 0x00000000eca00000|  0%| F|  |TAMS 0x00000000ec900000| PB 0x00000000ec900000| Untracked 
| 202|0x00000000eca00000, 0x00000000eca00000, 0x00000000ecb00000|  0%| F|  |TAMS 0x00000000eca00000| PB 0x00000000eca00000| Untracked 
| 203|0x00000000ecb00000, 0x00000000ecb00000, 0x00000000ecc00000|  0%| F|  |TAMS 0x00000000ecb00000| PB 0x00000000ecb00000| Untracked 
| 204|0x00000000ecc00000, 0x00000000ecc00000, 0x00000000ecd00000|  0%| F|  |TAMS 0x00000000ecc00000| PB 0x00000000ecc00000| Untracked 
| 205|0x00000000ecd00000, 0x00000000ecd00000, 0x00000000ece00000|  0%| F|  |TAMS 0x00000000ecd00000| PB 0x00000000ecd00000| Untracked 
| 206|0x00000000ece00000, 0x00000000ece00000, 0x00000000ecf00000|  0%| F|  |TAMS 0x00000000ece00000| PB 0x00000000ece00000| Untracked 
| 207|0x00000000ecf00000, 0x00000000ecf00000, 0x00000000ed000000|  0%| F|  |TAMS 0x00000000ecf00000| PB 0x00000000ecf00000| Untracked 
| 208|0x00000000ed000000, 0x00000000ed000000, 0x00000000ed100000|  0%| F|  |TAMS 0x00000000ed000000| PB 0x00000000ed000000| Untracked 
| 209|0x00000000ed100000, 0x00000000ed100000, 0x00000000ed200000|  0%| F|  |TAMS 0x00000000ed100000| PB 0x00000000ed100000| Untracked 
| 210|0x00000000ed200000, 0x00000000ed200000, 0x00000000ed300000|  0%| F|  |TAMS 0x00000000ed200000| PB 0x00000000ed200000| Untracked 
| 211|0x00000000ed300000, 0x00000000ed300000, 0x00000000ed400000|  0%| F|  |TAMS 0x00000000ed300000| PB 0x00000000ed300000| Untracked 
| 212|0x00000000ed400000, 0x00000000ed400000, 0x00000000ed500000|  0%| F|  |TAMS 0x00000000ed400000| PB 0x00000000ed400000| Untracked 
| 213|0x00000000ed500000, 0x00000000ed500000, 0x00000000ed600000|  0%| F|  |TAMS 0x00000000ed500000| PB 0x00000000ed500000| Untracked 
| 214|0x00000000ed600000, 0x00000000ed600000, 0x00000000ed700000|  0%| F|  |TAMS 0x00000000ed600000| PB 0x00000000ed600000| Untracked 
| 215|0x00000000ed700000, 0x00000000ed700000, 0x00000000ed800000|  0%| F|  |TAMS 0x00000000ed700000| PB 0x00000000ed700000| Untracked 
| 216|0x00000000ed800000, 0x00000000ed800000, 0x00000000ed900000|  0%| F|  |TAMS 0x00000000ed800000| PB 0x00000000ed800000| Untracked 
| 217|0x00000000ed900000, 0x00000000ed900000, 0x00000000eda00000|  0%| F|  |TAMS 0x00000000ed900000| PB 0x00000000ed900000| Untracked 
| 218|0x00000000eda00000, 0x00000000eda00000, 0x00000000edb00000|  0%| F|  |TAMS 0x00000000eda00000| PB 0x00000000eda00000| Untracked 
| 219|0x00000000edb00000, 0x00000000edb00000, 0x00000000edc00000|  0%| F|  |TAMS 0x00000000edb00000| PB 0x00000000edb00000| Untracked 
| 220|0x00000000edc00000, 0x00000000edc00000, 0x00000000edd00000|  0%| F|  |TAMS 0x00000000edc00000| PB 0x00000000edc00000| Untracked 
| 221|0x00000000edd00000, 0x00000000edd00000, 0x00000000ede00000|  0%| F|  |TAMS 0x00000000edd00000| PB 0x00000000edd00000| Untracked 
| 222|0x00000000ede00000, 0x00000000ede00000, 0x00000000edf00000|  0%| F|  |TAMS 0x00000000ede00000| PB 0x00000000ede00000| Untracked 
| 223|0x00000000edf00000, 0x00000000edf80800, 0x00000000ee000000| 50%| E|  |TAMS 0x00000000edf00000| PB 0x00000000edf00000| Complete 
| 224|0x00000000ee000000, 0x00000000ee100000, 0x00000000ee100000|100%| E|CS|TAMS 0x00000000ee000000| PB 0x00000000ee000000| Complete 
| 225|0x00000000ee100000, 0x00000000ee200000, 0x00000000ee200000|100%| E|CS|TAMS 0x00000000ee100000| PB 0x00000000ee100000| Complete 
| 226|0x00000000ee200000, 0x00000000ee300000, 0x00000000ee300000|100%| E|CS|TAMS 0x00000000ee200000| PB 0x00000000ee200000| Complete 
| 227|0x00000000ee300000, 0x00000000ee400000, 0x00000000ee400000|100%| E|CS|TAMS 0x00000000ee300000| PB 0x00000000ee300000| Complete 
| 228|0x00000000ee400000, 0x00000000ee500000, 0x00000000ee500000|100%| E|CS|TAMS 0x00000000ee400000| PB 0x00000000ee400000| Complete 
| 229|0x00000000ee500000, 0x00000000ee600000, 0x00000000ee600000|100%| E|CS|TAMS 0x00000000ee500000| PB 0x00000000ee500000| Complete 
| 230|0x00000000ee600000, 0x00000000ee700000, 0x00000000ee700000|100%| E|CS|TAMS 0x00000000ee600000| PB 0x00000000ee600000| Complete 
| 231|0x00000000ee700000, 0x00000000ee800000, 0x00000000ee800000|100%| E|CS|TAMS 0x00000000ee700000| PB 0x00000000ee700000| Complete 
| 232|0x00000000ee800000, 0x00000000ee900000, 0x00000000ee900000|100%| E|CS|TAMS 0x00000000ee800000| PB 0x00000000ee800000| Complete 
| 233|0x00000000ee900000, 0x00000000eea00000, 0x00000000eea00000|100%| E|CS|TAMS 0x00000000ee900000| PB 0x00000000ee900000| Complete 
| 234|0x00000000eea00000, 0x00000000eeb00000, 0x00000000eeb00000|100%| E|  |TAMS 0x00000000eea00000| PB 0x00000000eea00000| Complete 
| 235|0x00000000eeb00000, 0x00000000eec00000, 0x00000000eec00000|100%| E|CS|TAMS 0x00000000eeb00000| PB 0x00000000eeb00000| Complete 
| 236|0x00000000eec00000, 0x00000000eed00000, 0x00000000eed00000|100%| E|CS|TAMS 0x00000000eec00000| PB 0x00000000eec00000| Complete 
| 237|0x00000000eed00000, 0x00000000eee00000, 0x00000000eee00000|100%| E|CS|TAMS 0x00000000eed00000| PB 0x00000000eed00000| Complete 
| 238|0x00000000eee00000, 0x00000000eef00000, 0x00000000eef00000|100%| E|CS|TAMS 0x00000000eee00000| PB 0x00000000eee00000| Complete 
| 239|0x00000000eef00000, 0x00000000ef000000, 0x00000000ef000000|100%| E|CS|TAMS 0x00000000eef00000| PB 0x00000000eef00000| Complete 
| 240|0x00000000ef000000, 0x00000000ef100000, 0x00000000ef100000|100%| E|CS|TAMS 0x00000000ef000000| PB 0x00000000ef000000| Complete 
| 241|0x00000000ef100000, 0x00000000ef200000, 0x00000000ef200000|100%| E|CS|TAMS 0x00000000ef100000| PB 0x00000000ef100000| Complete 
| 242|0x00000000ef200000, 0x00000000ef300000, 0x00000000ef300000|100%| E|CS|TAMS 0x00000000ef200000| PB 0x00000000ef200000| Complete 
| 243|0x00000000ef300000, 0x00000000ef400000, 0x00000000ef400000|100%| E|CS|TAMS 0x00000000ef300000| PB 0x00000000ef300000| Complete 
| 244|0x00000000ef400000, 0x00000000ef500000, 0x00000000ef500000|100%| E|CS|TAMS 0x00000000ef400000| PB 0x00000000ef400000| Complete 
| 245|0x00000000ef500000, 0x00000000ef600000, 0x00000000ef600000|100%| E|CS|TAMS 0x00000000ef500000| PB 0x00000000ef500000| Complete 
| 246|0x00000000ef600000, 0x00000000ef700000, 0x00000000ef700000|100%| E|CS|TAMS 0x00000000ef600000| PB 0x00000000ef600000| Complete 
| 247|0x00000000ef700000, 0x00000000ef800000, 0x00000000ef800000|100%| E|CS|TAMS 0x00000000ef700000| PB 0x00000000ef700000| Complete 
| 248|0x00000000ef800000, 0x00000000ef900000, 0x00000000ef900000|100%| E|CS|TAMS 0x00000000ef800000| PB 0x00000000ef800000| Complete 
| 249|0x00000000ef900000, 0x00000000efa00000, 0x00000000efa00000|100%| E|CS|TAMS 0x00000000ef900000| PB 0x00000000ef900000| Complete 
| 250|0x00000000efa00000, 0x00000000efb00000, 0x00000000efb00000|100%| E|CS|TAMS 0x00000000efa00000| PB 0x00000000efa00000| Complete 
| 251|0x00000000efb00000, 0x00000000efc00000, 0x00000000efc00000|100%| E|CS|TAMS 0x00000000efb00000| PB 0x00000000efb00000| Complete 
| 252|0x00000000efc00000, 0x00000000efd00000, 0x00000000efd00000|100%| E|CS|TAMS 0x00000000efc00000| PB 0x00000000efc00000| Complete 
| 253|0x00000000efd00000, 0x00000000efe00000, 0x00000000efe00000|100%| E|CS|TAMS 0x00000000efd00000| PB 0x00000000efd00000| Complete 
| 254|0x00000000efe00000, 0x00000000eff00000, 0x00000000eff00000|100%| E|CS|TAMS 0x00000000efe00000| PB 0x00000000efe00000| Complete 
| 255|0x00000000eff00000, 0x00000000f0000000, 0x00000000f0000000|100%| E|CS|TAMS 0x00000000eff00000| PB 0x00000000eff00000| Complete 

Card table byte_map: [0x000001daf6510000,0x000001daf6610000] _byte_map_base: 0x000001daf5e10000

Marking Bits: (CMBitMap*) 0x000001daed80f3f0
 Bits: [0x000001daf6610000, 0x000001daf6e10000)

Polling page: 0x000001daecfb0000

Metaspace:

Usage:
  Non-class:     33.30 MB used.
      Class:      5.45 MB used.
       Both:     38.75 MB used.

Virtual space:
  Non-class space:       64.00 MB reserved,      34.00 MB ( 53%) committed,  1 nodes.
      Class space:      320.00 MB reserved,       6.12 MB (  2%) committed,  1 nodes.
             Both:      384.00 MB reserved,      40.12 MB ( 10%) committed. 

Chunk freelists:
   Non-Class:  13.59 MB
       Class:  9.91 MB
        Both:  23.49 MB

MaxMetaspaceSize: 384.00 MB
CompressedClassSpaceSize: 320.00 MB
Initial GC threshold: 21.00 MB
Current GC threshold: 58.69 MB
CDS: on
 - commit_granule_bytes: 65536.
 - commit_granule_words: 8192.
 - virtual_space_node_default_size: 8388608.
 - enlarge_chunks_in_place: 1.
 - use_allocation_guard: 0.


Internal statistics:

num_allocs_failed_limit: 6.
num_arena_births: 2384.
num_arena_deaths: 0.
num_vsnodes_births: 2.
num_vsnodes_deaths: 0.
num_space_committed: 642.
num_space_uncommitted: 0.
num_chunks_returned_to_freelist: 6.
num_chunks_taken_from_freelist: 4144.
num_chunk_merges: 6.
num_chunk_splits: 2705.
num_chunks_enlarged: 1679.
num_inconsistent_stats: 0.

CodeHeap 'non-profiled nmethods': size=120000Kb used=2143Kb max_used=2416Kb free=117856Kb
 bounds [0x000001da87ad0000, 0x000001da87d40000, 0x000001da8f000000]
CodeHeap 'profiled nmethods': size=120000Kb used=7723Kb max_used=8377Kb free=112276Kb
 bounds [0x000001da80000000, 0x000001da80830000, 0x000001da87530000]
CodeHeap 'non-nmethods': size=5760Kb used=2696Kb max_used=2759Kb free=3063Kb
 bounds [0x000001da87530000, 0x000001da877f0000, 0x000001da87ad0000]
 total_blobs=4784 nmethods=3951 adapters=736
 compilation: enabled
              stopped_count=0, restarted_count=0
 full_count=0

Compilation events (20 events):
Event: 2.459 Thread 0x000001daf9af0a90 4369       3       org.gradle.model.internal.asm.MethodVisitorScope::_PUTFIELD (11 bytes)
Event: 2.459 Thread 0x000001daf9af0a90 nmethod 4369 0x000001da80076590 code [0x000001da80076780, 0x000001da80076b60]
Event: 2.459 Thread 0x000001daf9af0a90 4371       3       org.gradle.internal.instantiation.generator.AbstractClassGenerator$PropertyMetadata$$Lambda/0x000001da901abd48::get (12 bytes)
Event: 2.459 Thread 0x000001daf9af0a90 nmethod 4371 0x000001da803fe910 code [0x000001da803feb60, 0x000001da803ff3e0]
Event: 2.459 Thread 0x000001daf9af0a90 4374       3       org.objectweb.asm.MethodVisitor::visitLabel (16 bytes)
Event: 2.459 Thread 0x000001daf9af0a90 nmethod 4374 0x000001da80071b90 code [0x000001da80071d40, 0x000001da80071f50]
Event: 2.459 Thread 0x000001daf9af0a90 4372       3       org.gradle.internal.instantiation.generator.AbstractClassGenerator$PropertyMetadata::lambda$findAnnotation$1 (6 bytes)
Event: 2.459 Thread 0x000001daf9af0a90 nmethod 4372 0x000001da80138a90 code [0x000001da80138ce0, 0x000001da801394f0]
Event: 2.459 Thread 0x000001daf9af0a90 4373       3       org.gradle.internal.instantiation.generator.AbstractClassGenerator$PropertyMetadata::getterAnnotationOf (12 bytes)
Event: 2.460 Thread 0x000001daf9af0a90 nmethod 4373 0x000001da800fb990 code [0x000001da800fbbc0, 0x000001da800fc360]
Event: 2.460 Thread 0x000001daf9af0a90 4370       3       org.gradle.model.internal.asm.MethodVisitorScope::_ASTORE (8 bytes)
Event: 2.460 Thread 0x000001daf9af0a90 nmethod 4370 0x000001da80075f10 code [0x000001da800760c0, 0x000001da80076338]
Event: 2.460 Thread 0x000001daf9af0a90 4375       3       org.gradle.model.internal.asm.MethodVisitorScope::_INVOKEINTERFACE (11 bytes)
Event: 2.460 Thread 0x000001daf9af0a90 nmethod 4375 0x000001da80104b90 code [0x000001da80104d60, 0x000001da80104ff8]
Event: 2.460 Thread 0x000001daf9af0a90 4376       3       org.gradle.model.internal.asm.MethodVisitorScope::_INVOKEINTERFACE (12 bytes)
Event: 2.460 Thread 0x000001daf9af0a90 nmethod 4376 0x000001da8003f010 code [0x000001da8003f1c0, 0x000001da8003f328]
Event: 2.460 Thread 0x000001daf9af0a90 4377       1       com.google.common.collect.SingletonImmutableList::size (2 bytes)
Event: 2.460 Thread 0x000001daf9af0a90 nmethod 4377 0x000001da87b33910 code [0x000001da87b33aa0, 0x000001da87b33b68]
Event: 2.465 Thread 0x000001daf9af0a90 4378       3       java.util.concurrent.locks.ReentrantLock$NonfairSync::tryAcquire (27 bytes)
Event: 2.465 Thread 0x000001daf9af0a90 nmethod 4378 0x000001da80104690 code [0x000001da80104860, 0x000001da80104ae8]

GC Heap History (8 events):
Event: 0.314 GC heap before
{Heap before GC invocations=0 (full 0):
 garbage-first heap   total 262144K, used 26624K [0x00000000e0000000, 0x0000000100000000)
  region size 1024K, 23 young (23552K), 0 survivors (0K)
 Metaspace       used 3190K, committed 3328K, reserved 393216K
  class space    used 404K, committed 448K, reserved 327680K
}
Event: 0.316 GC heap after
{Heap after GC invocations=1 (full 0):
 garbage-first heap   total 262144K, used 10198K [0x00000000e0000000, 0x0000000100000000)
  region size 1024K, 3 young (3072K), 3 survivors (3072K)
 Metaspace       used 3190K, committed 3328K, reserved 393216K
  class space    used 404K, committed 448K, reserved 327680K
}
Event: 0.526 GC heap before
{Heap before GC invocations=1 (full 0):
 garbage-first heap   total 262144K, used 39894K [0x00000000e0000000, 0x0000000100000000)
  region size 1024K, 32 young (32768K), 3 survivors (3072K)
 Metaspace       used 4151K, committed 4352K, reserved 393216K
  class space    used 501K, committed 576K, reserved 327680K
}
Event: 0.529 GC heap after
{Heap after GC invocations=2 (full 0):
 garbage-first heap   total 262144K, used 14614K [0x00000000e0000000, 0x0000000100000000)
  region size 1024K, 4 young (4096K), 4 survivors (4096K)
 Metaspace       used 4151K, committed 4352K, reserved 393216K
  class space    used 501K, committed 576K, reserved 327680K
}
Event: 1.480 GC heap before
{Heap before GC invocations=2 (full 0):
 garbage-first heap   total 262144K, used 111894K [0x00000000e0000000, 0x0000000100000000)
  region size 1024K, 101 young (103424K), 4 survivors (4096K)
 Metaspace       used 20804K, committed 21504K, reserved 393216K
  class space    used 3045K, committed 3392K, reserved 327680K
}
Event: 1.486 GC heap after
{Heap after GC invocations=3 (full 0):
 garbage-first heap   total 262144K, used 22468K [0x00000000e0000000, 0x0000000100000000)
  region size 1024K, 12 young (12288K), 12 survivors (12288K)
 Metaspace       used 20804K, committed 21504K, reserved 393216K
  class space    used 3045K, committed 3392K, reserved 327680K
}
Event: 2.222 GC heap before
{Heap before GC invocations=4 (full 0):
 garbage-first heap   total 262144K, used 128964K [0x00000000e0000000, 0x0000000100000000)
  region size 1024K, 118 young (120832K), 12 survivors (12288K)
 Metaspace       used 34747K, committed 35968K, reserved 393216K
  class space    used 4984K, committed 5632K, reserved 327680K
}
Event: 2.228 GC heap after
{Heap after GC invocations=5 (full 0):
 garbage-first heap   total 262144K, used 31191K [0x00000000e0000000, 0x0000000100000000)
  region size 1024K, 16 young (16384K), 16 survivors (16384K)
 Metaspace       used 34747K, committed 35968K, reserved 393216K
  class space    used 4984K, committed 5632K, reserved 327680K
}

Dll operation events (15 events):
Event: 0.004 Loaded shared library C:\Program Files\Amazon Corretto\jdk21.0.2_13\bin\java.dll
Event: 0.023 Loaded shared library C:\Program Files\Amazon Corretto\jdk21.0.2_13\bin\jsvml.dll
Event: 0.045 Loaded shared library C:\Program Files\Amazon Corretto\jdk21.0.2_13\bin\zip.dll
Event: 0.046 Loaded shared library C:\Program Files\Amazon Corretto\jdk21.0.2_13\bin\instrument.dll
Event: 0.049 Loaded shared library C:\Program Files\Amazon Corretto\jdk21.0.2_13\bin\net.dll
Event: 0.050 Loaded shared library C:\Program Files\Amazon Corretto\jdk21.0.2_13\bin\nio.dll
Event: 0.052 Loaded shared library C:\Program Files\Amazon Corretto\jdk21.0.2_13\bin\zip.dll
Event: 0.148 Loaded shared library C:\Program Files\Amazon Corretto\jdk21.0.2_13\bin\jimage.dll
Event: 0.177 Loaded shared library C:\Program Files\Amazon Corretto\jdk21.0.2_13\bin\verify.dll
Event: 0.250 Loaded shared library C:\Users\kulas\.gradle\native\68d5fa5c4cc2d200863cafc0d521ce42e7d3e7ee720ec0a83991735586a16f82\windows-amd64\native-platform.dll
Event: 0.254 Loaded shared library C:\Users\kulas\.gradle\native\e376f236ea51e6404a007f0833ffe2c6e607c4080706a723a18a27aeea778392\windows-amd64\native-platform-file-events.dll
Event: 0.639 Loaded shared library C:\Program Files\Amazon Corretto\jdk21.0.2_13\bin\management.dll
Event: 0.640 Loaded shared library C:\Program Files\Amazon Corretto\jdk21.0.2_13\bin\management_ext.dll
Event: 0.747 Loaded shared library C:\Program Files\Amazon Corretto\jdk21.0.2_13\bin\extnet.dll
Event: 0.800 Loaded shared library C:\Program Files\Amazon Corretto\jdk21.0.2_13\bin\sunmscapi.dll

Deoptimization events (20 events):
Event: 2.406 Thread 0x000001daff6737d0 Uncommon trap: trap_request=0xffffffc6 fr.pc=0x000001da87ce63c0 relative=0x00000000000007a0
Event: 2.406 Thread 0x000001daff6737d0 Uncommon trap: reason=bimorphic_or_optimized_type_check action=maybe_recompile pc=0x000001da87ce63c0 method=java.util.regex.Pattern$Start.match(Ljava/util/regex/Matcher;ILjava/lang/CharSequence;)Z @ 44 c2
Event: 2.406 Thread 0x000001daff6737d0 DEOPT PACKING pc=0x000001da87ce63c0 sp=0x0000003e494f8520
Event: 2.406 Thread 0x000001daff6737d0 DEOPT UNPACKING pc=0x000001da875846a2 sp=0x0000003e494f84f0 mode 2
Event: 2.406 Thread 0x000001daff6737d0 Uncommon trap: trap_request=0xffffffc6 fr.pc=0x000001da87ced5c0 relative=0x0000000000000980
Event: 2.406 Thread 0x000001daff6737d0 Uncommon trap: reason=bimorphic_or_optimized_type_check action=maybe_recompile pc=0x000001da87ced5c0 method=java.util.regex.Pattern$Start.match(Ljava/util/regex/Matcher;ILjava/lang/CharSequence;)Z @ 44 c2
Event: 2.406 Thread 0x000001daff6737d0 DEOPT PACKING pc=0x000001da87ced5c0 sp=0x0000003e494f8580
Event: 2.406 Thread 0x000001daff6737d0 DEOPT UNPACKING pc=0x000001da875846a2 sp=0x0000003e494f84f0 mode 2
Event: 2.448 Thread 0x000001daff6737d0 Uncommon trap: trap_request=0xffffffc6 fr.pc=0x000001da87c4b66c relative=0x000000000000030c
Event: 2.448 Thread 0x000001daff6737d0 Uncommon trap: reason=bimorphic_or_optimized_type_check action=maybe_recompile pc=0x000001da87c4b66c method=com.google.common.base.CharMatcher.indexIn(Ljava/lang/CharSequence;I)I @ 31 c2
Event: 2.448 Thread 0x000001daff6737d0 DEOPT PACKING pc=0x000001da87c4b66c sp=0x0000003e494f8760
Event: 2.448 Thread 0x000001daff6737d0 DEOPT UNPACKING pc=0x000001da875846a2 sp=0x0000003e494f8708 mode 2
Event: 2.448 Thread 0x000001daff6737d0 Uncommon trap: trap_request=0xffffffc6 fr.pc=0x000001da87c4b66c relative=0x000000000000030c
Event: 2.448 Thread 0x000001daff6737d0 Uncommon trap: reason=bimorphic_or_optimized_type_check action=maybe_recompile pc=0x000001da87c4b66c method=com.google.common.base.CharMatcher.indexIn(Ljava/lang/CharSequence;I)I @ 31 c2
Event: 2.448 Thread 0x000001daff6737d0 DEOPT PACKING pc=0x000001da87c4b66c sp=0x0000003e494f8760
Event: 2.448 Thread 0x000001daff6737d0 DEOPT UNPACKING pc=0x000001da875846a2 sp=0x0000003e494f8708 mode 2
Event: 2.450 Thread 0x000001daff6737d0 Uncommon trap: trap_request=0xffffffc6 fr.pc=0x000001da87c4b66c relative=0x000000000000030c
Event: 2.450 Thread 0x000001daff6737d0 Uncommon trap: reason=bimorphic_or_optimized_type_check action=maybe_recompile pc=0x000001da87c4b66c method=com.google.common.base.CharMatcher.indexIn(Ljava/lang/CharSequence;I)I @ 31 c2
Event: 2.450 Thread 0x000001daff6737d0 DEOPT PACKING pc=0x000001da87c4b66c sp=0x0000003e494f8760
Event: 2.450 Thread 0x000001daff6737d0 DEOPT UNPACKING pc=0x000001da875846a2 sp=0x0000003e494f8708 mode 2

Classes loaded (20 events):
Event: 2.375 Loading class javax/net/ssl/SSLPeerUnverifiedException
Event: 2.375 Loading class javax/net/ssl/SSLPeerUnverifiedException done
Event: 2.375 Loading class java/security/cert/CertificateParsingException
Event: 2.375 Loading class java/security/cert/CertificateException
Event: 2.375 Loading class java/security/cert/CertificateException done
Event: 2.375 Loading class java/security/cert/CertificateParsingException done
Event: 2.375 Loading class javax/naming/NamingException
Event: 2.375 Loading class javax/naming/NamingException done
Event: 2.375 Loading class javax/naming/InvalidNameException
Event: 2.375 Loading class javax/naming/InvalidNameException done
Event: 2.407 Loading class com/sun/beans/finder/MethodFinder
Event: 2.407 Loading class com/sun/beans/finder/AbstractFinder
Event: 2.407 Loading class com/sun/beans/finder/AbstractFinder done
Event: 2.407 Loading class com/sun/beans/finder/MethodFinder done
Event: 2.407 Loading class com/sun/beans/finder/MethodFinder$1
Event: 2.407 Loading class com/sun/beans/finder/MethodFinder$1 done
Event: 2.407 Loading class com/sun/beans/finder/FinderUtils
Event: 2.407 Loading class com/sun/beans/finder/FinderUtils done
Event: 2.428 Loading class sun/reflect/MagicAccessorImpl
Event: 2.428 Loading class sun/reflect/MagicAccessorImpl done

Classes unloaded (0 events):
No events

Classes redefined (0 events):
No events

Internal exceptions (20 events):
Event: 2.146 Thread 0x000001daff6737d0 Exception <a 'java/lang/ClassNotFoundException'{0x00000000e9f37318}: org/gradle/initialization/DefaultSettingsCustomizer> (0x00000000e9f37318) 
thrown [s\src\hotspot\share\classfile\systemDictionary.cpp, line 312]
Event: 2.148 Thread 0x000001daff6737d0 Exception <a 'java/lang/ClassNotFoundException'{0x00000000e9f7ee38}: org/gradle/initialization/DefaultSettings_DecoratedCustomizer> (0x00000000e9f7ee38) 
thrown [s\src\hotspot\share\classfile\systemDictionary.cpp, line 312]
Event: 2.154 Thread 0x000001daff6737d0 Exception <a 'java/lang/ClassNotFoundException'{0x00000000e9e256a8}: org/gradle/initialization/DefaultProjectDescriptorBeanInfo> (0x00000000e9e256a8) 
thrown [s\src\hotspot\share\classfile\systemDictionary.cpp, line 312]
Event: 2.154 Thread 0x000001daff6737d0 Exception <a 'java/lang/ClassNotFoundException'{0x00000000e9e32010}: org/gradle/initialization/DefaultProjectDescriptorCustomizer> (0x00000000e9e32010) 
thrown [s\src\hotspot\share\classfile\systemDictionary.cpp, line 312]
Event: 2.169 Thread 0x000001daff6737d0 Implicit null exception at 0x000001da87ca9380 to 0x000001da87ca9438
Event: 2.400 Thread 0x000001daff6737d0 Exception <a 'java/lang/ClassNotFoundException'{0x00000000eecf0ca0}: build_54fvssuxjpocz6vzwpju1hhdmBeanInfo> (0x00000000eecf0ca0) 
thrown [s\src\hotspot\share\classfile\systemDictionary.cpp, line 312]
Event: 2.400 Thread 0x000001daff6737d0 Exception <a 'java/lang/ClassNotFoundException'{0x00000000eecf9cd8}: org/gradle/api/internal/project/ProjectScriptBeanInfo> (0x00000000eecf9cd8) 
thrown [s\src\hotspot\share\classfile\systemDictionary.cpp, line 312]
Event: 2.400 Thread 0x000001daff6737d0 Exception <a 'java/lang/ClassNotFoundException'{0x00000000eeb034c0}: org/gradle/api/internal/project/ProjectScriptCustomizer> (0x00000000eeb034c0) 
thrown [s\src\hotspot\share\classfile\systemDictionary.cpp, line 312]
Event: 2.400 Thread 0x000001daff6737d0 Exception <a 'java/lang/ClassNotFoundException'{0x00000000eeb1a450}: build_54fvssuxjpocz6vzwpju1hhdmCustomizer> (0x00000000eeb1a450) 
thrown [s\src\hotspot\share\classfile\systemDictionary.cpp, line 312]
Event: 2.405 Thread 0x000001daff6737d0 Exception <a 'java/lang/ClassNotFoundException'{0x00000000eeb77878}: groovy/lang/Closure$1BeanInfo> (0x00000000eeb77878) 
thrown [s\src\hotspot\share\classfile\systemDictionary.cpp, line 312]
Event: 2.405 Thread 0x000001daff6737d0 Exception <a 'java/lang/ClassNotFoundException'{0x00000000eeb85a70}: groovy/lang/ClosureBeanInfo> (0x00000000eeb85a70) 
thrown [s\src\hotspot\share\classfile\systemDictionary.cpp, line 312]
Event: 2.405 Thread 0x000001daff6737d0 Exception <a 'java/lang/ClassNotFoundException'{0x00000000eeb93ca8}: groovy/lang/ClosureCustomizer> (0x00000000eeb93ca8) 
thrown [s\src\hotspot\share\classfile\systemDictionary.cpp, line 312]
Event: 2.407 Thread 0x000001daff6737d0 Exception <a 'java/lang/ClassNotFoundException'{0x00000000eebc5c90}: groovy/lang/Closure$1Customizer> (0x00000000eebc5c90) 
thrown [s\src\hotspot\share\classfile\systemDictionary.cpp, line 312]
Event: 2.443 Thread 0x000001daff6737d0 Exception <a 'java/lang/ClassNotFoundException'{0x00000000ee8eac58}: org/gradle/internal/metaobject/ConfigureDelegateBeanInfo> (0x00000000ee8eac58) 
thrown [s\src\hotspot\share\classfile\systemDictionary.cpp, line 312]
Event: 2.443 Thread 0x000001daff6737d0 Exception <a 'java/lang/ClassNotFoundException'{0x00000000ee8f9328}: org/gradle/internal/metaobject/ConfigureDelegateCustomizer> (0x00000000ee8f9328) 
thrown [s\src\hotspot\share\classfile\systemDictionary.cpp, line 312]
Event: 2.445 Thread 0x000001daff6737d0 Exception <a 'java/lang/ClassNotFoundException'{0x00000000ee72f178}: org/gradle/plugin/use/internal/PluginRequestCollector$PluginDependenciesSpecImplBeanInfo> (0x00000000ee72f178) 
thrown [s\src\hotspot\share\classfile\systemDictionary.cpp, line 312]
Event: 2.446 Thread 0x000001daff6737d0 Exception <a 'java/lang/ClassNotFoundException'{0x00000000ee73dd68}: org/gradle/plugin/use/internal/PluginRequestCollector$PluginDependenciesSpecImplCustomizer> (0x00000000ee73dd68) 
thrown [s\src\hotspot\share\classfile\systemDictionary.cpp, line 312]
Event: 2.446 Thread 0x000001daff6737d0 Exception <a 'java/lang/NoSuchMethodError'{0x00000000ee74f858}: 'java.lang.Object java.lang.invoke.DirectMethodHandle$Holder.invokeVirtual(java.lang.Object, java.lang.Object, java.lang.Object, int)'> (0x00000000ee74f858) 
thrown [s\src\hotspot\share\interpreter\linkResolver.cpp, line 773]
Event: 2.449 Thread 0x000001daff6737d0 Exception <a 'java/lang/ClassNotFoundException'{0x00000000ee78a3a0}: org/gradle/plugin/use/internal/PluginRequestCollector$PluginDependencySpecImplBeanInfo> (0x00000000ee78a3a0) 
thrown [s\src\hotspot\share\classfile\systemDictionary.cpp, line 312]
Event: 2.449 Thread 0x000001daff6737d0 Exception <a 'java/lang/ClassNotFoundException'{0x00000000ee798f40}: org/gradle/plugin/use/internal/PluginRequestCollector$PluginDependencySpecImplCustomizer> (0x00000000ee798f40) 
thrown [s\src\hotspot\share\classfile\systemDictionary.cpp, line 312]

ZGC Phase Switch (0 events):
No events

VM Operations (20 events):
Event: 1.962 Executing VM operation: HandshakeAllThreads (Deoptimize)
Event: 1.962 Executing VM operation: HandshakeAllThreads (Deoptimize) done
Event: 1.982 Executing VM operation: ICBufferFull
Event: 1.982 Executing VM operation: ICBufferFull done
Event: 1.993 Executing VM operation: HandshakeAllThreads (Deoptimize)
Event: 1.993 Executing VM operation: HandshakeAllThreads (Deoptimize) done
Event: 2.088 Executing VM operation: HandshakeAllThreads (Deoptimize)
Event: 2.088 Executing VM operation: HandshakeAllThreads (Deoptimize) done
Event: 2.096 Executing VM operation: ICBufferFull
Event: 2.096 Executing VM operation: ICBufferFull done
Event: 2.211 Executing VM operation: HandshakeAllThreads (Deoptimize)
Event: 2.211 Executing VM operation: HandshakeAllThreads (Deoptimize) done
Event: 2.222 Executing VM operation: CollectForMetadataAllocation (Metadata GC Threshold)
Event: 2.228 Executing VM operation: CollectForMetadataAllocation (Metadata GC Threshold) done
Event: 2.233 Executing VM operation: G1PauseRemark
Event: 2.235 Executing VM operation: G1PauseRemark done
Event: 2.235 Executing VM operation: G1PauseCleanup
Event: 2.236 Executing VM operation: G1PauseCleanup done
Event: 2.291 Executing VM operation: HandshakeAllThreads (Deoptimize)
Event: 2.291 Executing VM operation: HandshakeAllThreads (Deoptimize) done

Events (20 events):
Event: 2.234 Thread 0x000001daf9ac3840 flushing nmethod 0x000001da87b30190
Event: 2.234 Thread 0x000001daf9ac3840 flushing nmethod 0x000001da87b33910
Event: 2.234 Thread 0x000001daf9ac3840 flushing nmethod 0x000001da87b32c90
Event: 2.234 Thread 0x000001daf9ac3840 flushing nmethod 0x000001da87b3a190
Event: 2.234 Thread 0x000001daf9ac3840 flushing nmethod 0x000001da87b12310
Event: 2.234 Thread 0x000001daf9ac3840 flushing nmethod 0x000001da87af1490
Event: 2.234 Thread 0x000001daf9ac3840 flushing nmethod 0x000001da87af0590
Event: 2.234 Thread 0x000001daf9ac3840 flushing nmethod 0x000001da87af8390
Event: 2.234 Thread 0x000001daf9ac3840 flushing nmethod 0x000001da87afe010
Event: 2.234 Thread 0x000001daf9ac3840 flushing nmethod 0x000001da87af5910
Event: 2.234 Thread 0x000001daf9ac3840 flushing nmethod 0x000001da87afb490
Event: 2.234 Thread 0x000001daf9ac3840 flushing nmethod 0x000001da87af3710
Event: 2.234 Thread 0x000001daf9ac3840 flushing nmethod 0x000001da87af2d90
Event: 2.234 Thread 0x000001daf9ac3840 flushing nmethod 0x000001da87ae0b90
Event: 2.234 Thread 0x000001daf9ac3840 flushing nmethod 0x000001da87ae0210
Event: 2.234 Thread 0x000001daf9ac3840 flushing nmethod 0x000001da87adde10
Event: 2.234 Thread 0x000001daf9ac3840 flushing nmethod 0x000001da87ae7b10
Event: 2.234 Thread 0x000001daf9ac3840 flushing nmethod 0x000001da87ae2890
Event: 2.234 Thread 0x000001daf9ac3840 flushing nmethod 0x000001da87ad9290
Event: 2.395 Thread 0x000001daa739e140 Thread added: 0x000001daa739e140


Dynamic libraries:
0x00007ff6681b0000 - 0x00007ff6681be000 	C:\Program Files\Amazon Corretto\jdk21.0.2_13\bin\java.exe
0x00007ff858870000 - 0x00007ff858a87000 	C:\Windows\SYSTEM32\ntdll.dll
0x00007ff857850000 - 0x00007ff857914000 	C:\Windows\System32\KERNEL32.DLL
0x00007ff856180000 - 0x00007ff856526000 	C:\Windows\System32\KERNELBASE.dll
0x00007ff855f70000 - 0x00007ff856081000 	C:\Windows\System32\ucrtbase.dll
0x00007ff8385a0000 - 0x00007ff8385b8000 	C:\Program Files\Amazon Corretto\jdk21.0.2_13\bin\jli.dll
0x00007ff838580000 - 0x00007ff83859b000 	C:\Program Files\Amazon Corretto\jdk21.0.2_13\bin\VCRUNTIME140.dll
0x00007ff857c90000 - 0x00007ff857e3d000 	C:\Windows\System32\USER32.dll
0x00007ff856090000 - 0x00007ff8560b6000 	C:\Windows\System32\win32u.dll
0x00007ff8570d0000 - 0x00007ff8570f9000 	C:\Windows\System32\GDI32.dll
0x00007ff855dd0000 - 0x00007ff855ee8000 	C:\Windows\System32\gdi32full.dll
0x00007ff8467a0000 - 0x00007ff846a33000 	C:\Windows\WinSxS\amd64_microsoft.windows.common-controls_6595b64144ccf1df_6.0.22621.2361_none_2712ced57382f843\COMCTL32.dll
0x00007ff856530000 - 0x00007ff8565ca000 	C:\Windows\System32\msvcp_win.dll
0x00007ff857a40000 - 0x00007ff857ae7000 	C:\Windows\System32\msvcrt.dll
0x00007ff8585a0000 - 0x00007ff8585d1000 	C:\Windows\System32\IMM32.DLL
0x00007ff838570000 - 0x00007ff83857c000 	C:\Program Files\Amazon Corretto\jdk21.0.2_13\bin\vcruntime140_1.dll
0x00007ff811400000 - 0x00007ff81148d000 	C:\Program Files\Amazon Corretto\jdk21.0.2_13\bin\msvcp140.dll
0x00007ff80b290000 - 0x00007ff80c020000 	C:\Program Files\Amazon Corretto\jdk21.0.2_13\bin\server\jvm.dll
0x00007ff857af0000 - 0x00007ff857ba0000 	C:\Windows\System32\ADVAPI32.dll
0x00007ff857590000 - 0x00007ff857636000 	C:\Windows\System32\sechost.dll
0x00007ff857f20000 - 0x00007ff858037000 	C:\Windows\System32\RPCRT4.dll
0x00007ff857ba0000 - 0x00007ff857c11000 	C:\Windows\System32\WS2_32.dll
0x00007ff854ae0000 - 0x00007ff854b2d000 	C:\Windows\SYSTEM32\POWRPROF.dll
0x00007ff844790000 - 0x00007ff8447c4000 	C:\Windows\SYSTEM32\WINMM.dll
0x00007ff84f220000 - 0x00007ff84f22a000 	C:\Windows\SYSTEM32\VERSION.dll
0x00007ff854ac0000 - 0x00007ff854ad3000 	C:\Windows\SYSTEM32\UMPDC.dll
0x00007ff854d20000 - 0x00007ff854d38000 	C:\Windows\SYSTEM32\kernel.appcore.dll
0x00007ff838560000 - 0x00007ff83856a000 	C:\Program Files\Amazon Corretto\jdk21.0.2_13\bin\jimage.dll
0x00007ff853660000 - 0x00007ff85388e000 	C:\Windows\SYSTEM32\DBGHELP.DLL
0x00007ff858210000 - 0x00007ff85859a000 	C:\Windows\System32\combase.dll
0x00007ff8565f0000 - 0x00007ff8566c7000 	C:\Windows\System32\OLEAUT32.dll
0x00007ff80f110000 - 0x00007ff80f142000 	C:\Windows\SYSTEM32\dbgcore.DLL
0x00007ff855ef0000 - 0x00007ff855f6a000 	C:\Windows\System32\bcryptPrimitives.dll
0x00007ff8112c0000 - 0x00007ff8112ce000 	C:\Program Files\Amazon Corretto\jdk21.0.2_13\bin\instrument.dll
0x00007ff838540000 - 0x00007ff83855f000 	C:\Program Files\Amazon Corretto\jdk21.0.2_13\bin\java.dll
0x00007ff8566d0000 - 0x00007ff856f28000 	C:\Windows\System32\SHELL32.dll
0x00007ff853bb0000 - 0x00007ff8544a2000 	C:\Windows\SYSTEM32\windows.storage.dll
0x00007ff853a70000 - 0x00007ff853bae000 	C:\Windows\SYSTEM32\wintypes.dll
0x00007ff857940000 - 0x00007ff857a33000 	C:\Windows\System32\SHCORE.dll
0x00007ff857790000 - 0x00007ff8577ee000 	C:\Windows\System32\shlwapi.dll
0x00007ff855b20000 - 0x00007ff855b46000 	C:\Windows\SYSTEM32\profapi.dll
0x00007ff811320000 - 0x00007ff8113f7000 	C:\Program Files\Amazon Corretto\jdk21.0.2_13\bin\jsvml.dll
0x00007ff8122d0000 - 0x00007ff8122e8000 	C:\Program Files\Amazon Corretto\jdk21.0.2_13\bin\zip.dll
0x00007ff838520000 - 0x00007ff838530000 	C:\Program Files\Amazon Corretto\jdk21.0.2_13\bin\net.dll
0x00007ff84fea0000 - 0x00007ff84ffd7000 	C:\Windows\SYSTEM32\WINHTTP.dll
0x00007ff8551a0000 - 0x00007ff855209000 	C:\Windows\system32\mswsock.dll
0x00007ff823f60000 - 0x00007ff823f76000 	C:\Program Files\Amazon Corretto\jdk21.0.2_13\bin\nio.dll
0x00007ff837810000 - 0x00007ff837820000 	C:\Program Files\Amazon Corretto\jdk21.0.2_13\bin\verify.dll
0x00007ff8112f0000 - 0x00007ff811317000 	C:\Users\kulas\.gradle\native\68d5fa5c4cc2d200863cafc0d521ce42e7d3e7ee720ec0a83991735586a16f82\windows-amd64\native-platform.dll
0x00007ff811170000 - 0x00007ff8112b4000 	C:\Users\kulas\.gradle\native\e376f236ea51e6404a007f0833ffe2c6e607c4080706a723a18a27aeea778392\windows-amd64\native-platform-file-events.dll
0x00007ff823ec0000 - 0x00007ff823ec9000 	C:\Program Files\Amazon Corretto\jdk21.0.2_13\bin\management.dll
0x00007ff8112e0000 - 0x00007ff8112eb000 	C:\Program Files\Amazon Corretto\jdk21.0.2_13\bin\management_ext.dll
0x00007ff857e40000 - 0x00007ff857e48000 	C:\Windows\System32\PSAPI.DLL
0x00007ff8553f0000 - 0x00007ff85540b000 	C:\Windows\SYSTEM32\CRYPTSP.dll
0x00007ff854c80000 - 0x00007ff854cb5000 	C:\Windows\system32\rsaenh.dll
0x00007ff855290000 - 0x00007ff8552bc000 	C:\Windows\SYSTEM32\USERENV.dll
0x00007ff855590000 - 0x00007ff8555b8000 	C:\Windows\SYSTEM32\bcrypt.dll
0x00007ff855410000 - 0x00007ff85541c000 	C:\Windows\SYSTEM32\CRYPTBASE.dll
0x00007ff854790000 - 0x00007ff8547bd000 	C:\Windows\SYSTEM32\IPHLPAPI.DLL
0x00007ff857100000 - 0x00007ff857109000 	C:\Windows\System32\NSI.dll
0x00007ff8112d0000 - 0x00007ff8112d9000 	C:\Program Files\Amazon Corretto\jdk21.0.2_13\bin\extnet.dll
0x00007ff811160000 - 0x00007ff81116e000 	C:\Program Files\Amazon Corretto\jdk21.0.2_13\bin\sunmscapi.dll
0x00007ff855c60000 - 0x00007ff855dc6000 	C:\Windows\System32\CRYPT32.dll
0x00007ff855560000 - 0x00007ff85558d000 	C:\Windows\SYSTEM32\ncrypt.dll
0x00007ff855520000 - 0x00007ff855557000 	C:\Windows\SYSTEM32\NTASN1.dll
0x00007ff828570000 - 0x00007ff828578000 	C:\Windows\system32\wshunix.dll

dbghelp: loaded successfully - version: 4.0.5 - missing functions: none
symbol engine: initialized successfully - sym options: 0x614 - pdb path: .;C:\Program Files\Amazon Corretto\jdk21.0.2_13\bin;C:\Windows\SYSTEM32;C:\Windows\WinSxS\amd64_microsoft.windows.common-controls_6595b64144ccf1df_6.0.22621.2361_none_2712ced57382f843;C:\Program Files\Amazon Corretto\jdk21.0.2_13\bin\server;C:\Users\kulas\.gradle\native\68d5fa5c4cc2d200863cafc0d521ce42e7d3e7ee720ec0a83991735586a16f82\windows-amd64;C:\Users\kulas\.gradle\native\e376f236ea51e6404a007f0833ffe2c6e607c4080706a723a18a27aeea778392\windows-amd64

VM Arguments:
jvm_args: --add-opens=java.base/java.util=ALL-UNNAMED --add-opens=java.base/java.lang=ALL-UNNAMED --add-opens=java.base/java.lang.invoke=ALL-UNNAMED --add-opens=java.prefs/java.util.prefs=ALL-UNNAMED --add-opens=java.base/java.nio.charset=ALL-UNNAMED --add-opens=java.base/java.net=ALL-UNNAMED --add-opens=java.base/java.util.concurrent.atomic=ALL-UNNAMED -XX:MaxMetaspaceSize=384m -XX:+HeapDumpOnOutOfMemoryError -Xms256m -Xmx512m -Dfile.encoding=UTF-8 -Duser.country=US -Duser.language=en -Duser.variant -javaagent:C:\Users\kulas\.gradle\wrapper\dists\gradle-8.1.1-bin\9wiye5v2saajue4irfo8ybqfp\gradle-8.1.1\lib\agents\gradle-instrumentation-agent-8.1.1.jar 
java_command: org.gradle.launcher.daemon.bootstrap.GradleDaemon 8.1.1
java_class_path (initial): C:\Users\kulas\.gradle\wrapper\dists\gradle-8.1.1-bin\9wiye5v2saajue4irfo8ybqfp\gradle-8.1.1\lib\gradle-launcher-8.1.1.jar
Launcher Type: SUN_STANDARD

[Global flags]
     intx CICompilerCount                          = 4                                         {product} {ergonomic}
   size_t CompressedClassSpaceSize                 = 335544320                                 {product} {ergonomic}
     uint ConcGCThreads                            = 3                                         {product} {ergonomic}
     uint G1ConcRefinementThreads                  = 10                                        {product} {ergonomic}
   size_t G1HeapRegionSize                         = 1048576                                   {product} {ergonomic}
    uintx GCDrainStackTargetSize                   = 64                                        {product} {ergonomic}
     bool HeapDumpOnOutOfMemoryError               = true                                   {manageable} {command line}
   size_t InitialHeapSize                          = 268435456                                 {product} {command line}
   size_t MarkStackSize                            = 4194304                                   {product} {ergonomic}
   size_t MaxHeapSize                              = 536870912                                 {product} {command line}
   size_t MaxMetaspaceSize                         = 402653184                                 {product} {command line}
   size_t MaxNewSize                               = 321912832                                 {product} {ergonomic}
   size_t MinHeapDeltaBytes                        = 1048576                                   {product} {ergonomic}
   size_t MinHeapSize                              = 268435456                                 {product} {command line}
    uintx NonNMethodCodeHeapSize                   = 5839372                                {pd product} {ergonomic}
    uintx NonProfiledCodeHeapSize                  = 122909434                              {pd product} {ergonomic}
    uintx ProfiledCodeHeapSize                     = 122909434                              {pd product} {ergonomic}
    uintx ReservedCodeCacheSize                    = 251658240                              {pd product} {ergonomic}
     bool SegmentedCodeCache                       = true                                      {product} {ergonomic}
   size_t SoftMaxHeapSize                          = 536870912                              {manageable} {ergonomic}
     bool UseCompressedOops                        = true                           {product lp64_product} {ergonomic}
     bool UseG1GC                                  = true                                      {product} {ergonomic}
     bool UseLargePagesIndividualAllocation        = false                                  {pd product} {ergonomic}

Logging:
Log output configuration:
 #0: stdout all=warning uptime,level,tags foldmultilines=false
 #1: stderr all=off uptime,level,tags foldmultilines=false

Environment Variables:
JAVA_HOME=C:\Program Files\Amazon Corretto\jdk21.0.2_13
CLASSPATH=C:\Users\kulas\Desktop\Projects\CCode\\gradle\wrapper\gradle-wrapper.jar
PATH=C:\Program Files\Amazon Corretto\jdk21.0.2_13\bin;C:\Program Files\Amazon Corretto\jdk17.0.10_7\bin;C:\Python312\Scripts\;C:\Python312\;C:\Program Files\Common Files\Oracle\Java\javapath;C:\Program Files (x86)\Common Files\Oracle\Java\javapath;C:\ProgramData\Scoop\GlobalScoopApps\shims;C:\Windows\system32;C:\Windows;C:\Windows\System32\Wbem;C:\Windows\System32\WindowsPowerShell\v1.0\;C:\Windows\System32\OpenSSH\;C:\Program Files\dotnet\;C:\Program Files (x86)\NVIDIA Corporation\PhysX\Common;C:\ProgramData\Scoop\shims;C:\ProgramData\chocolatey\bin;C:\Program Files\NVIDIA Corporation\NVIDIA NvDLISR;C:\Program Files\Git\cmd;C:\Program Files\nodejs\;C:\Program Files\PuTTY\;C:\Users\kulas\AppData\Local\Microsoft\WindowsApps;C:\Users\kulas\AppData\Local\Programs\Microsoft VS Code\bin;C:\Users\kulas\.dotnet\tools;C:\Users\kulas\AppData\Roaming\npm;C:\Users\kulas\AppData\Local\JetBrains\Toolbox\scripts;;C:\Users\kulas\AppData\Local\Programs\Hyper\resources\bin;C:\Users\kulas\.dotnet\tools
USERNAME=kulas
OS=Windows_NT
PROCESSOR_IDENTIFIER=Intel64 Family 6 Model 165 Stepping 5, GenuineIntel
TMP=C:\Users\kulas\AppData\Local\Temp
TEMP=C:\Users\kulas\AppData\Local\Temp




Periodic native trim disabled

---------------  S Y S T E M  ---------------

OS:
 Windows 11 , 64 bit Build 22621 (10.0.22621.2428)
OS uptime: 0 days 0:05 hours

CPU: total 12 (initial active 12) (6 cores per cpu, 2 threads per core) family 6 model 165 stepping 5 microcode 0xe0, cx8, cmov, fxsr, ht, mmx, 3dnowpref, sse, sse2, sse3, ssse3, sse4.1, sse4.2, popcnt, lzcnt, tsc, tscinvbit, avx, avx2, aes, erms, clmul, bmi1, bmi2, adx, fma, vzeroupper, clflush, clflushopt, rdtscp, f16c, pku
Processor Information for all 12 processors :
  Max Mhz: 4104, Current Mhz: 4104, Mhz Limit: 4104

Memory: 4k page, system-wide physical 32648M (24545M free)
TotalPageFile size 34696M (AvailPageFile size 24068M)
current process WorkingSet (physical memory assigned to process): 351M, peak: 354M
current process commit charge ("private bytes"): 500M, peak: 502M

vm_info: OpenJDK 64-Bit Server VM (21.0.2+13-LTS) for windows-amd64 JRE (21.0.2+13-LTS), built on 2024-01-10T23:18:03Z by "Administrator" with MS VC++ 16.10 / 16.11 (VS2019)

END.
